#
# A fatal error has been detected by the Java Runtime Environment:
#
#  EXCEPTION_ACCESS_VIOLATION (0xc0000005) at pc=0x000001fb1c075108, pid=19304, tid=9936
#
# JRE version: OpenJDK Runtime Environment Temurin-23.0.1+11 (23.0.1+11) (build 23.0.1+11)
# Java VM: OpenJDK 64-Bit Server VM Temurin-23.0.1+11 (23.0.1+11, mixed mode, sharing, tiered, compressed oops, compressed class ptrs, g1 gc, windows-amd64)
# Problematic frame:
# j  java.lang.invoke.DirectMethodHandle$Holder.newInvokeSpecial(Ljava/lang/Object;)Ljava/lang/Object;+15 java.base@23.0.1
#
# No core dump will be written. Minidumps are not enabled by default on client versions of Windows
#
# If you would like to submit a bug report, please visit:
#   https://github.com/adoptium/adoptium-support/issues
#

---------------  S U M M A R Y ------------

Command Line: -XX:+ShowCodeDetailsInExceptionMessages -agentlib:jdwp=transport=dt_socket,suspend=y,address=localhost:52172 -javaagent:C:\Users\AHS\eclipse\jee-2024-09\eclipse\configuration\org.eclipse.osgi\446\0\.cp\lib\javaagent-shaded.jar -Dfile.encoding=UTF-8 -Dstdout.encoding=UTF-8 -Dstderr.encoding=UTF-8 com.health.houseOfNature.HouseOfNatureApplication

Host: Intel(R) Core(TM) i5-7200U CPU @ 2.50GHz, 4 cores, 7G,  Windows 10 , 64 bit Build 19041 (10.0.19041.4957)
Time: Thu Nov 28 03:56:05 2024 Arabian Standard Time elapsed time: 577.409453 seconds (0d 0h 9m 37s)

---------------  T H R E A D  ---------------

Current thread (0x000001fb70936250):  JavaThread "restartedMain"        [_thread_in_Java, id=9936, stack(0x0000003e1a000000,0x0000003e1a100000) (1024K)]

Stack: [0x0000003e1a000000,0x0000003e1a100000],  sp=0x0000003e1a0fe0b0,  free space=1016k
Native frames: (J=compiled Java code, j=interpreted, Vv=VM code, C=native code)
C  0x000001fb1c075108  (no source info available)

The last pc belongs to invokestatic (printed below).

siginfo: EXCEPTION_ACCESS_VIOLATION (0xc0000005), reading address 0xffffffffffffffff


Registers:
RAX=0x000001fb6a9ada18, RBX=0x000001fb6a024e18, RCX=0x000001fb290111d0, RDX=0x0000000000000002
RSP=0x0000003e1a0fe0b0, RBP=0x0000003e1a0fe108, RSI=0x000001fb75a60dd8, RDI=0x000001fb72260670
R8 =0x0000000000000004, R9 =0x0000000000000004, R10=0x00007ffdce8fbae0, R11=0x000001fb291e5080
R12=0x0000000000000000, R13=0xfffffffffffffff7, R14=0x0000003e1a0fe128, R15=0x000001fb70936250
RIP=0x000001fb1c075108, EFLAGS=0x0000000000010282


Register to memory mapping:

RAX=0x000001fb6a9ada18 is pointing into metadata
RBX={method} {0x000001fb6a024e20} 'linkToSpecial' '(Ljava/lang/Object;Ljava/lang/invoke/MemberName;)V' in 'java/lang/invoke/MethodHandle'
RCX=0x000001fb290111d0 is pointing into metadata
RDX=0x0000000000000002 is an unknown value
RSP=0x0000003e1a0fe0b0 is pointing into the stack for thread: 0x000001fb70936250
RBP=0x0000003e1a0fe108 is pointing into the stack for thread: 0x000001fb70936250
RSI=0x000001fb75a60dd8 points into unknown readable memory: 0x80001dfd0e48bc48 | 48 bc 48 0e fd 1d 00 80
RDI=0x000001fb72260670 points into unknown readable memory: 0x0000001800000040 | 40 00 00 00 18 00 00 00
R8 =0x0000000000000004 is an unknown value
R9 =0x0000000000000004 is an unknown value
R10=0x00007ffdce8fbae0 jvm.dll
R11={method} {0x000001fb291e5088} 'newInvokeSpecial' '(Ljava/lang/Object;)Ljava/lang/Object;' in 'java/lang/invoke/DirectMethodHandle$Holder'
R12=0x0 is null
R13=0xfffffffffffffff7 is an unknown value
R14=0x0000003e1a0fe128 is pointing into the stack for thread: 0x000001fb70936250
R15=0x000001fb70936250 is a thread

Top of Stack: (sp=0x0000003e1a0fe0b0)
0x0000003e1a0fe0b0:   000001fb1c059054 0000000085a7bd50
0x0000003e1a0fe0c0:   fffffffffffffff7 000001fb297f12f7
0x0000003e1a0fe0d0:   0000000000000004 000001fb291e1370
0x0000003e1a0fe0e0:   000001fb6a9ada10 00000000822e1128
0x0000003e1a0fe0f0:   000001fb291e5080 0000000000000000
0x0000003e1a0fe100:   0000003e1a0fe130 0000000085a7bb10
0x0000003e1a0fe110:   000001fb1ca0348d 0000000085a7bca8
0x0000003e1a0fe120:   0000000085a7bd50 0000000085a7bd08
0x0000003e1a0fe130:   0000000085a7bd08 0000000085a7bab8
0x0000003e1a0fe140:   0000000082701990 0000000085a7bb10
0x0000003e1a0fe150:   0000000100000000 0000000085a7bb10
0x0000003e1a0fe160:   0000000085a7bd38 0000000085a7ba28
0x0000003e1a0fe170:   0000000085a7b9e0 0000000000000001
0x0000003e1a0fe180:   0000000085a7bd08 0000000000000000
0x0000003e1a0fe190:   000001fb1ca02784 0000000000000000
0x0000003e1a0fe1a0:   0000000085f362a0 000001fb1cdad1f4
0x0000003e1a0fe1b0:   0000000088cc0188 00000000827e1520
0x0000003e1a0fe1c0:   0000000000000000 000001fb1c869420
0x0000003e1a0fe1d0:   0000000000000000 0000000085a7bb10
0x0000003e1a0fe1e0:   0000000082701990 0000000085a7bb00
0x0000003e1a0fe1f0:   0000000085a7bab8 0000000082d8e928
0x0000003e1a0fe200:   0000000085f36070 82340cd888702be0
0x0000003e1a0fe210:   0000000088702be0 0000000088702be0
0x0000003e1a0fe220:   0000000085a776b0 000001fb1c9fe2f8
0x0000003e1a0fe230:   000001fb1cdac548 00000000876da3a8
0x0000003e1a0fe240:   0000000085f362a0 000001fb1c834d6a
0x0000003e1a0fe250:   0000000088cc0188 0000000088f00170
0x0000003e1a0fe260:   0000000088f00170 00000000876d84c8
0x0000003e1a0fe270:   0000000088cc0188 0000000088cc0188
0x0000003e1a0fe280:   0000000085f36070 0000000088debb08
0x0000003e1a0fe290:   0000000088debb08 000001fb154f4eb4
0x0000003e1a0fe2a0:   0000000085f36070 0000000088dec480 

Instructions: (pc=0x000001fb1c075108)
0x000001fb1c075008:   ff d0 48 83 c4 20 ff e0 49 83 7f 08 00 0f 84 05
0x000001fb1c075018:   00 00 00 e9 a0 be fd ff 4c 8b 6d c0 4c 8b 75 c8
0x000001fb1c075028:   4e 8d 74 f5 00 c3 48 8b 4d d0 41 0f b7 55 01 48
0x000001fb1c075038:   8b 49 30 6b d2 18 48 8d 4c 11 08 48 8b 19 48 8b
0x000001fb1c075048:   5b 08 48 8b 5b 08 48 8b 5b 18 80 bb 31 01 00 00
0x000001fb1c075058:   04 0f 84 0d 00 00 00 4c 3b bb 38 01 00 00 0f 85
0x000001fb1c075068:   63 fe ff ff 0f b6 51 15 48 8b 19 4c 89 6d c0 44
0x000001fb1c075078:   8b ea 0f b6 51 14 49 ba e0 ba 8f ce fd 7f 00 00
0x000001fb1c075088:   49 8b 14 d2 52 41 8b d5 4c 8b 6d c0 48 8b 45 d8
0x000001fb1c075098:   48 85 c0 0f 84 12 00 00 00 48 83 40 08 01 48 83
0x000001fb1c0750a8:   58 08 00 48 83 c0 10 48 89 45 d8 48 8b 45 d8 48
0x000001fb1c0750b8:   85 c0 0f 84 3d 01 00 00 80 78 f0 0a 0f 85 33 01
0x000001fb1c0750c8:   00 00 48 83 c0 08 4c 8b 68 f8 41 83 ed 00 41 83
0x000001fb1c0750d8:   fd 02 0f 8c 12 01 00 00 4c 8b 6b 08 45 0f b7 6d
0x000001fb1c0750e8:   2e 4c 2b 28 41 83 ed 01 4e 8b 6c ec 08 4d 85 ed
0x000001fb1c0750f8:   75 0e f6 40 08 01 75 58 f0 48 83 48 08 01 eb 50
0x000001fb1c075108:   45 8b 6d 08 49 ba 00 00 00 29 fb 01 00 00 4d 03
0x000001fb1c075118:   ea 4d 8b d5 4c 33 68 08 49 f7 c5 fc ff ff ff 74
0x000001fb1c075128:   2f 41 f6 c5 02 75 29 48 83 78 08 00 74 1e 48 83
0x000001fb1c075138:   78 08 01 74 17 4d 8b ea 4c 33 68 08 49 f7 c5 fc
0x000001fb1c075148:   ff ff ff 74 0b 48 83 48 08 02 eb 04 4c 89 68 08
0x000001fb1c075158:   48 83 c0 10 4c 8b 68 e8 41 83 ed 02 41 83 fd 02
0x000001fb1c075168:   0f 8c 84 00 00 00 4c 8b 6b 08 45 0f b7 6d 2e 4c
0x000001fb1c075178:   2b 28 41 83 ed 01 4e 8b 6c ec 08 4d 85 ed 75 0e
0x000001fb1c075188:   f6 40 08 01 75 58 f0 48 83 48 08 01 eb 50 45 8b
0x000001fb1c075198:   6d 08 49 ba 00 00 00 29 fb 01 00 00 4d 03 ea 4d
0x000001fb1c0751a8:   8b d5 4c 33 68 08 49 f7 c5 fc ff ff ff 74 2f 41
0x000001fb1c0751b8:   f6 c5 02 75 29 48 83 78 08 00 74 1e 48 83 78 08
0x000001fb1c0751c8:   01 74 17 4d 8b ea 4c 33 68 08 49 f7 c5 fc ff ff
0x000001fb1c0751d8:   ff 74 0b 48 83 48 08 02 eb 04 4c 89 68 08 48 83
0x000001fb1c0751e8:   c0 10 4c 8b 68 d8 41 83 ed 04 41 c1 e5 03 49 03
0x000001fb1c0751f8:   c5 48 89 45 d8 4c 8d 6c 24 08 49 8b cd 48 2b cd 


Stack slot to memory mapping:

stack at sp + 0 slots: 0x000001fb1c059054 is at code_begin+3476 in an Interpreter codelet
return entry points  [0x000001fb1c0582c0, 0x000001fb1c05a4c0]  8704 bytes
stack at sp + 1 slots: 0x0000000085a7bd50 is an oop: com.health.houseOfNature.controllers.DoctorController 
{0x0000000085a7bd50} - klass: 'com/health/houseOfNature/controllers/DoctorController'
 - ---- fields (total size 4 words):
 - private 'doctorRepository' 'Lcom/health/houseOfNature/repositories/DoctorRepository;' @12  null (0x00000000)
 - private 'skillsRepository' 'Lcom/health/houseOfNature/repositories/SkillsRepository;' @16  null (0x00000000)
 - private 'licenceRepository' 'Lcom/health/houseOfNature/repositories/LicenceRepository;' @20  null (0x00000000)
 - private 'doctorService' 'Lcom/health/houseOfNature/services/DoctorService;' @24  null (0x00000000)
 - private 'departmentRepository' 'Lcom/health/houseOfNature/repositories/DepartmentRepository;' @28  null (0x00000000)
stack at sp + 2 slots: 0xfffffffffffffff7 is an unknown value
stack at sp + 3 slots: 0x000001fb297f12f7 is pointing into metadata
stack at sp + 4 slots: 0x0000000000000004 is an unknown value
stack at sp + 5 slots: 0x000001fb291e1370 is pointing into metadata
stack at sp + 6 slots: 0x000001fb6a9ada10 is pointing into metadata
stack at sp + 7 slots: 0x00000000822e1128 is an oop: java.lang.Class 
{0x00000000822e1128} - klass: 'java/lang/Class'
 - ---- fields (total size 14 words):
 - private volatile transient 'classRedefinedCount' 'I' @12  0 (0x00000000)
 - injected 'klass' 'J' @16  2178238255464 (0x000001fb291e1168)
 - injected 'array_klass' 'J' @24  0 (0x0000000000000000)
 - injected 'oop_size' 'I' @32  14 (0x0000000e)
 - injected 'static_oop_field_count' 'I' @36  0 (0x00000000)
 - private volatile transient 'cachedConstructor' 'Ljava/lang/reflect/Constructor;' @40  null (0x00000000)
 - private transient 'name' 'Ljava/lang/String;' @44  null (0x00000000)
 - private transient 'module' 'Ljava/lang/Module;' @48  a 'java/lang/Module'{0x0000000082312f00} (0x82312f00)
 - private final 'classLoader' 'Ljava/lang/ClassLoader;' @52  null (0x00000000)
 - private transient 'classData' 'Ljava/lang/Object;' @56  null (0x00000000)
 - private transient 'packageName' 'Ljava/lang/String;' @60  null (0x00000000)
 - private final 'componentType' 'Ljava/lang/Class;' @64  null (0x00000000)
 - private volatile transient 'reflectionData' 'Ljava/lang/ref/SoftReference;' @68  null (0x00000000)
 - private volatile transient 'genericInfo' 'Lsun/reflect/generics/repository/ClassRepository;' @72  null (0x00000000)
 - private volatile transient 'enumConstants' '[Ljava/lang/Object;' @76  null (0x00000000)
 - private volatile transient 'enumConstantDirectory' 'Ljava/util/Map;' @80  null (0x00000000)
 - private volatile transient 'annotationData' 'Ljava/lang/Class$AnnotationData;' @84  null (0x00000000)
 - private volatile transient 'annotationType' 'Lsun/reflect/annotation/AnnotationType;' @88  null (0x00000000)
 - transient 'classValueMap' 'Ljava/lang/ClassValue$ClassValueMap;' @92  null (0x00000000)
 - injected 'protection_domain' 'Ljava/lang/Object;' @96  null (0x00000000)
 - injected 'signers_name' 'Ljava/lang/Object;' @100  null (0x00000000)
 - injected 'source_file' 'Ljava/lang/Object;' @104  null (0x00000000)
 - signature: Ljava/lang/invoke/DirectMethodHandle$Holder;
 - ---- static fields (0):

Lock stack of current Java thread (top to bottom):

invokestatic  184 invokestatic  [0x000001fb1c074e80, 0x000001fb1c075220]  928 bytes
[MachCode]
  0x000001fb1c074e80: 4883 ec08 | c5fa 1104 | 24eb 1f48 | 83ec 10c5 | fb11 0424 | eb14 4883 | ec10 4889 | 0424 48c7 
  0x000001fb1c074ea0: 4424 0800 | 0000 00eb | 0150 488b | 4dd0 410f | b755 0148 | 8b49 306b | d218 488d | 4c11 080f 
  0x000001fb1c074ec0: b659 1681 | fbb8 0000 | 000f 8474 | 0100 00bb | b800 0000 | e805 0000 | 00e9 5001 | 0000 488b 
  0x000001fb1c074ee0: d348 8d44 | 2408 4c89 | 6dc0 498b | cfc5 f877 | 4989 afb0 | 0300 0049 | 8987 a003 | 0000 4883 
  0x000001fb1c074f00: ec20 40f6 | c40f 0f84 | 1900 0000 | 4883 ec08 | 48b8 30b8 | fdcd fd7f | 0000 ffd0 | 4883 c408 
  0x000001fb1c074f20: e90c 0000 | 0048 b830 | b8fd cdfd | 7f00 00ff | d048 83c4 | 2049 c787 | a003 0000 | 0000 0000 
  0x000001fb1c074f40: 49c7 87b0 | 0300 0000 | 0000 0049 | c787 a803 | 0000 0000 | 0000 c5f8 | 7741 8b8f | 2c05 0000 
  0x000001fb1c074f60: f6c1 010f | 8442 0000 | 00f6 c102 | 0f85 3900 | 0000 4883 | ec20 40f6 | c40f 0f84 | 1900 0000 
  0x000001fb1c074f80: 4883 ec08 | 48b8 b062 | fdcd fd7f | 0000 ffd0 | 4883 c408 | e90c 0000 | 0048 b8b0 | 62fd cdfd 
  0x000001fb1c074fa0: 7f00 00ff | d048 83c4 | 20ff e049 | 8b8f d805 | 0000 4885 | c90f 8455 | 0000 008b | 899c 0000 
  0x000001fb1c074fc0: 0083 f901 | 0f85 4600 | 0000 498b | 8fd8 0500 | 008b 89a0 | 0000 0048 | 83ec 2040 | f6c4 0f0f 
  0x000001fb1c074fe0: 8419 0000 | 0048 83ec | 0848 b8a0 | 62fd cdfd | 7f00 00ff | d048 83c4 | 08e9 0c00 | 0000 48b8 
  0x000001fb1c075000: a062 fdcd | fd7f 0000 | ffd0 4883 | c420 ffe0 | 4983 7f08 | 000f 8405 | 0000 00e9 | a0be fdff 
  0x000001fb1c075020: 4c8b 6dc0 | 4c8b 75c8 | 4e8d 74f5 | 00c3 488b | 4dd0 410f | b755 0148 | 8b49 306b | d218 488d 
  0x000001fb1c075040: 4c11 0848 | 8b19 488b | 5b08 488b | 5b08 488b | 5b18 80bb | 3101 0000 | 040f 840d | 0000 004c 
  0x000001fb1c075060: 3bbb 3801 | 0000 0f85 | 63fe ffff | 0fb6 5115 | 488b 194c | 896d c044 | 8bea 0fb6 | 5114 49ba 
  0x000001fb1c075080: e0ba 8fce | fd7f 0000 | 498b 14d2 | 5241 8bd5 | 4c8b 6dc0 | 488b 45d8 | 4885 c00f | 8412 0000 
  0x000001fb1c0750a0: 0048 8340 | 0801 4883 | 5808 0048 | 83c0 1048 | 8945 d848 | 8b45 d848 | 85c0 0f84 | 3d01 0000 
  0x000001fb1c0750c0: 8078 f00a | 0f85 3301 | 0000 4883 | c008 4c8b | 68f8 4183 | ed00 4183 | fd02 0f8c | 1201 0000 
  0x000001fb1c0750e0: 4c8b 6b08 | 450f b76d | 2e4c 2b28 | 4183 ed01 | 4e8b 6cec | 084d 85ed | 750e f640 | 0801 7558 
  0x000001fb1c075100: f048 8348 | 0801 eb50 | 458b 6d08 | 49ba 0000 | 0029 fb01 | 0000 4d03 | ea4d 8bd5 | 4c33 6808 
  0x000001fb1c075120: 49f7 c5fc | ffff ff74 | 2f41 f6c5 | 0275 2948 | 8378 0800 | 741e 4883 | 7808 0174 | 174d 8bea 
  0x000001fb1c075140: 4c33 6808 | 49f7 c5fc | ffff ff74 | 0b48 8348 | 0802 eb04 | 4c89 6808 | 4883 c010 | 4c8b 68e8 
  0x000001fb1c075160: 4183 ed02 | 4183 fd02 | 0f8c 8400 | 0000 4c8b | 6b08 450f | b76d 2e4c | 2b28 4183 | ed01 4e8b 
  0x000001fb1c075180: 6cec 084d | 85ed 750e | f640 0801 | 7558 f048 | 8348 0801 | eb50 458b | 6d08 49ba | 0000 0029 
  0x000001fb1c0751a0: fb01 0000 | 4d03 ea4d | 8bd5 4c33 | 6808 49f7 | c5fc ffff | ff74 2f41 | f6c5 0275 | 2948 8378 
  0x000001fb1c0751c0: 0800 741e | 4883 7808 | 0174 174d | 8bea 4c33 | 6808 49f7 | c5fc ffff | ff74 0b48 | 8348 0802 
  0x000001fb1c0751e0: eb04 4c89 | 6808 4883 | c010 4c8b | 68d8 4183 | ed04 41c1 | e503 4903 | c548 8945 | d84c 8d6c 
  0x000001fb1c075200: 2408 498b | cd48 2bcd | 48c1 f903 | 4889 4df0 | 4180 bfe0 | 0500 0000 | 7403 ff63 | 38ff 6350 
[/MachCode]

---------------  P R O C E S S  ---------------

Threads class SMR info:
_java_thread_list=0x000001fb725bbc60, length=23, elements={
0x000001fb10c7af60, 0x000001fb28891430, 0x000001fb28892150, 0x000001fb28893d20,
0x000001fb28894780, 0x000001fb288951e0, 0x000001fb28895c40, 0x000001fb288969d0,
0x000001fb288ebdf0, 0x000001fb289880f0, 0x000001fb28acf2a0, 0x000001fb28ad2020,
0x000001fb28b408e0, 0x000001fb6e6184a0, 0x000001fb72a6e740, 0x000001fb718add00,
0x000001fb70934ea0, 0x000001fb70936250, 0x000001fb70935bc0, 0x000001fb70935530,
0x000001fb70932dd0, 0x000001fb709368e0, 0x000001fb7092f950
}

Java Threads: ( => current thread )
  0x000001fb10c7af60 JavaThread "main"                              [_thread_blocked, id=9048, stack(0x0000003e18700000,0x0000003e18800000) (1024K)]
  0x000001fb28891430 JavaThread "Reference Handler"          daemon [_thread_blocked, id=19596, stack(0x0000003e18f00000,0x0000003e19000000) (1024K)]
  0x000001fb28892150 JavaThread "Finalizer"                  daemon [_thread_blocked, id=19496, stack(0x0000003e19000000,0x0000003e19100000) (1024K)]
  0x000001fb28893d20 JavaThread "Signal Dispatcher"          daemon [_thread_blocked, id=4844, stack(0x0000003e19100000,0x0000003e19200000) (1024K)]
  0x000001fb28894780 JavaThread "Attach Listener"            daemon [_thread_blocked, id=5392, stack(0x0000003e19200000,0x0000003e19300000) (1024K)]
  0x000001fb288951e0 JavaThread "Service Thread"             daemon [_thread_blocked, id=2652, stack(0x0000003e19300000,0x0000003e19400000) (1024K)]
  0x000001fb28895c40 JavaThread "Monitor Deflation Thread"   daemon [_thread_blocked, id=17696, stack(0x0000003e19400000,0x0000003e19500000) (1024K)]
  0x000001fb288969d0 JavaThread "C2 CompilerThread0"         daemon [_thread_blocked, id=12856, stack(0x0000003e19500000,0x0000003e19600000) (1024K)]
  0x000001fb288ebdf0 JavaThread "C1 CompilerThread0"         daemon [_thread_blocked, id=11116, stack(0x0000003e19600000,0x0000003e19700000) (1024K)]
  0x000001fb289880f0 JavaThread "Common-Cleaner"             daemon [_thread_blocked, id=6424, stack(0x0000003e19700000,0x0000003e19800000) (1024K)]
  0x000001fb28acf2a0 JavaThread "JDWP Transport Listener: dt_socket" daemon [_thread_in_vm, id=18340, stack(0x0000003e19800000,0x0000003e19900000) (1024K)] _threads_hazard_ptr=0x000001fb725bbc60
  0x000001fb28ad2020 JavaThread "JDWP Event Helper Thread"   daemon [_thread_blocked, id=8884, stack(0x0000003e19900000,0x0000003e19a00000) (1024K)]
  0x000001fb28b408e0 JavaThread "JDWP Command Reader"        daemon [_thread_in_native, id=7916, stack(0x0000003e19a00000,0x0000003e19b00000) (1024K)]
  0x000001fb6e6184a0 JavaThread "Notification Thread"        daemon [_thread_blocked, id=8780, stack(0x0000003e19c00000,0x0000003e19d00000) (1024K)]
  0x000001fb72a6e740 JavaThread "mysql-cj-abandoned-connection-cleanup" daemon [_thread_blocked, id=13184, stack(0x0000003e1a100000,0x0000003e1a200000) (1024K)]
  0x000001fb718add00 JavaThread "Live Reload Server"         daemon [_thread_in_native, id=20348, stack(0x0000003e1ac00000,0x0000003e1ad00000) (1024K)]
  0x000001fb70934ea0 JavaThread "Thread-103"                        [_thread_blocked, id=2656, stack(0x0000003e18400000,0x0000003e18500000) (1024K)]
=>0x000001fb70936250 JavaThread "restartedMain"                     [_thread_in_Java, id=9936, stack(0x0000003e1a000000,0x0000003e1a100000) (1024K)]
  0x000001fb70935bc0 JavaThread "Catalina-utility-1"                [_thread_blocked, id=18160, stack(0x0000003e18500000,0x0000003e18600000) (1024K)]
  0x000001fb70935530 JavaThread "Catalina-utility-2"                [_thread_blocked, id=12708, stack(0x0000003e18600000,0x0000003e18700000) (1024K)]
  0x000001fb70932dd0 JavaThread "container-0"                       [_thread_blocked, id=11856, stack(0x0000003e19b00000,0x0000003e19c00000) (1024K)]
  0x000001fb709368e0 JavaThread "HikariPool-27 housekeeper"  daemon [_thread_blocked, id=13040, stack(0x0000003e1a200000,0x0000003e1a300000) (1024K)]
  0x000001fb7092f950 JavaThread "HikariPool-27 connection adder" daemon [_thread_blocked, id=12776, stack(0x0000003e1a300000,0x0000003e1a400000) (1024K)]
Total: 23

Other Threads:
  0x000001fb288782a0 VMThread "VM Thread"                           [id=6808, stack(0x0000003e18e00000,0x0000003e18f00000) (1024K)]
  0x000001fb28863810 WatcherThread "VM Periodic Task Thread"        [id=7688, stack(0x0000003e18d00000,0x0000003e18e00000) (1024K)]
  0x000001fb10cd2d70 WorkerThread "GC Thread#0"                     [id=3500, stack(0x0000003e18800000,0x0000003e18900000) (1024K)]
  0x000001fb6e804670 WorkerThread "GC Thread#1"                     [id=19984, stack(0x0000003e19d00000,0x0000003e19e00000) (1024K)]
  0x000001fb6e804a20 WorkerThread "GC Thread#2"                     [id=18304, stack(0x0000003e19e00000,0x0000003e19f00000) (1024K)]
  0x000001fb6e7f4a40 WorkerThread "GC Thread#3"                     [id=18904, stack(0x0000003e19f00000,0x0000003e1a000000) (1024K)]
  0x000001fb10ce7910 ConcurrentGCThread "G1 Main Marker"            [id=20016, stack(0x0000003e18900000,0x0000003e18a00000) (1024K)]
  0x000001fb10ce8420 WorkerThread "G1 Conc#0"                       [id=6396, stack(0x0000003e18a00000,0x0000003e18b00000) (1024K)]
  0x000001fb28729510 ConcurrentGCThread "G1 Refine#0"               [id=9480, stack(0x0000003e18b00000,0x0000003e18c00000) (1024K)]
  0x000001fb2872b0a0 ConcurrentGCThread "G1 Service"                [id=1800, stack(0x0000003e18c00000,0x0000003e18d00000) (1024K)]
Total: 10

Threads with active compile tasks:
Total: 0

VM state: not at safepoint (normal execution)

VM Mutex/Monitor currently owned by a thread: None

Heap address: 0x0000000081e00000, size: 2018 MB, Compressed Oops mode: 32-bit

CDS archive(s) mapped at: [0x000001fb29000000-0x000001fb29d70000-0x000001fb29d70000), size 14090240, SharedBaseAddress: 0x000001fb29000000, ArchiveRelocationMode: 1.
Compressed class space mapped at: 0x000001fb2a000000-0x000001fb6a000000, reserved size: 1073741824
Narrow klass base: 0x000001fb29000000, Narrow klass shift: 0, Narrow klass range: 0x41000000

GC Precious Log:
 CardTable entry size: 512
 Card Set container configuration: InlinePtr #cards 5 size 8 Array Of Cards #cards 10 size 36 Howl #buckets 4 coarsen threshold 1843 Howl Bitmap #cards 512 size 80 coarsen threshold 460 Card regions per heap region 1 cards per card region 2048
 CPUs: 4 total, 4 available
 Memory: 8067M
 Large Page Support: Disabled
 NUMA Support: Disabled
 Compressed Oops: Enabled (32-bit)
 Heap Region Size: 1M
 Heap Min Capacity: 8M
 Heap Initial Capacity: 128M
 Heap Max Capacity: 2018M
 Pre-touch: Disabled
 Parallel Workers: 4
 Concurrent Workers: 1
 Concurrent Refinement Workers: 4
 Periodic GC: Disabled

Heap:
 garbage-first heap   total reserved 2066432K, committed 116736K, used 90024K [0x0000000081e00000, 0x0000000100000000)
  region size 1024K, 57 young (58368K), 0 survivors (0K)
 Metaspace       used 90194K, committed 91264K, reserved 1179648K
  class space    used 10730K, committed 11200K, reserved 1048576K

Heap Regions: E=young(eden), S=young(survivor), O=old, HS=humongous(starts), HC=humongous(continues), CS=collection set, F=free, TAMS=top-at-mark-start, PB=parsable bottom
|   0|0x0000000081e00000, 0x0000000081f00000, 0x0000000081f00000|100%|HS|  |TAMS 0x0000000081e00000| PB 0x0000000081e00000| Untracked |  0
|   1|0x0000000081f00000, 0x0000000082000000, 0x0000000082000000|100%|HS|  |TAMS 0x0000000081f00000| PB 0x0000000081f00000| Untracked |  0
|   2|0x0000000082000000, 0x0000000082100000, 0x0000000082100000|100%| O|  |TAMS 0x0000000082000000| PB 0x0000000082000000| Untracked |  0
|   3|0x0000000082100000, 0x0000000082200000, 0x0000000082200000|100%| O|  |TAMS 0x0000000082100000| PB 0x0000000082100000| Untracked |  0
|   4|0x0000000082200000, 0x00000000822fffe8, 0x0000000082300000| 99%| O|  |TAMS 0x0000000082200000| PB 0x0000000082200000| Untracked |  0
|   5|0x0000000082300000, 0x0000000082400000, 0x0000000082400000|100%| O|  |TAMS 0x0000000082300000| PB 0x0000000082300000| Untracked |  0
|   6|0x0000000082400000, 0x00000000824ffff0, 0x0000000082500000| 99%| O|  |TAMS 0x0000000082400000| PB 0x0000000082400000| Untracked |  0
|   7|0x0000000082500000, 0x00000000825ff740, 0x0000000082600000| 99%| O|  |TAMS 0x0000000082500000| PB 0x0000000082500000| Untracked |  0
|   8|0x0000000082600000, 0x00000000826fffe0, 0x0000000082700000| 99%| O|  |TAMS 0x0000000082600000| PB 0x0000000082600000| Untracked |  0
|   9|0x0000000082700000, 0x00000000827fffc0, 0x0000000082800000| 99%| O|  |TAMS 0x0000000082700000| PB 0x0000000082700000| Untracked |  0
|  10|0x0000000082800000, 0x00000000828ffff8, 0x0000000082900000| 99%| O|  |TAMS 0x0000000082800000| PB 0x0000000082800000| Untracked |  0
|  11|0x0000000082900000, 0x00000000829ffff8, 0x0000000082a00000| 99%| O|  |TAMS 0x0000000082900000| PB 0x0000000082900000| Untracked |  0
|  12|0x0000000082a00000, 0x0000000082afffc8, 0x0000000082b00000| 99%| O|  |TAMS 0x0000000082a00000| PB 0x0000000082a00000| Untracked |  0
|  13|0x0000000082b00000, 0x0000000082c00000, 0x0000000082c00000|100%| O|  |TAMS 0x0000000082b00000| PB 0x0000000082b00000| Untracked |  0
|  14|0x0000000082c00000, 0x0000000082cfffe8, 0x0000000082d00000| 99%| O|  |TAMS 0x0000000082c00000| PB 0x0000000082c00000| Untracked |  0
|  15|0x0000000082d00000, 0x0000000082dfffd8, 0x0000000082e00000| 99%| O|  |TAMS 0x0000000082d00000| PB 0x0000000082d00000| Untracked |  0
|  16|0x0000000082e00000, 0x0000000082efffd8, 0x0000000082f00000| 99%| O|  |TAMS 0x0000000082e00000| PB 0x0000000082e00000| Untracked |  0
|  17|0x0000000082f00000, 0x0000000082fffff0, 0x0000000083000000| 99%| O|  |TAMS 0x0000000082f00000| PB 0x0000000082f00000| Untracked |  0
|  18|0x0000000083000000, 0x00000000830fff58, 0x0000000083100000| 99%| O|  |TAMS 0x0000000083000000| PB 0x0000000083000000| Untracked |  0
|  19|0x0000000083100000, 0x00000000831fffc0, 0x0000000083200000| 99%| O|  |TAMS 0x0000000083100000| PB 0x0000000083100000| Untracked |  0
|  20|0x0000000083200000, 0x00000000832ffff8, 0x0000000083300000| 99%| O|  |TAMS 0x0000000083200000| PB 0x0000000083200000| Untracked |  0
|  21|0x0000000083300000, 0x00000000833ffff8, 0x0000000083400000| 99%| O|  |TAMS 0x0000000083300000| PB 0x0000000083300000| Untracked |  0
|  22|0x0000000083400000, 0x00000000834ffff8, 0x0000000083500000| 99%| O|  |TAMS 0x0000000083400000| PB 0x0000000083400000| Untracked |  0
|  23|0x0000000083500000, 0x00000000835fffb8, 0x0000000083600000| 99%| O|  |TAMS 0x0000000083500000| PB 0x0000000083500000| Untracked |  0
|  24|0x0000000083600000, 0x00000000836ffff0, 0x0000000083700000| 99%| O|  |TAMS 0x0000000083600000| PB 0x0000000083600000| Untracked |  0
|  25|0x0000000083700000, 0x00000000837fffc8, 0x0000000083800000| 99%| O|  |TAMS 0x0000000083700000| PB 0x0000000083700000| Untracked |  0
|  26|0x0000000083800000, 0x00000000838fffb8, 0x0000000083900000| 99%| O|  |TAMS 0x0000000083800000| PB 0x0000000083800000| Untracked |  0
|  27|0x0000000083900000, 0x00000000839fffb8, 0x0000000083a00000| 99%| O|  |TAMS 0x0000000083900000| PB 0x0000000083900000| Untracked |  0
|  28|0x0000000083a00000, 0x0000000083affff0, 0x0000000083b00000| 99%| O|  |TAMS 0x0000000083a00000| PB 0x0000000083a00000| Untracked |  0
|  29|0x0000000083b00000, 0x0000000083c00000, 0x0000000083c00000|100%| O|  |TAMS 0x0000000083b00000| PB 0x0000000083b00000| Untracked |  0
|  30|0x0000000083c00000, 0x0000000083c6d3a8, 0x0000000083d00000| 42%| O|  |TAMS 0x0000000083c00000| PB 0x0000000083c00000| Untracked |  0
|  31|0x0000000083d00000, 0x0000000083dffff0, 0x0000000083e00000| 99%| O|  |TAMS 0x0000000083d00000| PB 0x0000000083d00000| Untracked |  0
|  32|0x0000000083e00000, 0x0000000083ee92e8, 0x0000000083f00000| 91%| O|  |TAMS 0x0000000083e00000| PB 0x0000000083e00000| Untracked |  0
|  33|0x0000000083f00000, 0x0000000083f00000, 0x0000000084000000|  0%| F|  |TAMS 0x0000000083f00000| PB 0x0000000083f00000| Untracked |  0
|  34|0x0000000084000000, 0x0000000084094808, 0x0000000084100000| 58%| O|  |TAMS 0x0000000084000000| PB 0x0000000084000000| Untracked |  0
|  35|0x0000000084100000, 0x0000000084100000, 0x0000000084200000|  0%| F|  |TAMS 0x0000000084100000| PB 0x0000000084100000| Untracked |  0
|  36|0x0000000084200000, 0x0000000084200000, 0x0000000084300000|  0%| F|  |TAMS 0x0000000084200000| PB 0x0000000084200000| Untracked |  0
|  37|0x0000000084300000, 0x0000000084300000, 0x0000000084400000|  0%| F|  |TAMS 0x0000000084300000| PB 0x0000000084300000| Untracked |  0
|  38|0x0000000084400000, 0x0000000084400000, 0x0000000084500000|  0%| F|  |TAMS 0x0000000084400000| PB 0x0000000084400000| Untracked |  0
|  39|0x0000000084500000, 0x0000000084500000, 0x0000000084600000|  0%| F|  |TAMS 0x0000000084500000| PB 0x0000000084500000| Untracked |  0
|  40|0x0000000084600000, 0x0000000084600000, 0x0000000084700000|  0%| F|  |TAMS 0x0000000084600000| PB 0x0000000084600000| Untracked |  0
|  41|0x0000000084700000, 0x0000000084700000, 0x0000000084800000|  0%| F|  |TAMS 0x0000000084700000| PB 0x0000000084700000| Untracked |  0
|  42|0x0000000084800000, 0x0000000084800000, 0x0000000084900000|  0%| F|  |TAMS 0x0000000084800000| PB 0x0000000084800000| Untracked |  0
|  43|0x0000000084900000, 0x0000000084900000, 0x0000000084a00000|  0%| F|  |TAMS 0x0000000084900000| PB 0x0000000084900000| Untracked |  0
|  44|0x0000000084a00000, 0x0000000084a00000, 0x0000000084b00000|  0%| F|  |TAMS 0x0000000084a00000| PB 0x0000000084a00000| Untracked |  0
|  45|0x0000000084b00000, 0x0000000084b00000, 0x0000000084c00000|  0%| F|  |TAMS 0x0000000084b00000| PB 0x0000000084b00000| Untracked |  0
|  46|0x0000000084c00000, 0x0000000084c00000, 0x0000000084d00000|  0%| F|  |TAMS 0x0000000084c00000| PB 0x0000000084c00000| Untracked |  0
|  47|0x0000000084d00000, 0x0000000084d00000, 0x0000000084e00000|  0%| F|  |TAMS 0x0000000084d00000| PB 0x0000000084d00000| Untracked |  0
|  48|0x0000000084e00000, 0x0000000084e00000, 0x0000000084f00000|  0%| F|  |TAMS 0x0000000084e00000| PB 0x0000000084e00000| Untracked |  0
|  49|0x0000000084f00000, 0x0000000084f00000, 0x0000000085000000|  0%| F|  |TAMS 0x0000000084f00000| PB 0x0000000084f00000| Untracked |  0
|  50|0x0000000085000000, 0x0000000085000000, 0x0000000085100000|  0%| F|  |TAMS 0x0000000085000000| PB 0x0000000085000000| Untracked |  0
|  51|0x0000000085100000, 0x0000000085100000, 0x0000000085200000|  0%| F|  |TAMS 0x0000000085100000| PB 0x0000000085100000| Untracked |  0
|  52|0x0000000085200000, 0x0000000085200000, 0x0000000085300000|  0%| F|  |TAMS 0x0000000085200000| PB 0x0000000085200000| Untracked |  0
|  53|0x0000000085300000, 0x0000000085300000, 0x0000000085400000|  0%| F|  |TAMS 0x0000000085300000| PB 0x0000000085300000| Untracked |  0
|  54|0x0000000085400000, 0x0000000085400000, 0x0000000085500000|  0%| F|  |TAMS 0x0000000085400000| PB 0x0000000085400000| Untracked |  0
|  55|0x0000000085500000, 0x0000000085500000, 0x0000000085600000|  0%| F|  |TAMS 0x0000000085500000| PB 0x0000000085500000| Untracked |  0
|  56|0x0000000085600000, 0x0000000085600000, 0x0000000085700000|  0%| F|  |TAMS 0x0000000085600000| PB 0x0000000085600000| Untracked |  0
|  57|0x0000000085700000, 0x000000008574de90, 0x0000000085800000| 30%| E|  |TAMS 0x0000000085700000| PB 0x0000000085700000| Complete |  0
|  58|0x0000000085800000, 0x0000000085900000, 0x0000000085900000|100%| E|CS|TAMS 0x0000000085800000| PB 0x0000000085800000| Complete |  0
|  59|0x0000000085900000, 0x0000000085a00000, 0x0000000085a00000|100%| E|CS|TAMS 0x0000000085900000| PB 0x0000000085900000| Complete |  0
|  60|0x0000000085a00000, 0x0000000085b00000, 0x0000000085b00000|100%| E|CS|TAMS 0x0000000085a00000| PB 0x0000000085a00000| Complete |  0
|  61|0x0000000085b00000, 0x0000000085c00000, 0x0000000085c00000|100%| E|CS|TAMS 0x0000000085b00000| PB 0x0000000085b00000| Complete |  0
|  62|0x0000000085c00000, 0x0000000085d00000, 0x0000000085d00000|100%| E|CS|TAMS 0x0000000085c00000| PB 0x0000000085c00000| Complete |  0
|  63|0x0000000085d00000, 0x0000000085e00000, 0x0000000085e00000|100%| E|CS|TAMS 0x0000000085d00000| PB 0x0000000085d00000| Complete |  0
|  64|0x0000000085e00000, 0x0000000085f00000, 0x0000000085f00000|100%| E|CS|TAMS 0x0000000085e00000| PB 0x0000000085e00000| Complete |  0
|  65|0x0000000085f00000, 0x0000000086000000, 0x0000000086000000|100%| E|CS|TAMS 0x0000000085f00000| PB 0x0000000085f00000| Complete |  0
|  66|0x0000000086000000, 0x0000000086100000, 0x0000000086100000|100%| E|CS|TAMS 0x0000000086000000| PB 0x0000000086000000| Complete |  0
|  67|0x0000000086100000, 0x0000000086200000, 0x0000000086200000|100%| E|CS|TAMS 0x0000000086100000| PB 0x0000000086100000| Complete |  0
|  68|0x0000000086200000, 0x0000000086300000, 0x0000000086300000|100%| E|CS|TAMS 0x0000000086200000| PB 0x0000000086200000| Complete |  0
|  69|0x0000000086300000, 0x0000000086400000, 0x0000000086400000|100%| E|CS|TAMS 0x0000000086300000| PB 0x0000000086300000| Complete |  0
|  70|0x0000000086400000, 0x0000000086500000, 0x0000000086500000|100%| E|CS|TAMS 0x0000000086400000| PB 0x0000000086400000| Complete |  0
|  71|0x0000000086500000, 0x0000000086600000, 0x0000000086600000|100%| E|CS|TAMS 0x0000000086500000| PB 0x0000000086500000| Complete |  0
|  72|0x0000000086600000, 0x0000000086700000, 0x0000000086700000|100%| E|CS|TAMS 0x0000000086600000| PB 0x0000000086600000| Complete |  0
|  73|0x0000000086700000, 0x0000000086800000, 0x0000000086800000|100%| E|CS|TAMS 0x0000000086700000| PB 0x0000000086700000| Complete |  0
|  74|0x0000000086800000, 0x0000000086900000, 0x0000000086900000|100%| E|  |TAMS 0x0000000086800000| PB 0x0000000086800000| Complete |  0
|  75|0x0000000086900000, 0x0000000086a00000, 0x0000000086a00000|100%| E|CS|TAMS 0x0000000086900000| PB 0x0000000086900000| Complete |  0
|  76|0x0000000086a00000, 0x0000000086b00000, 0x0000000086b00000|100%| E|CS|TAMS 0x0000000086a00000| PB 0x0000000086a00000| Complete |  0
|  77|0x0000000086b00000, 0x0000000086c00000, 0x0000000086c00000|100%| E|CS|TAMS 0x0000000086b00000| PB 0x0000000086b00000| Complete |  0
|  78|0x0000000086c00000, 0x0000000086d00000, 0x0000000086d00000|100%| E|CS|TAMS 0x0000000086c00000| PB 0x0000000086c00000| Complete |  0
|  79|0x0000000086d00000, 0x0000000086e00000, 0x0000000086e00000|100%| E|CS|TAMS 0x0000000086d00000| PB 0x0000000086d00000| Complete |  0
|  80|0x0000000086e00000, 0x0000000086f00000, 0x0000000086f00000|100%| E|CS|TAMS 0x0000000086e00000| PB 0x0000000086e00000| Complete |  0
|  81|0x0000000086f00000, 0x0000000087000000, 0x0000000087000000|100%| E|CS|TAMS 0x0000000086f00000| PB 0x0000000086f00000| Complete |  0
|  82|0x0000000087000000, 0x0000000087100000, 0x0000000087100000|100%| E|CS|TAMS 0x0000000087000000| PB 0x0000000087000000| Complete |  0
|  83|0x0000000087100000, 0x0000000087200000, 0x0000000087200000|100%| E|CS|TAMS 0x0000000087100000| PB 0x0000000087100000| Complete |  0
|  84|0x0000000087200000, 0x0000000087300000, 0x0000000087300000|100%| E|CS|TAMS 0x0000000087200000| PB 0x0000000087200000| Complete |  0
|  85|0x0000000087300000, 0x0000000087400000, 0x0000000087400000|100%| E|CS|TAMS 0x0000000087300000| PB 0x0000000087300000| Complete |  0
|  86|0x0000000087400000, 0x0000000087500000, 0x0000000087500000|100%| E|CS|TAMS 0x0000000087400000| PB 0x0000000087400000| Complete |  0
|  87|0x0000000087500000, 0x0000000087600000, 0x0000000087600000|100%| E|CS|TAMS 0x0000000087500000| PB 0x0000000087500000| Complete |  0
|  88|0x0000000087600000, 0x0000000087700000, 0x0000000087700000|100%| E|CS|TAMS 0x0000000087600000| PB 0x0000000087600000| Complete |  0
|  89|0x0000000087700000, 0x0000000087800000, 0x0000000087800000|100%| E|CS|TAMS 0x0000000087700000| PB 0x0000000087700000| Complete |  0
|  90|0x0000000087800000, 0x0000000087900000, 0x0000000087900000|100%| E|CS|TAMS 0x0000000087800000| PB 0x0000000087800000| Complete |  0
|  91|0x0000000087900000, 0x0000000087a00000, 0x0000000087a00000|100%| E|CS|TAMS 0x0000000087900000| PB 0x0000000087900000| Complete |  0
|  92|0x0000000087a00000, 0x0000000087b00000, 0x0000000087b00000|100%| E|CS|TAMS 0x0000000087a00000| PB 0x0000000087a00000| Complete |  0
|  93|0x0000000087b00000, 0x0000000087c00000, 0x0000000087c00000|100%| E|CS|TAMS 0x0000000087b00000| PB 0x0000000087b00000| Complete |  0
|  94|0x0000000087c00000, 0x0000000087d00000, 0x0000000087d00000|100%| E|CS|TAMS 0x0000000087c00000| PB 0x0000000087c00000| Complete |  0
|  95|0x0000000087d00000, 0x0000000087e00000, 0x0000000087e00000|100%| E|CS|TAMS 0x0000000087d00000| PB 0x0000000087d00000| Complete |  0
|  96|0x0000000087e00000, 0x0000000087f00000, 0x0000000087f00000|100%| E|CS|TAMS 0x0000000087e00000| PB 0x0000000087e00000| Complete |  0
|  97|0x0000000087f00000, 0x0000000088000000, 0x0000000088000000|100%| E|CS|TAMS 0x0000000087f00000| PB 0x0000000087f00000| Complete |  0
|  98|0x0000000088000000, 0x0000000088100000, 0x0000000088100000|100%| E|CS|TAMS 0x0000000088000000| PB 0x0000000088000000| Complete |  0
|  99|0x0000000088100000, 0x0000000088200000, 0x0000000088200000|100%| E|CS|TAMS 0x0000000088100000| PB 0x0000000088100000| Complete |  0
| 100|0x0000000088200000, 0x0000000088300000, 0x0000000088300000|100%| E|CS|TAMS 0x0000000088200000| PB 0x0000000088200000| Complete |  0
| 101|0x0000000088300000, 0x0000000088400000, 0x0000000088400000|100%| E|CS|TAMS 0x0000000088300000| PB 0x0000000088300000| Complete |  0
| 102|0x0000000088400000, 0x0000000088500000, 0x0000000088500000|100%| E|CS|TAMS 0x0000000088400000| PB 0x0000000088400000| Complete |  0
| 103|0x0000000088500000, 0x0000000088600000, 0x0000000088600000|100%| E|CS|TAMS 0x0000000088500000| PB 0x0000000088500000| Complete |  0
| 104|0x0000000088600000, 0x0000000088700000, 0x0000000088700000|100%| E|CS|TAMS 0x0000000088600000| PB 0x0000000088600000| Complete |  0
| 105|0x0000000088700000, 0x0000000088800000, 0x0000000088800000|100%| E|CS|TAMS 0x0000000088700000| PB 0x0000000088700000| Complete |  0
| 106|0x0000000088800000, 0x0000000088900000, 0x0000000088900000|100%| E|CS|TAMS 0x0000000088800000| PB 0x0000000088800000| Complete |  0
| 107|0x0000000088900000, 0x0000000088a00000, 0x0000000088a00000|100%| E|CS|TAMS 0x0000000088900000| PB 0x0000000088900000| Complete |  0
| 108|0x0000000088a00000, 0x0000000088b00000, 0x0000000088b00000|100%| E|CS|TAMS 0x0000000088a00000| PB 0x0000000088a00000| Complete |  0
| 109|0x0000000088b00000, 0x0000000088c00000, 0x0000000088c00000|100%| E|CS|TAMS 0x0000000088b00000| PB 0x0000000088b00000| Complete |  0
| 110|0x0000000088c00000, 0x0000000088d00000, 0x0000000088d00000|100%| E|CS|TAMS 0x0000000088c00000| PB 0x0000000088c00000| Complete |  0
| 111|0x0000000088d00000, 0x0000000088e00000, 0x0000000088e00000|100%| E|CS|TAMS 0x0000000088d00000| PB 0x0000000088d00000| Complete |  0
| 112|0x0000000088e00000, 0x0000000088f00000, 0x0000000088f00000|100%| E|CS|TAMS 0x0000000088e00000| PB 0x0000000088e00000| Complete |  0
| 113|0x0000000088f00000, 0x0000000089000000, 0x0000000089000000|100%| E|CS|TAMS 0x0000000088f00000| PB 0x0000000088f00000| Complete |  0

Card table byte_map: [0x000001fb23f20000,0x000001fb24320000] _byte_map_base: 0x000001fb23b11000

Marking Bits: (CMBitMap*) 0x000001fb10cd3480
 Bits: [0x000001fb24320000, 0x000001fb262a8000)

Polling page: 0x000001fb0eb80000

Metaspace:

Usage:
  Non-class:     77.60 MB used.
      Class:     10.48 MB used.
       Both:     88.08 MB used.

Virtual space:
  Non-class space:      128.00 MB reserved,      78.19 MB ( 61%) committed,  2 nodes.
      Class space:        1.00 GB reserved,      10.94 MB (  1%) committed,  1 nodes.
             Both:        1.12 GB reserved,      89.12 MB (  8%) committed. 

Chunk freelists:
   Non-Class:  1.45 MB
       Class:  4.95 MB
        Both:  6.41 MB

MaxMetaspaceSize: unlimited
CompressedClassSpaceSize: 1.00 GB
Initial GC threshold: 21.00 MB
Current GC threshold: 148.12 MB
CDS: on
 - commit_granule_bytes: 65536.
 - commit_granule_words: 8192.
 - virtual_space_node_default_size: 8388608.
 - enlarge_chunks_in_place: 1.
 - use_allocation_guard: 0.


Internal statistics:

num_allocs_failed_limit: 6.
num_arena_births: 1250.
num_arena_deaths: 50.
num_vsnodes_births: 3.
num_vsnodes_deaths: 0.
num_space_committed: 1426.
num_space_uncommitted: 0.
num_chunks_returned_to_freelist: 59.
num_chunks_taken_from_freelist: 4823.
num_chunk_merges: 3.
num_chunk_splits: 3170.
num_chunks_enlarged: 2256.
num_inconsistent_stats: 0.

CodeHeap 'non-profiled nmethods': size=120064Kb used=10153Kb max_used=10799Kb free=109910Kb
 bounds [0x000001fb1c5e0000, 0x000001fb1d070000, 0x000001fb23b20000]
CodeHeap 'profiled nmethods': size=120000Kb used=17487Kb max_used=19753Kb free=102512Kb
 bounds [0x000001fb14b20000, 0x000001fb15e90000, 0x000001fb1c050000]
CodeHeap 'non-nmethods': size=5696Kb used=1817Kb max_used=1987Kb free=3878Kb
 bounds [0x000001fb1c050000, 0x000001fb1c2c0000, 0x000001fb1c5e0000]
CodeCache: size=245760Kb, used=29457Kb, max_used=32539Kb, free=216300Kb
 total_blobs=12298, nmethods=11513, adapters=689, full_count=0
Compilation: enabled, stopped_count=0, restarted_count=0

Compilation events (20 events):
Event: 575.470 Thread 0x000001fb288ebdf0 18070       3       org.springframework.data.mapping.model.Property$$Lambda/0x000001fb2a8ef250::<init> (15 bytes)
Event: 575.471 Thread 0x000001fb288ebdf0 nmethod 18070 0x000001fb1524ee88 code [0x000001fb1524efa0, 0x000001fb1524f1c0]
Event: 575.471 Thread 0x000001fb288ebdf0 18071       3       org.springframework.data.mapping.model.AnnotationBasedPersistentProperty$$Lambda/0x000001fb2a8f0678::<init> (10 bytes)
Event: 575.471 Thread 0x000001fb288ebdf0 nmethod 18071 0x000001fb15071588 code [0x000001fb150716a0, 0x000001fb15071858]
Event: 575.471 Thread 0x000001fb288ebdf0 18072       3       org.springframework.data.mapping.model.AnnotationBasedPersistentProperty$$Lambda/0x000001fb2a8f08b0::<init> (10 bytes)
Event: 575.471 Thread 0x000001fb288ebdf0 nmethod 18072 0x000001fb1509a988 code [0x000001fb1509aaa0, 0x000001fb1509ac58]
Event: 575.471 Thread 0x000001fb288ebdf0 18073       3       org.springframework.data.jpa.mapping.JpaPersistentPropertyImpl::detectPropertyAccess (122 bytes)
Event: 575.474 Thread 0x000001fb288ebdf0 nmethod 18073 0x000001fb14ff5008 code [0x000001fb14ff54a0, 0x000001fb14ff8660]
Event: 575.478 Thread 0x000001fb288969d0 18074 %     4       sun.security.ec.XECOperations::pointMultiply @ 101 (383 bytes)
Event: 575.568 Thread 0x000001fb288ebdf0 18076       3       java.net.InetAddress$CachedLookup::get (24 bytes)
Event: 575.568 Thread 0x000001fb288ebdf0 nmethod 18076 0x000001fb15251108 code [0x000001fb15251240, 0x000001fb15251478]
Event: 575.661 Thread 0x000001fb288969d0 nmethod 18074% 0x000001fb1c667188 code [0x000001fb1c667560, 0x000001fb1c66c218]
Event: 575.661 Thread 0x000001fb288969d0 18075 %     4       sun.security.util.math.IntegerModuloP$MultiplicativeInverser$Default::inverse @ 36 (83 bytes)
Event: 575.666 Thread 0x000001fb288ebdf0 18078   !   3       sun.security.jca.JCAUtil::getDefSecureRandom (45 bytes)
Event: 575.667 Thread 0x000001fb288ebdf0 nmethod 18078 0x000001fb1501d788 code [0x000001fb1501d900, 0x000001fb1501dec8]
Event: 575.686 Thread 0x000001fb288969d0 nmethod 18075% 0x000001fb1c830c88 code [0x000001fb1c830e20, 0x000001fb1c831768]
Event: 575.686 Thread 0x000001fb288969d0 18077       4       sun.security.provider.SHA2::implDigest (98 bytes)
Event: 575.720 Thread 0x000001fb288969d0 nmethod 18077 0x000001fb1c859788 code [0x000001fb1c859900, 0x000001fb1c85a7f8]
Event: 575.722 Thread 0x000001fb288969d0 18079       4       java.math.BigInteger::implMontgomeryMultiplyChecks (126 bytes)
Event: 575.723 Thread 0x000001fb288969d0 nmethod 18079 0x000001fb1cd34308 code [0x000001fb1cd34420, 0x000001fb1cd34630]

GC Heap History (20 events):
Event: 551.433 GC heap before
{Heap before GC invocations=112 (full 21):
 garbage-first heap   total reserved 2066432K, committed 109568K, used 91371K [0x0000000081e00000, 0x0000000100000000)
  region size 1024K, 58 young (59392K), 0 survivors (0K)
 Metaspace       used 87219K, committed 88192K, reserved 1179648K
  class space    used 10576K, committed 11008K, reserved 1048576K
}
Event: 551.440 GC heap after
{Heap after GC invocations=113 (full 21):
 garbage-first heap   total reserved 2066432K, committed 109568K, used 37830K [0x0000000081e00000, 0x0000000100000000)
  region size 1024K, 5 young (5120K), 5 survivors (5120K)
 Metaspace       used 87219K, committed 88192K, reserved 1179648K
  class space    used 10576K, committed 11008K, reserved 1048576K
}
Event: 553.169 GC heap before
{Heap before GC invocations=113 (full 21):
 garbage-first heap   total reserved 2066432K, committed 109568K, used 55238K [0x0000000081e00000, 0x0000000100000000)
  region size 1024K, 23 young (23552K), 5 survivors (5120K)
 Metaspace       used 87310K, committed 88320K, reserved 1179648K
  class space    used 10582K, committed 11008K, reserved 1048576K
}
Event: 553.304 GC heap after
{Heap after GC invocations=114 (full 22):
 garbage-first heap   total reserved 2066432K, committed 109568K, used 32692K [0x0000000081e00000, 0x0000000100000000)
  region size 1024K, 0 young (0K), 0 survivors (0K)
 Metaspace       used 87305K, committed 88320K, reserved 1179648K
  class space    used 10581K, committed 11008K, reserved 1048576K
}
Event: 554.819 GC heap before
{Heap before GC invocations=114 (full 22):
 garbage-first heap   total reserved 2066432K, committed 109568K, used 92084K [0x0000000081e00000, 0x0000000100000000)
  region size 1024K, 59 young (60416K), 0 survivors (0K)
 Metaspace       used 87684K, committed 88704K, reserved 1179648K
  class space    used 10610K, committed 11072K, reserved 1048576K
}
Event: 554.825 GC heap after
{Heap after GC invocations=115 (full 22):
 garbage-first heap   total reserved 2066432K, committed 109568K, used 37694K [0x0000000081e00000, 0x0000000100000000)
  region size 1024K, 5 young (5120K), 5 survivors (5120K)
 Metaspace       used 87684K, committed 88704K, reserved 1179648K
  class space    used 10610K, committed 11072K, reserved 1048576K
}
Event: 560.927 GC heap before
{Heap before GC invocations=115 (full 22):
 garbage-first heap   total reserved 2066432K, committed 109568K, used 55102K [0x0000000081e00000, 0x0000000100000000)
  region size 1024K, 23 young (23552K), 5 survivors (5120K)
 Metaspace       used 87862K, committed 88960K, reserved 1179648K
  class space    used 10612K, committed 11072K, reserved 1048576K
}
Event: 561.017 GC heap after
{Heap after GC invocations=116 (full 23):
 garbage-first heap   total reserved 2066432K, committed 109568K, used 32943K [0x0000000081e00000, 0x0000000100000000)
  region size 1024K, 0 young (0K), 0 survivors (0K)
 Metaspace       used 87860K, committed 88960K, reserved 1179648K
  class space    used 10611K, committed 11072K, reserved 1048576K
}
Event: 562.544 GC heap before
{Heap before GC invocations=116 (full 23):
 garbage-first heap   total reserved 2066432K, committed 109568K, used 93359K [0x0000000081e00000, 0x0000000100000000)
  region size 1024K, 60 young (61440K), 0 survivors (0K)
 Metaspace       used 88441K, committed 89472K, reserved 1179648K
  class space    used 10638K, committed 11072K, reserved 1048576K
}
Event: 562.551 GC heap after
{Heap after GC invocations=117 (full 23):
 garbage-first heap   total reserved 2066432K, committed 161792K, used 37955K [0x0000000081e00000, 0x0000000100000000)
  region size 1024K, 5 young (5120K), 5 survivors (5120K)
 Metaspace       used 88441K, committed 89472K, reserved 1179648K
  class space    used 10638K, committed 11072K, reserved 1048576K
}
Event: 564.428 GC heap before
{Heap before GC invocations=117 (full 23):
 garbage-first heap   total reserved 2066432K, committed 161792K, used 56387K [0x0000000081e00000, 0x0000000100000000)
  region size 1024K, 24 young (24576K), 5 survivors (5120K)
 Metaspace       used 88633K, committed 89664K, reserved 1179648K
  class space    used 10642K, committed 11136K, reserved 1048576K
}
Event: 564.520 GC heap after
{Heap after GC invocations=118 (full 24):
 garbage-first heap   total reserved 2066432K, committed 116736K, used 33260K [0x0000000081e00000, 0x0000000100000000)
  region size 1024K, 0 young (0K), 0 survivors (0K)
 Metaspace       used 88631K, committed 89664K, reserved 1179648K
  class space    used 10641K, committed 11136K, reserved 1048576K
}
Event: 565.949 GC heap before
{Heap before GC invocations=118 (full 24):
 garbage-first heap   total reserved 2066432K, committed 116736K, used 97772K [0x0000000081e00000, 0x0000000100000000)
  region size 1024K, 64 young (65536K), 0 survivors (0K)
 Metaspace       used 89147K, committed 90240K, reserved 1179648K
  class space    used 10671K, committed 11136K, reserved 1048576K
}
Event: 565.956 GC heap after
{Heap after GC invocations=119 (full 24):
 garbage-first heap   total reserved 2066432K, committed 116736K, used 38841K [0x0000000081e00000, 0x0000000100000000)
  region size 1024K, 6 young (6144K), 6 survivors (6144K)
 Metaspace       used 89147K, committed 90240K, reserved 1179648K
  class space    used 10671K, committed 11136K, reserved 1048576K
}
Event: 568.013 GC heap before
{Heap before GC invocations=120 (full 24):
 garbage-first heap   total reserved 2066432K, committed 116736K, used 51129K [0x0000000081e00000, 0x0000000100000000)
  region size 1024K, 19 young (19456K), 6 survivors (6144K)
 Metaspace       used 89159K, committed 90240K, reserved 1179648K
  class space    used 10672K, committed 11136K, reserved 1048576K
}
Event: 568.136 GC heap after
{Heap after GC invocations=121 (full 25):
 garbage-first heap   total reserved 2066432K, committed 116736K, used 33428K [0x0000000081e00000, 0x0000000100000000)
  region size 1024K, 0 young (0K), 0 survivors (0K)
 Metaspace       used 89157K, committed 90240K, reserved 1179648K
  class space    used 10672K, committed 11136K, reserved 1048576K
}
Event: 570.284 GC heap before
{Heap before GC invocations=121 (full 25):
 garbage-first heap   total reserved 2066432K, committed 116736K, used 96916K [0x0000000081e00000, 0x0000000100000000)
  region size 1024K, 63 young (64512K), 0 survivors (0K)
 Metaspace       used 89763K, committed 90880K, reserved 1179648K
  class space    used 10706K, committed 11200K, reserved 1048576K
}
Event: 570.293 GC heap after
{Heap after GC invocations=122 (full 25):
 garbage-first heap   total reserved 2066432K, committed 116736K, used 39033K [0x0000000081e00000, 0x0000000100000000)
  region size 1024K, 6 young (6144K), 6 survivors (6144K)
 Metaspace       used 89763K, committed 90880K, reserved 1179648K
  class space    used 10706K, committed 11200K, reserved 1048576K
}
Event: 574.074 GC heap before
{Heap before GC invocations=122 (full 25):
 garbage-first heap   total reserved 2066432K, committed 116736K, used 51321K [0x0000000081e00000, 0x0000000100000000)
  region size 1024K, 19 young (19456K), 6 survivors (6144K)
 Metaspace       used 89863K, committed 91008K, reserved 1179648K
  class space    used 10707K, committed 11200K, reserved 1048576K
}
Event: 574.214 GC heap after
{Heap after GC invocations=123 (full 26):
 garbage-first heap   total reserved 2066432K, committed 116736K, used 33704K [0x0000000081e00000, 0x0000000100000000)
  region size 1024K, 0 young (0K), 0 survivors (0K)
 Metaspace       used 89860K, committed 91008K, reserved 1179648K
  class space    used 10707K, committed 11200K, reserved 1048576K
}

Dll operation events (12 events):
Event: 0.044 Loaded shared library C:\Users\AHS\.p2\pool\plugins\org.eclipse.justj.openjdk.hotspot.jre.full.win32.x86_64_23.0.1.v20241024-1700\jre\bin\java.dll
Event: 0.286 Loaded shared library C:\Users\AHS\.p2\pool\plugins\org.eclipse.justj.openjdk.hotspot.jre.full.win32.x86_64_23.0.1.v20241024-1700\jre\bin\zip.dll
Event: 0.487 Loaded shared library C:\Users\AHS\.p2\pool\plugins\org.eclipse.justj.openjdk.hotspot.jre.full.win32.x86_64_23.0.1.v20241024-1700\jre\bin\instrument.dll
Event: 0.513 Loaded shared library C:\Users\AHS\.p2\pool\plugins\org.eclipse.justj.openjdk.hotspot.jre.full.win32.x86_64_23.0.1.v20241024-1700\jre\bin\net.dll
Event: 0.516 Loaded shared library C:\Users\AHS\.p2\pool\plugins\org.eclipse.justj.openjdk.hotspot.jre.full.win32.x86_64_23.0.1.v20241024-1700\jre\bin\nio.dll
Event: 0.525 Loaded shared library C:\Users\AHS\.p2\pool\plugins\org.eclipse.justj.openjdk.hotspot.jre.full.win32.x86_64_23.0.1.v20241024-1700\jre\bin\zip.dll
Event: 0.806 Loaded shared library C:\Users\AHS\.p2\pool\plugins\org.eclipse.justj.openjdk.hotspot.jre.full.win32.x86_64_23.0.1.v20241024-1700\jre\bin\jimage.dll
Event: 0.884 Loaded shared library C:\Users\AHS\.p2\pool\plugins\org.eclipse.justj.openjdk.hotspot.jre.full.win32.x86_64_23.0.1.v20241024-1700\jre\bin\verify.dll
Event: 2.310 Loaded shared library C:\Users\AHS\.p2\pool\plugins\org.eclipse.justj.openjdk.hotspot.jre.full.win32.x86_64_23.0.1.v20241024-1700\jre\bin\management.dll
Event: 2.335 Loaded shared library C:\Users\AHS\.p2\pool\plugins\org.eclipse.justj.openjdk.hotspot.jre.full.win32.x86_64_23.0.1.v20241024-1700\jre\bin\management_ext.dll
Event: 9.638 Loaded shared library C:\Users\AHS\.p2\pool\plugins\org.eclipse.justj.openjdk.hotspot.jre.full.win32.x86_64_23.0.1.v20241024-1700\jre\bin\sunmscapi.dll
Event: 25.307 Loaded shared library C:\Users\AHS\.p2\pool\plugins\org.eclipse.justj.openjdk.hotspot.jre.full.win32.x86_64_23.0.1.v20241024-1700\jre\bin\extnet.dll

Deoptimization events (20 events):
Event: 575.472 Thread 0x000001fb70936250 Uncommon trap: trap_request=0xffffff97 fr.pc=0x000001fb1cc71530 relative=0x0000000000001730
Event: 575.472 Thread 0x000001fb70936250 Uncommon trap: reason=unhandled action=none pc=0x000001fb1cc71530 method=java.net.URLClassLoader.findClass(Ljava/lang/String;)Ljava/lang/Class; @ 44 c2
Event: 575.472 Thread 0x000001fb70936250 DEOPT PACKING pc=0x000001fb1cc71530 sp=0x0000003e1a0fbfe0
Event: 575.472 Thread 0x000001fb70936250 DEOPT UNPACKING pc=0x000001fb1c0a4402 sp=0x0000003e1a0fbfb0 mode 2
Event: 575.472 Thread 0x000001fb70936250 DEOPT PACKING pc=0x000001fb1cc9f8f0 sp=0x0000003e1a0fc0e0
Event: 575.472 Thread 0x000001fb70936250 DEOPT UNPACKING pc=0x000001fb1c0a4b22 sp=0x0000003e1a0fb5a0 mode 1
Event: 575.472 Thread 0x000001fb70936250 Uncommon trap: trap_request=0xffffff97 fr.pc=0x000001fb1cc71530 relative=0x0000000000001730
Event: 575.472 Thread 0x000001fb70936250 Uncommon trap: reason=unhandled action=none pc=0x000001fb1cc71530 method=java.net.URLClassLoader.findClass(Ljava/lang/String;)Ljava/lang/Class; @ 44 c2
Event: 575.472 Thread 0x000001fb70936250 DEOPT PACKING pc=0x000001fb1cc71530 sp=0x0000003e1a0fbfe0
Event: 575.472 Thread 0x000001fb70936250 DEOPT UNPACKING pc=0x000001fb1c0a4402 sp=0x0000003e1a0fbfb0 mode 2
Event: 575.472 Thread 0x000001fb70936250 DEOPT PACKING pc=0x000001fb1cc9f8f0 sp=0x0000003e1a0fc0e0
Event: 575.472 Thread 0x000001fb70936250 DEOPT UNPACKING pc=0x000001fb1c0a4b22 sp=0x0000003e1a0fb5a0 mode 1
Event: 575.472 Thread 0x000001fb70936250 Uncommon trap: trap_request=0xffffff97 fr.pc=0x000001fb1cc71530 relative=0x0000000000001730
Event: 575.472 Thread 0x000001fb70936250 Uncommon trap: reason=unhandled action=none pc=0x000001fb1cc71530 method=java.net.URLClassLoader.findClass(Ljava/lang/String;)Ljava/lang/Class; @ 44 c2
Event: 575.472 Thread 0x000001fb70936250 DEOPT PACKING pc=0x000001fb1cc71530 sp=0x0000003e1a0fbfe0
Event: 575.472 Thread 0x000001fb70936250 DEOPT UNPACKING pc=0x000001fb1c0a4402 sp=0x0000003e1a0fbfb0 mode 2
Event: 575.472 Thread 0x000001fb70936250 DEOPT PACKING pc=0x000001fb1cc9f8f0 sp=0x0000003e1a0fc0e0
Event: 575.472 Thread 0x000001fb70936250 DEOPT UNPACKING pc=0x000001fb1c0a4b22 sp=0x0000003e1a0fb5a0 mode 1
Event: 577.281 Thread 0x000001fb70936250 DEOPT PACKING pc=0x000001fb1cdc3e70 sp=0x0000003e1a0fe0f0
Event: 577.281 Thread 0x000001fb70936250 DEOPT UNPACKING pc=0x000001fb1c0a4b22 sp=0x0000003e1a0fd578 mode 0

Classes loaded (20 events):
Event: 121.739 Loading class sun/security/ssl/Alert$Level
Event: 121.739 Loading class sun/security/ssl/Alert$Level done
Event: 121.762 Loading class sun/net/ConnectionResetException
Event: 121.762 Loading class sun/net/ConnectionResetException done
Event: 122.017 Loading class java/lang/ref/Finalizer$2
Event: 122.162 Loading class java/lang/ref/Finalizer$2 done
Event: 122.162 Loading class java/lang/ref/Finalizer$1
Event: 122.162 Loading class java/lang/ref/Finalizer$1 done
Event: 125.220 Loading class java/lang/invoke/MethodHandleImpl$CountingWrapper$1
Event: 125.220 Loading class java/lang/invoke/MethodHandleImpl$CountingWrapper$1 done
Event: 195.043 Loading class java/lang/classfile/MethodModel
Event: 195.043 Loading class java/lang/classfile/CompoundElement
Event: 195.043 Loading class java/lang/classfile/CompoundElement done
Event: 195.043 Loading class java/lang/classfile/AttributedElement
Event: 195.043 Loading class java/lang/classfile/AttributedElement done
Event: 195.043 Loading class java/lang/classfile/MethodModel done
Event: 254.246 Loading class java/lang/classfile/CodeModel
Event: 254.246 Loading class java/lang/classfile/CodeModel done
Event: 260.941 Loading class java/lang/classfile/FieldModel
Event: 260.942 Loading class java/lang/classfile/FieldModel done

Classes unloaded (20 events):
Event: 190.699 Thread 0x000001fb288782a0 Unloading class 0x000001fb2aa40000 'org/apache/catalina/loader/JdbcLeakPrevention'
Event: 197.022 Thread 0x000001fb288782a0 Unloading class 0x000001fb2aa48800 'org/apache/catalina/loader/JdbcLeakPrevention'
Event: 206.407 Thread 0x000001fb288782a0 Unloading class 0x000001fb2aa51000 'org/apache/catalina/loader/JdbcLeakPrevention'
Event: 223.795 Thread 0x000001fb288782a0 Unloading class 0x000001fb2aa60000 'org/apache/catalina/loader/JdbcLeakPrevention'
Event: 241.340 Thread 0x000001fb288782a0 Unloading class 0x000001fb2aa65400 'org/apache/catalina/loader/JdbcLeakPrevention'
Event: 250.784 Thread 0x000001fb288782a0 Unloading class 0x000001fb2aa78000 'org/apache/catalina/loader/JdbcLeakPrevention'
Event: 257.221 Thread 0x000001fb288782a0 Unloading class 0x000001fb2aa80000 'org/apache/catalina/loader/JdbcLeakPrevention'
Event: 262.751 Thread 0x000001fb288782a0 Unloading class 0x000001fb2aa8c800 'org/apache/catalina/loader/JdbcLeakPrevention'
Event: 267.462 Thread 0x000001fb288782a0 Unloading class 0x000001fb2aa90800 'org/apache/catalina/loader/JdbcLeakPrevention'
Event: 273.335 Thread 0x000001fb288782a0 Unloading class 0x000001fb2aa9c800 'org/apache/catalina/loader/JdbcLeakPrevention'
Event: 278.902 Thread 0x000001fb288782a0 Unloading class 0x000001fb2aaa8800 'org/apache/catalina/loader/JdbcLeakPrevention'
Event: 284.549 Thread 0x000001fb288782a0 Unloading class 0x000001fb2aab0000 'org/apache/catalina/loader/JdbcLeakPrevention'
Event: 289.458 Thread 0x000001fb288782a0 Unloading class 0x000001fb2aab8000 'org/apache/catalina/loader/JdbcLeakPrevention'
Event: 296.349 Thread 0x000001fb288782a0 Unloading class 0x000001fb2aac0000 'org/apache/catalina/loader/JdbcLeakPrevention'
Event: 553.227 Thread 0x000001fb288782a0 Unloading class 0x000001fb2aad4000 'org/apache/catalina/loader/JdbcLeakPrevention'
Event: 553.227 Thread 0x000001fb288782a0 Unloading class 0x000001fb2aacc000 'org/apache/catalina/loader/JdbcLeakPrevention'
Event: 560.956 Thread 0x000001fb288782a0 Unloading class 0x000001fb2aad8c00 'org/apache/catalina/loader/JdbcLeakPrevention'
Event: 564.461 Thread 0x000001fb288782a0 Unloading class 0x000001fb2aae8000 'org/apache/catalina/loader/JdbcLeakPrevention'
Event: 568.046 Thread 0x000001fb288782a0 Unloading class 0x000001fb2aaf0000 'org/apache/catalina/loader/JdbcLeakPrevention'
Event: 574.143 Thread 0x000001fb288782a0 Unloading class 0x000001fb2aaf8800 'org/apache/catalina/loader/JdbcLeakPrevention'

Classes redefined (20 events):
Event: 577.351 Thread 0x000001fb288782a0 redefined class name=com.health.houseOfNature.controllers.DoctorController, count=11
Event: 577.351 Thread 0x000001fb288782a0 redefined class name=com.health.houseOfNature.controllers.DoctorController, count=17
Event: 577.351 Thread 0x000001fb288782a0 redefined class name=com.health.houseOfNature.controllers.DoctorController, count=24
Event: 577.351 Thread 0x000001fb288782a0 redefined class name=com.health.houseOfNature.controllers.DoctorController, count=1
Event: 577.351 Thread 0x000001fb288782a0 redefined class name=com.health.houseOfNature.controllers.DoctorController, count=3
Event: 577.351 Thread 0x000001fb288782a0 redefined class name=com.health.houseOfNature.controllers.DoctorController, count=10
Event: 577.351 Thread 0x000001fb288782a0 redefined class name=com.health.houseOfNature.controllers.DoctorController, count=6
Event: 577.351 Thread 0x000001fb288782a0 redefined class name=com.health.houseOfNature.controllers.DoctorController, count=30
Event: 577.351 Thread 0x000001fb288782a0 redefined class name=com.health.houseOfNature.controllers.DoctorController, count=6
Event: 577.351 Thread 0x000001fb288782a0 redefined class name=com.health.houseOfNature.controllers.DoctorController, count=22
Event: 577.351 Thread 0x000001fb288782a0 redefined class name=com.health.houseOfNature.controllers.DoctorController, count=26
Event: 577.351 Thread 0x000001fb288782a0 redefined class name=com.health.houseOfNature.controllers.DoctorController, count=30
Event: 577.351 Thread 0x000001fb288782a0 redefined class name=com.health.houseOfNature.controllers.DoctorController, count=8
Event: 577.351 Thread 0x000001fb288782a0 redefined class name=com.health.houseOfNature.controllers.DoctorController, count=13
Event: 577.351 Thread 0x000001fb288782a0 redefined class name=com.health.houseOfNature.controllers.DoctorController, count=20
Event: 577.351 Thread 0x000001fb288782a0 redefined class name=com.health.houseOfNature.controllers.DoctorController, count=22
Event: 577.351 Thread 0x000001fb288782a0 redefined class name=com.health.houseOfNature.controllers.DoctorController, count=26
Event: 577.351 Thread 0x000001fb288782a0 redefined class name=com.health.houseOfNature.controllers.DoctorController, count=30
Event: 577.351 Thread 0x000001fb288782a0 redefined class name=com.health.houseOfNature.controllers.DoctorController, count=16
Event: 577.351 Thread 0x000001fb288782a0 redefined class name=com.health.houseOfNature.controllers.DoctorController, count=23

Internal exceptions (20 events):
Event: 569.200 Thread 0x000001fb72856610 Exception <a 'java/io/FileNotFoundException'{0x00000000870c33f8}> (0x00000000870c33f8) 
thrown [s\src\hotspot\share\prims\jni.cpp, line 520]
Event: 569.227 Thread 0x000001fb72856610 Exception <a 'java/io/FileNotFoundException'{0x0000000086fceb28}> (0x0000000086fceb28) 
thrown [s\src\hotspot\share\prims\jni.cpp, line 520]
Event: 569.244 Thread 0x000001fb72856610 Exception <a 'java/io/FileNotFoundException'{0x0000000086e77c50}> (0x0000000086e77c50) 
thrown [s\src\hotspot\share\prims\jni.cpp, line 520]
Event: 574.053 Thread 0x000001fb7092ffe0 Exception <a 'java/io/IOException'{0x0000000088389410}> (0x0000000088389410) 
thrown [s\src\hotspot\share\prims\jni.cpp, line 520]
Event: 574.055 Thread 0x000001fb7092ffe0 Exception <a 'java/io/IOException'{0x000000008838a350}> (0x000000008838a350) 
thrown [s\src\hotspot\share\prims\jni.cpp, line 520]
Event: 574.057 Thread 0x000001fb7092ffe0 Exception <a 'java/net/SocketException'{0x000000008838e640}: Connection reset by peer: shutdown> (0x000000008838e640) 
thrown [s\src\hotspot\share\prims\jni.cpp, line 539]
Event: 574.059 Thread 0x000001fb7092ffe0 Exception <a 'java/io/IOException'{0x0000000088391ea0}> (0x0000000088391ea0) 
thrown [s\src\hotspot\share\prims\jni.cpp, line 520]
Event: 574.060 Thread 0x000001fb7092ffe0 Exception <a 'java/net/SocketException'{0x0000000088393cb8}: Connection reset by peer: shutdown> (0x0000000088393cb8) 
thrown [s\src\hotspot\share\prims\jni.cpp, line 539]
Event: 574.061 Thread 0x000001fb7092ffe0 Exception <a 'java/net/SocketException'{0x0000000088395168}: Connection reset by peer: shutdown> (0x0000000088395168) 
thrown [s\src\hotspot\share\prims\jni.cpp, line 539]
Event: 574.072 Thread 0x000001fb72854540 Exception <a 'java/lang/InterruptedException'{0x00000000883b3ee0}: sleep interrupted> (0x00000000883b3ee0) 
thrown [s\src\hotspot\share\prims\jvm.cpp, line 3093]
Event: 574.262 Thread 0x000001fb70936250 Exception <a 'sun/nio/fs/WindowsException'{0x0000000088f9e720}> (0x0000000088f9e720) 
thrown [s\src\hotspot\share\prims\jni.cpp, line 520]
Event: 574.764 Thread 0x000001fb70936250 Exception <a 'java/lang/NoClassDefFoundError'{0x00000000876449c0}: org/flywaydb/core/Flyway> (0x00000000876449c0) 
thrown [s\src\hotspot\share\oops\constantPool.cpp, line 867]
Event: 574.765 Thread 0x000001fb70936250 Exception <a 'java/lang/NoClassDefFoundError'{0x0000000087645020}: liquibase/integration/spring/SpringLiquibase> (0x0000000087645020) 
thrown [s\src\hotspot\share\oops\constantPool.cpp, line 867]
Event: 574.769 Thread 0x000001fb70936250 Exception <a 'java/lang/NoClassDefFoundError'{0x0000000087697048}: org/jooq/DSLContext> (0x0000000087697048) 
thrown [s\src\hotspot\share\oops\constantPool.cpp, line 867]
Event: 574.771 Thread 0x000001fb70936250 Exception <a 'java/lang/NoClassDefFoundError'{0x000000008769fe18}: org/springframework/batch/core/repository/JobRepository> (0x000000008769fe18) 
thrown [s\src\hotspot\share\oops\constantPool.cpp, line 867]
Event: 574.772 Thread 0x000001fb70936250 Exception <a 'java/lang/NoClassDefFoundError'{0x00000000876a0470}: org/quartz/Scheduler> (0x00000000876a0470) 
thrown [s\src\hotspot\share\oops\constantPool.cpp, line 867]
Event: 574.773 Thread 0x000001fb70936250 Exception <a 'java/lang/NoClassDefFoundError'{0x00000000876a0af0}: org/springframework/session/jdbc/JdbcIndexedSessionRepository> (0x00000000876a0af0) 
thrown [s\src\hotspot\share\oops\constantPool.cpp, line 867]
Event: 575.029 Thread 0x000001fb70936250 Exception <a 'java/io/FileNotFoundException'{0x00000000870aee28}> (0x00000000870aee28) 
thrown [s\src\hotspot\share\prims\jni.cpp, line 520]
Event: 575.051 Thread 0x000001fb70936250 Exception <a 'java/io/FileNotFoundException'{0x0000000086fba3d0}> (0x0000000086fba3d0) 
thrown [s\src\hotspot\share\prims\jni.cpp, line 520]
Event: 575.065 Thread 0x000001fb70936250 Exception <a 'java/io/FileNotFoundException'{0x0000000086e63de8}> (0x0000000086e63de8) 
thrown [s\src\hotspot\share\prims\jni.cpp, line 520]

VM Operations (20 events):
Event: 573.326 Executing VM operation: get/set locals
Event: 573.326 Executing VM operation: get/set locals done
Event: 574.074 Executing VM operation: G1CollectFull (System.gc())
Event: 574.214 Executing VM operation: G1CollectFull (System.gc()) done
Event: 575.494 Executing VM operation: DeoptimizeFrame
Event: 575.494 Executing VM operation: DeoptimizeFrame done
Event: 575.494 Executing VM operation: DeoptimizeFrame
Event: 575.494 Executing VM operation: DeoptimizeFrame done
Event: 575.494 Executing VM operation: DeoptimizeFrame
Event: 575.494 Executing VM operation: DeoptimizeFrame done
Event: 575.540 Executing VM operation: get/set locals
Event: 575.540 Executing VM operation: get/set locals done
Event: 577.279 Executing VM operation: ChangeSingleStep
Event: 577.279 Executing VM operation: ChangeSingleStep done
Event: 577.281 Executing VM operation: ChangeSingleStep
Event: 577.281 Executing VM operation: ChangeSingleStep done
Event: 577.317 Executing VM operation: RedefineClasses
Event: 577.398 Executing VM operation: RedefineClasses done
Event: 577.399 Executing VM operation: ChangeSingleStep
Event: 577.399 Executing VM operation: ChangeSingleStep done

Memory protections (0 events):
No events

Nmethod flushes (20 events):
Event: 568.080 Thread 0x000001fb288782a0 flushing  nmethod 0x000001fb14c70408
Event: 568.080 Thread 0x000001fb288782a0 flushing  nmethod 0x000001fb1516c188
Event: 568.080 Thread 0x000001fb288782a0 flushing  nmethod 0x000001fb1516d608
Event: 568.080 Thread 0x000001fb288782a0 flushing  nmethod 0x000001fb151a7d88
Event: 574.163 Thread 0x000001fb288782a0 flushing  nmethod 0x000001fb14e40708
Event: 574.163 Thread 0x000001fb288782a0 flushing  nmethod 0x000001fb14eafd88
Event: 574.163 Thread 0x000001fb288782a0 flushing  nmethod 0x000001fb14f3db88
Event: 574.163 Thread 0x000001fb288782a0 flushing  nmethod 0x000001fb15421208
Event: 574.163 Thread 0x000001fb288782a0 flushing  nmethod 0x000001fb15d8b188
Event: 574.163 Thread 0x000001fb288782a0 flushing  nmethod 0x000001fb15d8b888
Event: 574.163 Thread 0x000001fb288782a0 flushing  nmethod 0x000001fb14fda588
Event: 574.163 Thread 0x000001fb288782a0 flushing  nmethod 0x000001fb1526a688
Event: 574.163 Thread 0x000001fb288782a0 flushing  nmethod 0x000001fb15538188
Event: 574.163 Thread 0x000001fb288782a0 flushing  nmethod 0x000001fb15a23508
Event: 574.163 Thread 0x000001fb288782a0 flushing  nmethod 0x000001fb1c744d88
Event: 574.163 Thread 0x000001fb288782a0 flushing  nmethod 0x000001fb14b32288
Event: 574.163 Thread 0x000001fb288782a0 flushing  nmethod 0x000001fb14bfe888
Event: 574.163 Thread 0x000001fb288782a0 flushing  nmethod 0x000001fb14daaa08
Event: 574.163 Thread 0x000001fb288782a0 flushing  nmethod 0x000001fb1508c508
Event: 574.163 Thread 0x000001fb288782a0 flushing  nmethod 0x000001fb15a10808

Events (20 events):
Event: 574.043 Thread 0x000001fb718ab5a0 Thread exited: 0x000001fb718ab5a0
Event: 574.043 Thread 0x000001fb718acfe0 Thread exited: 0x000001fb718acfe0
Event: 574.044 Thread 0x000001fb7044ca60 Thread exited: 0x000001fb7044ca60
Event: 574.047 Thread 0x000001fb70934ea0 Thread added: 0x000001fb7092ffe0
Event: 574.048 Thread 0x000001fb704488c0 Thread exited: 0x000001fb704488c0
Event: 574.050 Thread 0x000001fb72855260 Thread exited: 0x000001fb72855260
Event: 574.064 Thread 0x000001fb7092ffe0 Thread exited: 0x000001fb7092ffe0
Event: 574.073 Thread 0x000001fb72854540 Thread exited: 0x000001fb72854540
Event: 574.215 Thread 0x000001fb70934ea0 Thread added: 0x000001fb709368e0
Event: 574.226 Thread 0x000001fb70934ea0 Thread added: 0x000001fb70936250
Event: 574.226 Thread 0x000001fb709368e0 Thread exited: 0x000001fb709368e0
Event: 574.275 Thread 0x000001fb7285a7b0 Thread exited: 0x000001fb7285a7b0
Event: 574.276 Thread 0x000001fb7285ae40 Thread exited: 0x000001fb7285ae40
Event: 574.348 Thread 0x000001fb70936250 Thread added: 0x000001fb70935bc0
Event: 574.461 Thread 0x000001fb70935bc0 Thread exited: 0x000001fb70935bc0
Event: 575.066 Thread 0x000001fb70936250 Thread added: 0x000001fb70935bc0
Event: 575.066 Thread 0x000001fb70936250 Thread added: 0x000001fb70935530
Event: 575.067 Thread 0x000001fb70936250 Thread added: 0x000001fb70932dd0
Event: 575.214 Thread 0x000001fb70936250 Thread added: 0x000001fb709368e0
Event: 575.318 Thread 0x000001fb709368e0 Thread added: 0x000001fb7092f950


Dynamic libraries:
0x00007ff735ae0000 - 0x00007ff735aee000 	C:\Users\AHS\.p2\pool\plugins\org.eclipse.justj.openjdk.hotspot.jre.full.win32.x86_64_23.0.1.v20241024-1700\jre\bin\javaw.exe
0x00007ffe1d450000 - 0x00007ffe1d648000 	C:\Windows\SYSTEM32\ntdll.dll
0x00007ffe1c900000 - 0x00007ffe1c9c2000 	C:\Windows\System32\KERNEL32.DLL
0x00007ffe1ab90000 - 0x00007ffe1ae8e000 	C:\Windows\System32\KERNELBASE.dll
0x00007ffe1afc0000 - 0x00007ffe1b0c0000 	C:\Windows\System32\ucrtbase.dll
0x00007ffe09130000 - 0x00007ffe09147000 	C:\Users\AHS\.p2\pool\plugins\org.eclipse.justj.openjdk.hotspot.jre.full.win32.x86_64_23.0.1.v20241024-1700\jre\bin\jli.dll
0x00007ffe03860000 - 0x00007ffe0387e000 	C:\Users\AHS\.p2\pool\plugins\org.eclipse.justj.openjdk.hotspot.jre.full.win32.x86_64_23.0.1.v20241024-1700\jre\bin\VCRUNTIME140.dll
0x00007ffe1cdd0000 - 0x00007ffe1cf6d000 	C:\Windows\System32\USER32.dll
0x00007ffe1af90000 - 0x00007ffe1afb2000 	C:\Windows\System32\win32u.dll
0x00007ffe1cc50000 - 0x00007ffe1cc7b000 	C:\Windows\System32\GDI32.dll
0x00007ffe1b0c0000 - 0x00007ffe1b1d7000 	C:\Windows\System32\gdi32full.dll
0x00007ffe1aaf0000 - 0x00007ffe1ab8d000 	C:\Windows\System32\msvcp_win.dll
0x00007ffe034c0000 - 0x00007ffe0375a000 	C:\Windows\WinSxS\amd64_microsoft.windows.common-controls_6595b64144ccf1df_6.0.19041.4355_none_60b8b9eb71f62e16\COMCTL32.dll
0x00007ffe1c9d0000 - 0x00007ffe1ca6e000 	C:\Windows\System32\msvcrt.dll
0x00007ffe1cae0000 - 0x00007ffe1cb0f000 	C:\Windows\System32\IMM32.DLL
0x00007ffe13790000 - 0x00007ffe1379c000 	C:\Users\AHS\.p2\pool\plugins\org.eclipse.justj.openjdk.hotspot.jre.full.win32.x86_64_23.0.1.v20241024-1700\jre\bin\vcruntime140_1.dll
0x00007ffde7fe0000 - 0x00007ffde806d000 	C:\Users\AHS\.p2\pool\plugins\org.eclipse.justj.openjdk.hotspot.jre.full.win32.x86_64_23.0.1.v20241024-1700\jre\bin\msvcp140.dll
0x00007ffdcdc00000 - 0x00007ffdce9cd000 	C:\Users\AHS\.p2\pool\plugins\org.eclipse.justj.openjdk.hotspot.jre.full.win32.x86_64_23.0.1.v20241024-1700\jre\bin\server\jvm.dll
0x00007ffe1cf70000 - 0x00007ffe1d022000 	C:\Windows\System32\ADVAPI32.dll
0x00007ffe1d370000 - 0x00007ffe1d410000 	C:\Windows\System32\sechost.dll
0x00007ffe1cb20000 - 0x00007ffe1cc43000 	C:\Windows\System32\RPCRT4.dll
0x00007ffe1b270000 - 0x00007ffe1b297000 	C:\Windows\System32\bcrypt.dll
0x00007ffe1d300000 - 0x00007ffe1d36b000 	C:\Windows\System32\WS2_32.dll
0x00007ffe1a4d0000 - 0x00007ffe1a51b000 	C:\Windows\SYSTEM32\POWRPROF.dll
0x00007ffe0c550000 - 0x00007ffe0c577000 	C:\Windows\SYSTEM32\WINMM.dll
0x00007ffe0db60000 - 0x00007ffe0db6a000 	C:\Windows\SYSTEM32\VERSION.dll
0x00007ffe1a460000 - 0x00007ffe1a472000 	C:\Windows\SYSTEM32\UMPDC.dll
0x00007ffe19340000 - 0x00007ffe19352000 	C:\Windows\SYSTEM32\kernel.appcore.dll
0x00007ffe10530000 - 0x00007ffe1053a000 	C:\Users\AHS\.p2\pool\plugins\org.eclipse.justj.openjdk.hotspot.jre.full.win32.x86_64_23.0.1.v20241024-1700\jre\bin\jimage.dll
0x00007ffe15820000 - 0x00007ffe15a04000 	C:\Windows\SYSTEM32\DBGHELP.DLL
0x00007ffdfeae0000 - 0x00007ffdfeb14000 	C:\Windows\SYSTEM32\dbgcore.DLL
0x00007ffe1b1e0000 - 0x00007ffe1b262000 	C:\Windows\System32\bcryptPrimitives.dll
0x00007ffe09520000 - 0x00007ffe0955c000 	C:\Users\AHS\.p2\pool\plugins\org.eclipse.justj.openjdk.hotspot.jre.full.win32.x86_64_23.0.1.v20241024-1700\jre\bin\jdwp.dll
0x00007ffe10410000 - 0x00007ffe1041f000 	C:\Users\AHS\.p2\pool\plugins\org.eclipse.justj.openjdk.hotspot.jre.full.win32.x86_64_23.0.1.v20241024-1700\jre\bin\instrument.dll
0x00007ffe09f50000 - 0x00007ffe09f6e000 	C:\Users\AHS\.p2\pool\plugins\org.eclipse.justj.openjdk.hotspot.jre.full.win32.x86_64_23.0.1.v20241024-1700\jre\bin\java.dll
0x00007ffe1cca0000 - 0x00007ffe1cdcb000 	C:\Windows\System32\ole32.dll
0x00007ffe1b750000 - 0x00007ffe1baa3000 	C:\Windows\System32\combase.dll
0x00007ffe1bb10000 - 0x00007ffe1c27f000 	C:\Windows\System32\SHELL32.dll
0x00007ffe15a10000 - 0x00007ffe161b4000 	C:\Windows\SYSTEM32\windows.storage.dll
0x00007ffe1a520000 - 0x00007ffe1a54e000 	C:\Windows\SYSTEM32\Wldp.dll
0x00007ffe1d110000 - 0x00007ffe1d1dd000 	C:\Windows\System32\OLEAUT32.dll
0x00007ffe1d250000 - 0x00007ffe1d2fd000 	C:\Windows\System32\SHCORE.dll
0x00007ffe1bab0000 - 0x00007ffe1bb05000 	C:\Windows\System32\shlwapi.dll
0x00007ffe1aa20000 - 0x00007ffe1aa44000 	C:\Windows\SYSTEM32\profapi.dll
0x00007ffe09ee0000 - 0x00007ffe09ef7000 	C:\Users\AHS\.p2\pool\plugins\org.eclipse.justj.openjdk.hotspot.jre.full.win32.x86_64_23.0.1.v20241024-1700\jre\bin\zip.dll
0x00007ffe0f4f0000 - 0x00007ffe0f4fc000 	C:\Users\AHS\.p2\pool\plugins\org.eclipse.justj.openjdk.hotspot.jre.full.win32.x86_64_23.0.1.v20241024-1700\jre\bin\dt_socket.dll
0x00007ffe19e90000 - 0x00007ffe19ecb000 	C:\Windows\SYSTEM32\IPHLPAPI.DLL
0x00007ffe1a210000 - 0x00007ffe1a27a000 	C:\Windows\system32\mswsock.dll
0x00007ffe19ed0000 - 0x00007ffe19f9a000 	C:\Windows\SYSTEM32\DNSAPI.dll
0x00007ffe1cb10000 - 0x00007ffe1cb18000 	C:\Windows\System32\NSI.dll
0x00007ffe0b1e0000 - 0x00007ffe0b1ea000 	C:\Windows\System32\rasadhlp.dll
0x00007ffe042b0000 - 0x00007ffe04330000 	C:\Windows\System32\fwpuclnt.dll
0x00007ffe104f0000 - 0x00007ffe10500000 	C:\Users\AHS\.p2\pool\plugins\org.eclipse.justj.openjdk.hotspot.jre.full.win32.x86_64_23.0.1.v20241024-1700\jre\bin\net.dll
0x00007ffe09ec0000 - 0x00007ffe09ed6000 	C:\Users\AHS\.p2\pool\plugins\org.eclipse.justj.openjdk.hotspot.jre.full.win32.x86_64_23.0.1.v20241024-1700\jre\bin\nio.dll
0x00007ffe0fd80000 - 0x00007ffe0fd90000 	C:\Users\AHS\.p2\pool\plugins\org.eclipse.justj.openjdk.hotspot.jre.full.win32.x86_64_23.0.1.v20241024-1700\jre\bin\verify.dll
0x00007ffe0a3c0000 - 0x00007ffe0a3ca000 	C:\Users\AHS\.p2\pool\plugins\org.eclipse.justj.openjdk.hotspot.jre.full.win32.x86_64_23.0.1.v20241024-1700\jre\bin\management.dll
0x00007ffe0a2b0000 - 0x00007ffe0a2bb000 	C:\Users\AHS\.p2\pool\plugins\org.eclipse.justj.openjdk.hotspot.jre.full.win32.x86_64_23.0.1.v20241024-1700\jre\bin\management_ext.dll
0x00007ffe1d240000 - 0x00007ffe1d248000 	C:\Windows\System32\PSAPI.DLL
0x00007ffe0fbd0000 - 0x00007ffe0fbde000 	C:\Users\AHS\.p2\pool\plugins\org.eclipse.justj.openjdk.hotspot.jre.full.win32.x86_64_23.0.1.v20241024-1700\jre\bin\sunmscapi.dll
0x00007ffe1b2a0000 - 0x00007ffe1b3fc000 	C:\Windows\System32\CRYPT32.dll
0x00007ffe1a590000 - 0x00007ffe1a5b7000 	C:\Windows\SYSTEM32\ncrypt.dll
0x00007ffe1a550000 - 0x00007ffe1a58b000 	C:\Windows\SYSTEM32\NTASN1.dll
0x00007ffe1a410000 - 0x00007ffe1a428000 	C:\Windows\SYSTEM32\CRYPTSP.dll
0x00007ffe19ad0000 - 0x00007ffe19b04000 	C:\Windows\system32\rsaenh.dll
0x00007ffe1a9e0000 - 0x00007ffe1aa0e000 	C:\Windows\SYSTEM32\USERENV.dll
0x00007ffe1a400000 - 0x00007ffe1a40c000 	C:\Windows\SYSTEM32\CRYPTBASE.dll
0x00007ffe0f8b0000 - 0x00007ffe0f8b9000 	C:\Users\AHS\.p2\pool\plugins\org.eclipse.justj.openjdk.hotspot.jre.full.win32.x86_64_23.0.1.v20241024-1700\jre\bin\extnet.dll
0x00007ffe0c580000 - 0x00007ffe0c587000 	C:\Windows\system32\wshunix.dll

dbghelp: loaded successfully - version: 4.0.5 - missing functions: none
symbol engine: initialized successfully - sym options: 0x614 - pdb path: .;C:\Users\AHS\.p2\pool\plugins\org.eclipse.justj.openjdk.hotspot.jre.full.win32.x86_64_23.0.1.v20241024-1700\jre\bin;C:\Windows\SYSTEM32;C:\Windows\WinSxS\amd64_microsoft.windows.common-controls_6595b64144ccf1df_6.0.19041.4355_none_60b8b9eb71f62e16;C:\Users\AHS\.p2\pool\plugins\org.eclipse.justj.openjdk.hotspot.jre.full.win32.x86_64_23.0.1.v20241024-1700\jre\bin\server

VM Arguments:
jvm_args: -XX:+ShowCodeDetailsInExceptionMessages -agentlib:jdwp=transport=dt_socket,suspend=y,address=localhost:52172 -javaagent:C:\Users\AHS\eclipse\jee-2024-09\eclipse\configuration\org.eclipse.osgi\446\0\.cp\lib\javaagent-shaded.jar -Dfile.encoding=UTF-8 -Dstdout.encoding=UTF-8 -Dstderr.encoding=UTF-8 
java_command: com.health.houseOfNature.HouseOfNatureApplication
java_class_path (initial): C:\Users\AHS\Downloads\spring initializers\houseOfNature\houseOfNature\target\classes;C:\Users\AHS\.m2\repository\org\springframework\boot\spring-boot-starter-data-jdbc\3.4.0\spring-boot-starter-data-jdbc-3.4.0.jar;C:\Users\AHS\.m2\repository\org\springframework\data\spring-data-jdbc\3.4.0\spring-data-jdbc-3.4.0.jar;C:\Users\AHS\.m2\repository\org\springframework\data\spring-data-relational\3.4.0\spring-data-relational-3.4.0.jar;C:\Users\AHS\.m2\repository\org\springframework\data\spring-data-commons\3.4.0\spring-data-commons-3.4.0.jar;C:\Users\AHS\.m2\repository\org\springframework\spring-tx\6.2.0\spring-tx-6.2.0.jar;C:\Users\AHS\.m2\repository\org\springframework\spring-context\6.2.0\spring-context-6.2.0.jar;C:\Users\AHS\.m2\repository\org\springframework\spring-beans\6.2.0\spring-beans-6.2.0.jar;C:\Users\AHS\.m2\repository\org\slf4j\slf4j-api\2.0.16\slf4j-api-2.0.16.jar;C:\Users\AHS\.m2\repository\org\springframework\boot\spring-boot-starter-data-jpa\3.4.0\spring-boot-starter-data-jpa-3.4.0.jar;C:\Users\AHS\.m2\repository\org\springframework\boot\spring-boot-starter\3.4.0\spring-boot-starter-3.4.0.jar;C:\Users\AHS\.m2\repository\org\springframework\boot\spring-boot-starter-logging\3.4.0\spring-boot-starter-logging-3.4.0.jar;C:\Users\AHS\.m2\repository\ch\qos\logback\logback-classic\1.5.12\logback-classic-1.5.12.jar;C:\Users\AHS\.m2\repository\ch\qos\logback\logback-core\1.5.12\logback-core-1.5.12.jar;C:\Users\AHS\.m2\repository\org\apache\logging\log4j\log4j-to-slf4j\2.24.1\log4j-to-slf4j-2.24.1.jar;C:\Users\AHS\.m2\repository\org\apache\logging\log4j\log4j-api\2.24.1\log4j-api-2.24.1.jar;C:\Users\AHS\.m2\repository\org\slf4j\jul-to-slf4j\2.0.16\jul-to-slf4j-2.0.16.jar;C:\Users\AHS\.m2\repository\jakarta\annotation\jakarta.annotation-api\2.1.1\jakarta.annotation-api-2.1.1.jar;C:\Users\AHS\.m2\repository\org\yaml\snakeyaml\2.3\snakeyaml-2.3.jar;C:\Users\AHS\.m2\repository\org\hibernate\orm\hibernate-core\6.6.2.Final\hibernate-core-6.6.2.Final.jar;C:\Users\AHS\.m2\repository\jakarta\persistence\jakarta.persistence-api\3.1.0\jakarta.persistence-api-3.1.0.jar;C:\Users\AHS\.m2\repository\jakarta\transaction\jakarta.transaction-api\2.0.1\jakarta.transaction-api-2.0.1.jar;C:\Users\AHS\.m2\repository\org\jboss\logging\jboss-logging\3.6.1.Final\jboss-logging-3.6.1.Final.jar;C:\Users\AHS\.m2\repository\org\hibernate\common\hibernate-commons-annotations\7.0.3.Final\hibernate-commons-annotations-7.0.3.Final.jar;C:\Users\AHS\.m2\repository\io\smallrye\jandex\3.2.0\jandex-3.2.0.jar;C:\Users\AHS\.m2\repository\com\fasterxml\classmate\1.7.0\classmate-1.7.0.jar;C:\Users\AHS\.m2\repository\net\bytebuddy\byte-buddy\1.15.10\byte-buddy-1.15.10.jar;C:\Users\AHS\.m2\repository\org\glassfish\jaxb\jaxb-runtime\4.0.5\jaxb-runtime-4.0.5.jar;C:\Users\AHS\.m2\repository\org\glassfish\jaxb\jaxb-core\4.0.5\jaxb-core-4.0.5.jar;C:\Users\AHS\.m2\repository\org\eclipse\angus\angus-activation\2.0.2\angus-activation-2.0.2.jar;C:\Users\AHS\.m2\repository\org\glassfish\jaxb\txw2\4.0.5\txw2-4.0.5.jar;C:\Users\AHS\.m2\repository\com\sun\istack\istack-commons-runtime\4.1.2\istack-commons-runtime-4.1.2.jar;C:\Users\AHS\.m2\repository\jakarta\inject\jakarta.inject-api\2.0.1\jakarta.inject-api-2.0.1.jar;C:\Users\AHS\.m2\repository\org\antlr\antlr4-runtime\4.13.0\antlr4-runtime-4.13.0.jar;C:\Users\AHS\.m2\repository\org\springframework\data\spring-data-jpa\3.4.0\spring-data-jpa-3.4.0.jar;C:\Users\AHS\.m2\repository\org\springframework\spring-orm\6.2.0\spring-orm-6.2.0.jar;C:\Users\AHS\.m2\repository\org\springframework\spring-aop\6.2.0\spring-aop-6.2.0.jar;C:\Users\AHS\.m2\repository\org\springframework\spring-aspects\6.2.0\spring-aspects-6.2.0.jar;C:\Users\AHS\.m2\repository\org\aspectj\aspectjweaver\1.9.22.1\aspectjweaver-1.9.22.1.jar;C:\Users\AHS\.m2\repository\org\springframework\boot\spring-boot-starter-jdbc\3.4.0\spring-boot-starter-jdbc-3.4.0.jar;C:\Users\AHS\.m2\repository\com\zaxxer\HikariCP\5.1.0\HikariCP-5.1.0.jar;C:\Users\AHS\.m2\repository\org\springframework\spring-jdbc\6.2.0\spring-jdbc-6.2.0.jar;C:\Users\AHS\.m2\repository\org\springframework\boot\spring-boot-starter-web\3.4.0\spring-boot-starter-web-3.4.0.jar;C:\Users\AHS\.m2\repository\org\springframework\boot\spring-boot-starter-json\3.4.0\spring-boot-starter-json-3.4.0.jar;C:\Users\AHS\.m2\repository\com\fasterxml\jackson\core\jackson-databind\2.18.1\jackson-databind-2.18.1.jar;C:\Users\AHS\.m2\repository\com\fasterxml\jackson\core\jackson-annotations\2.18.1\jackson-annotations-2.18.1.jar;C:\Users\AHS\.m2\repository\com\fasterxml\jackson\core\jackson-core\2.18.1\jackson-core-2.18.1.jar;C:\Users\AHS\.m2\repository\com\fasterxml\jackson\datatype\jackson-datatype-jdk8\2.18.1\jackson-datatype-jdk8-2.18.1.jar;C:\Users\AHS\.m2\repository\com\fasterxml\jackson\datatype\jackson-datatype-jsr310\2.18.1\jackson-datatype-jsr310-2.18.1.jar;C:\Users\AHS\.m2\repository\com\fasterxml\jackson\module\jackson-module-parameter-names\2.18.1\jackson-module-parameter-names-2.18.1.jar;C:\Users\AHS\.m2\repository\org\springframework\boot\spring-boot-starter-tomcat\3.4.0\spring-boot-starter-tomcat-3.4.0.jar;C:\Users\AHS\.m2\repository\org\apache\tomcat\embed\tomcat-embed-core\10.1.33\tomcat-embed-core-10.1.33.jar;C:\Users\AHS\.m2\repository\org\apache\tomcat\embed\tomcat-embed-el\10.1.33\tomcat-embed-el-10.1.33.jar;C:\Users\AHS\.m2\repository\org\apache\tomcat\embed\tomcat-embed-websocket\10.1.33\tomcat-embed-websocket-10.1.33.jar;C:\Users\AHS\.m2\repository\org\springframework\spring-web\6.2.0\spring-web-6.2.0.jar;C:\Users\AHS\.m2\repository\io\micrometer\micrometer-observation\1.14.1\micrometer-observation-1.14.1.jar;C:\Users\AHS\.m2\repository\io\micrometer\micrometer-commons\1.14.1\micrometer-commons-1.14.1.jar;C:\Users\AHS\.m2\repository\org\springframework\spring-webmvc\6.2.0\spring-webmvc-6.2.0.jar;C:\Users\AHS\.m2\repository\org\springframework\spring-expression\6.2.0\spring-expression-6.2.0.jar;C:\Users\AHS\.m2\repository\org\springframework\boot\spring-boot-devtools\3.4.0\spring-boot-devtools-3.4.0.jar;C:\Users\AHS\.m2\repository\org\springframework\boot\spring-boot\3.4.0\spring-boot-3.4.0.jar;C:\Users\AHS\.m2\repository\org\springframework\boot\spring-boot-autoconfigure\3.4.0\spring-boot-autoconfigure-3.4.0.jar;C:\Users\AHS\.m2\repository\com\mysql\mysql-connector-j\9.1.0\mysql-connector-j-9.1.0.jar;C:\Users\AHS\.m2\repository\org\projectlombok\lombok\1.18.36\lombok-1.18.36.jar;C:\Users\AHS\.m2\repository\jakarta\xml\bind\jakarta.xml.bind-api\4.0.2\jakarta.xml.bind-api-4.0.2.jar;C:\Users\AHS\.m2\repository\jakarta\activation\jakarta.activation-api\2.1.3\jakarta.activation-api-2.1.3.jar;C:\Users\AHS\.m2\repository\org\springframework\spring-core\6.2.0\spring-core-6.2.0.jar;C:\Users\AHS\.m2\repository\org\springframework\spring-jcl\6.2.0\spring-jcl-6.2.0.jar;C:\Users\AHS\Downloads\AssignmentSubmissionApp\target\classes;C:\Users\AHS\.m2\repository\org\springframework\boot\spring-boot-starter-security\3.4.0\spring-boot-starter-security-3.4.0.jar;C:\Users\AHS\.m2\repository\org\springframework\security\spring-security-config\6.4.1\spring-security-config-6.4.1.jar;C:\Users\AHS\.m2\repository\org\springframework\security\spring-security-web\6.4.1\spring-security-web-6.4.1.jar;C:\Users\AHS\.m2\repository\org\springframework\security\spring-security-core\6.4.1\spring-security-core-6.4.1.jar;C:\Users\AHS\.m2\repository\org\springframework\security\spring-security-crypto\6.4.1\spring-security-crypto-6.4.1.jar;C:\Users\AHS\.m2\repository\io\jsonwebtoken\jjwt\0.9.1\jjwt-0.9.1.jar;C:\Users\AHS\.m2\repository\javax\xml\bind\jaxb-api\2.3.1\jaxb-api-2.3.1.jar;C:\Users\AHS\.m2\repository\javax\activation\javax.activation-api\1.2.0\javax.activation-api-1.2.0.jar
Launcher Type: SUN_STANDARD

[Global flags]
     intx CICompilerCount                          = 3                                         {product} {ergonomic}
     uint ConcGCThreads                            = 1                                         {product} {ergonomic}
     uint G1ConcRefinementThreads                  = 4                                         {product} {ergonomic}
   size_t G1HeapRegionSize                         = 1048576                                   {product} {ergonomic}
   size_t InitialHeapSize                          = 134217728                                 {product} {ergonomic}
   size_t MarkStackSize                            = 4194304                                   {product} {ergonomic}
   size_t MarkStackSizeMax                         = 536870912                                 {product} {ergonomic}
   size_t MaxHeapSize                              = 2116026368                                {product} {ergonomic}
   size_t MaxNewSize                               = 1268776960                                {product} {ergonomic}
   size_t MinHeapDeltaBytes                        = 1048576                                   {product} {ergonomic}
   size_t MinHeapSize                              = 8388608                                   {product} {ergonomic}
    uintx NonNMethodCodeHeapSize                   = 5832704                                {pd product} {ergonomic}
    uintx NonProfiledCodeHeapSize                  = 122945536                              {pd product} {ergonomic}
    uintx ProfiledCodeHeapSize                     = 122880000                              {pd product} {ergonomic}
    uintx ReservedCodeCacheSize                    = 251658240                              {pd product} {ergonomic}
     bool SegmentedCodeCache                       = true                                      {product} {ergonomic}
     bool ShowCodeDetailsInExceptionMessages       = true                                   {manageable} {command line}
   size_t SoftMaxHeapSize                          = 2116026368                             {manageable} {ergonomic}
     bool UseCompressedOops                        = true                           {product lp64_product} {ergonomic}
     bool UseG1GC                                  = true                                      {product} {ergonomic}
     bool UseLargePagesIndividualAllocation        = false                                  {pd product} {ergonomic}

Logging:
Log output configuration:
 #0: stdout all=warning uptime,level,tags foldmultilines=false
 #1: stderr all=off uptime,level,tags foldmultilines=false

Environment Variables:
PATH=C:\Users\AHS\.p2\pool\plugins\org.eclipse.justj.openjdk.hotspot.jre.full.win32.x86_64_23.0.1.v20241024-1700\jre\bin;C:/Users/AHS/.p2/pool/plugins/org.eclipse.justj.openjdk.hotspot.jre.full.win32.x86_64_23.0.1.v20241024-1700/jre/bin/server;C:/Users/AHS/.p2/pool/plugins/org.eclipse.justj.openjdk.hotspot.jre.full.win32.x86_64_23.0.1.v20241024-1700/jre/bin;C:\Python312\Scripts\;C:\Python312\;C:\Program Files\Common Files\Oracle\Java\javapath;C:\Windows\system32;C:\Windows;C:\Windows\System32\Wbem;C:\Windows\System32\WindowsPowerShell\v1.0\;C:\Windows\System32\OpenSSH\;C:\Program Files\nodejs\;C:\ProgramData\chocolatey\bin;C:\Users\AHS\AppData\Local\Microsoft\WindowsApps;C:\Users\AHS\AppData\Local\Programs\Microsoft VS Code\bin;C:\Users\AHS\AppData\Local\Microsoft\WinGet\Packages\Schniz.fnm_Microsoft.Winget.Source_8wekyb3d8bbwe;C:\Users\AHS\AppData\Roaming\npm;C:\Users\AHS\OneDrive\Desktop;
USERNAME=AHS
OS=Windows_NT
PROCESSOR_IDENTIFIER=Intel64 Family 6 Model 142 Stepping 9, GenuineIntel
TMP=C:\Users\AHS\AppData\Local\Temp
TEMP=C:\Users\AHS\AppData\Local\Temp




Periodic native trim disabled

---------------  S Y S T E M  ---------------

OS:
 Windows 10 , 64 bit Build 19041 (10.0.19041.4957)
OS uptime: 27 days 16:15 hours

CPU: total 4 (initial active 4) (2 cores per cpu, 2 threads per core) family 6 model 142 stepping 9 microcode 0xf0, cx8, cmov, fxsr, ht, mmx, 3dnowpref, sse, sse2, sse3, ssse3, sse4.1, sse4.2, popcnt, lzcnt, tsc, tscinvbit, avx, avx2, aes, erms, clmul, bmi1, bmi2, adx, fma, vzeroupper, clflush, clflushopt, rdtscp, f16c
Processor Information for the first 4 processors :
  Max Mhz: 2712, Current Mhz: 2511, Mhz Limit: 2495

Memory: 4k page, system-wide physical 8067M (839M free)
TotalPageFile size 23512M (AvailPageFile size 3817M)
current process WorkingSet (physical memory assigned to process): 381M, peak: 395M
current process commit charge ("private bytes"): 411M, peak: 463M

vm_info: OpenJDK 64-Bit Server VM (23.0.1+11) for windows-amd64 JRE (23.0.1+11), built on 2024-10-15T00:00:00Z with MS VC++ 17.7 (VS2022)

END.
