#
# A fatal error has been detected by the Java Runtime Environment:
#
#  EXCEPTION_ACCESS_VIOLATION (0xc0000005) at pc=0x0000016be1f15108, pid=2264, tid=4488
#
# JRE version: OpenJDK Runtime Environment Temurin-23.0.1+11 (23.0.1+11) (build 23.0.1+11)
# Java VM: OpenJDK 64-Bit Server VM Temurin-23.0.1+11 (23.0.1+11, mixed mode, sharing, tiered, compressed oops, compressed class ptrs, g1 gc, windows-amd64)
# Problematic frame:
# j  java.lang.invoke.DirectMethodHandle$Holder.newInvokeSpecial(Ljava/lang/Object;)Ljava/lang/Object;+15 java.base@23.0.1
#
# No core dump will be written. Minidumps are not enabled by default on client versions of Windows
#
# If you would like to submit a bug report, please visit:
#   https://github.com/adoptium/adoptium-support/issues
#

---------------  S U M M A R Y ------------

Command Line: -XX:+ShowCodeDetailsInExceptionMessages -agentlib:jdwp=transport=dt_socket,suspend=y,address=localhost:64605 -javaagent:C:\Users\AHS\eclipse\jee-2024-09\eclipse\configuration\org.eclipse.osgi\446\0\.cp\lib\javaagent-shaded.jar -Dfile.encoding=UTF-8 -Dstdout.encoding=UTF-8 -Dstderr.encoding=UTF-8 com.health.houseOfNature.HouseOfNatureApplication

Host: Intel(R) Core(TM) i5-7200U CPU @ 2.50GHz, 4 cores, 7G,  Windows 10 , 64 bit Build 19041 (10.0.19041.4957)
Time: Thu Nov 28 03:14:35 2024 Arabian Standard Time elapsed time: 3231.330749 seconds (0d 0h 53m 51s)

---------------  T H R E A D  ---------------

Current thread (0x0000016bc9246770):  JavaThread "restartedMain"        [_thread_in_Java, id=4488, stack(0x000000255f900000,0x000000255fa00000) (1024K)]

Stack: [0x000000255f900000,0x000000255fa00000],  sp=0x000000255f9fe6a0,  free space=1017k
Native frames: (J=compiled Java code, j=interpreted, Vv=VM code, C=native code)
C  0x0000016be1f15108  (no source info available)

The last pc belongs to invokestatic (printed below).

siginfo: EXCEPTION_ACCESS_VIOLATION (0xc0000005), reading address 0xffffffffffffffff


Registers:
RAX=0x0000016bc19ac600, RBX=0x0000016bc1024fe0, RCX=0x0000016b800111d0, RDX=0x0000000000000002
RSP=0x000000255f9fe6a0, RBP=0x000000255f9fe6f8, RSI=0x0000016bc9597798, RDI=0x0000016bc88a9ee0
R8 =0x0000000000000004, R9 =0x0000000000000004, R10=0x00007ffdce8fbae0, R11=0x0000016b801e5080
R12=0x0000000000000000, R13=0xfffffffffffffff7, R14=0x000000255f9fe718, R15=0x0000016bc9246770
RIP=0x0000016be1f15108, EFLAGS=0x0000000000010282


Register to memory mapping:

RAX=0x0000016bc19ac600 is pointing into metadata
RBX={method} {0x0000016bc1024fe8} 'linkToSpecial' '(Ljava/lang/Object;Ljava/lang/invoke/MemberName;)V' in 'java/lang/invoke/MethodHandle'
RCX=0x0000016b800111d0 is pointing into metadata
RDX=0x0000000000000002 is an unknown value
RSP=0x000000255f9fe6a0 is pointing into the stack for thread: 0x0000016bc9246770
RBP=0x000000255f9fe6f8 is pointing into the stack for thread: 0x0000016bc9246770
RSI=0x0000016bc9597798 points into unknown readable memory: 0x8800717984acdf5f | 5f df ac 84 79 71 00 88
RDI=0x0000016bc88a9ee0 points into unknown readable memory: 0x0000001800000040 | 40 00 00 00 18 00 00 00
R8 =0x0000000000000004 is an unknown value
R9 =0x0000000000000004 is an unknown value
R10=0x00007ffdce8fbae0 jvm.dll
R11={method} {0x0000016b801e5088} 'newInvokeSpecial' '(Ljava/lang/Object;)Ljava/lang/Object;' in 'java/lang/invoke/DirectMethodHandle$Holder'
R12=0x0 is null
R13=0xfffffffffffffff7 is an unknown value
R14=0x000000255f9fe718 is pointing into the stack for thread: 0x0000016bc9246770
R15=0x0000016bc9246770 is a thread

Top of Stack: (sp=0x000000255f9fe6a0)
0x000000255f9fe6a0:   0000016be1ef9054 0000000085678670
0x000000255f9fe6b0:   fffffffffffffff7 0000016b807f12f7
0x000000255f9fe6c0:   0000000000000004 0000016b801e1370
0x000000255f9fe6d0:   0000016bc19ac5f8 00000000823175e0
0x000000255f9fe6e0:   0000016b801e5080 0000000000000000
0x000000255f9fe6f0:   000000255f9fe720 0000000085678440
0x000000255f9fe700:   0000016be283b5cd 00000000856785c8
0x000000255f9fe710:   0000000085678670 0000000085678628
0x000000255f9fe720:   0000000085678628 00000000856783e8
0x000000255f9fe730:   000000008272bfb0 0000000085678440
0x000000255f9fe740:   0000000100000000 0000000085678440
0x000000255f9fe750:   0000000085678658 0000000085678358
0x000000255f9fe760:   0000000085678310 0000000000000001
0x000000255f9fe770:   0000000085678628 0000000000000000
0x000000255f9fe780:   0000016be283a88c 0000000000000000
0x000000255f9fe790:   00000000821ba978 0000016be2b73ef4
0x000000255f9fe7a0:   0000000088c0f9b0 0000000085673c40
0x000000255f9fe7b0:   0000000000000000 0000000000000000
0x000000255f9fe7c0:   0000000000000000 0000000085678440
0x000000255f9fe7d0:   000000008272bfb0 0000000085678430
0x000000255f9fe7e0:   00000000856783e8 0000000082cd5168
0x000000255f9fe7f0:   0000000085b59fc8 0000000085673d40
0x000000255f9fe800:   821c5d1800000001 0000000088ce2ed0
0x000000255f9fe810:   00000020874ea6f8 06b06b24001708e0
0x000000255f9fe820:   0000016be2b73248 82e46748823fc420
0x000000255f9fe830:   00000000821ba978 0000016be2deb103
0x000000255f9fe840:   0000000082e466c0 00000019823fc438
0x000000255f9fe850:   0000000088c0f5a8 00000010cdf11e91
0x000000255f9fe860:   00000001ffffffff 0000016be99b1000
0x000000255f9fe870:   00000000821ba988 0000000085b5a1f8
0x000000255f9fe880:   00000000856783e8 0000000088ce2ed0
0x000000255f9fe890:   0000000088ce2ed0 0000000000000000 

Instructions: (pc=0x0000016be1f15108)
0x0000016be1f15008:   ff d0 48 83 c4 20 ff e0 49 83 7f 08 00 0f 84 05
0x0000016be1f15018:   00 00 00 e9 a0 be fd ff 4c 8b 6d c0 4c 8b 75 c8
0x0000016be1f15028:   4e 8d 74 f5 00 c3 48 8b 4d d0 41 0f b7 55 01 48
0x0000016be1f15038:   8b 49 30 6b d2 18 48 8d 4c 11 08 48 8b 19 48 8b
0x0000016be1f15048:   5b 08 48 8b 5b 08 48 8b 5b 18 80 bb 31 01 00 00
0x0000016be1f15058:   04 0f 84 0d 00 00 00 4c 3b bb 38 01 00 00 0f 85
0x0000016be1f15068:   63 fe ff ff 0f b6 51 15 48 8b 19 4c 89 6d c0 44
0x0000016be1f15078:   8b ea 0f b6 51 14 49 ba e0 ba 8f ce fd 7f 00 00
0x0000016be1f15088:   49 8b 14 d2 52 41 8b d5 4c 8b 6d c0 48 8b 45 d8
0x0000016be1f15098:   48 85 c0 0f 84 12 00 00 00 48 83 40 08 01 48 83
0x0000016be1f150a8:   58 08 00 48 83 c0 10 48 89 45 d8 48 8b 45 d8 48
0x0000016be1f150b8:   85 c0 0f 84 3d 01 00 00 80 78 f0 0a 0f 85 33 01
0x0000016be1f150c8:   00 00 48 83 c0 08 4c 8b 68 f8 41 83 ed 00 41 83
0x0000016be1f150d8:   fd 02 0f 8c 12 01 00 00 4c 8b 6b 08 45 0f b7 6d
0x0000016be1f150e8:   2e 4c 2b 28 41 83 ed 01 4e 8b 6c ec 08 4d 85 ed
0x0000016be1f150f8:   75 0e f6 40 08 01 75 58 f0 48 83 48 08 01 eb 50
0x0000016be1f15108:   45 8b 6d 08 49 ba 00 00 00 80 6b 01 00 00 4d 03
0x0000016be1f15118:   ea 4d 8b d5 4c 33 68 08 49 f7 c5 fc ff ff ff 74
0x0000016be1f15128:   2f 41 f6 c5 02 75 29 48 83 78 08 00 74 1e 48 83
0x0000016be1f15138:   78 08 01 74 17 4d 8b ea 4c 33 68 08 49 f7 c5 fc
0x0000016be1f15148:   ff ff ff 74 0b 48 83 48 08 02 eb 04 4c 89 68 08
0x0000016be1f15158:   48 83 c0 10 4c 8b 68 e8 41 83 ed 02 41 83 fd 02
0x0000016be1f15168:   0f 8c 84 00 00 00 4c 8b 6b 08 45 0f b7 6d 2e 4c
0x0000016be1f15178:   2b 28 41 83 ed 01 4e 8b 6c ec 08 4d 85 ed 75 0e
0x0000016be1f15188:   f6 40 08 01 75 58 f0 48 83 48 08 01 eb 50 45 8b
0x0000016be1f15198:   6d 08 49 ba 00 00 00 80 6b 01 00 00 4d 03 ea 4d
0x0000016be1f151a8:   8b d5 4c 33 68 08 49 f7 c5 fc ff ff ff 74 2f 41
0x0000016be1f151b8:   f6 c5 02 75 29 48 83 78 08 00 74 1e 48 83 78 08
0x0000016be1f151c8:   01 74 17 4d 8b ea 4c 33 68 08 49 f7 c5 fc ff ff
0x0000016be1f151d8:   ff 74 0b 48 83 48 08 02 eb 04 4c 89 68 08 48 83
0x0000016be1f151e8:   c0 10 4c 8b 68 d8 41 83 ed 04 41 c1 e5 03 49 03
0x0000016be1f151f8:   c5 48 89 45 d8 4c 8d 6c 24 08 49 8b cd 48 2b cd 


Stack slot to memory mapping:

stack at sp + 0 slots: 0x0000016be1ef9054 is at code_begin+3476 in an Interpreter codelet
return entry points  [0x0000016be1ef82c0, 0x0000016be1efa4c0]  8704 bytes
stack at sp + 1 slots: 0x0000000085678670 is an oop: com.health.houseOfNature.controllers.DoctorController 
{0x0000000085678670} - klass: 'com/health/houseOfNature/controllers/DoctorController'
 - ---- fields (total size 4 words):
 - private 'doctorRepository' 'Lcom/health/houseOfNature/repositories/DoctorRepository;' @12  null (0x00000000)
 - private 'skillsRepository' 'Lcom/health/houseOfNature/repositories/SkillsRepository;' @16  null (0x00000000)
 - private 'licenceRepository' 'Lcom/health/houseOfNature/repositories/LicenceRepository;' @20  null (0x00000000)
 - private 'doctorService' 'Lcom/health/houseOfNature/services/DoctorService;' @24  null (0x00000000)
stack at sp + 2 slots: 0xfffffffffffffff7 is an unknown value
stack at sp + 3 slots: 0x0000016b807f12f7 is pointing into metadata
stack at sp + 4 slots: 0x0000000000000004 is an unknown value
stack at sp + 5 slots: 0x0000016b801e1370 is pointing into metadata
stack at sp + 6 slots: 0x0000016bc19ac5f8 is pointing into metadata
stack at sp + 7 slots: 0x00000000823175e0 is an oop: java.lang.Class 
{0x00000000823175e0} - klass: 'java/lang/Class'
 - ---- fields (total size 14 words):
 - private volatile transient 'classRedefinedCount' 'I' @12  0 (0x00000000)
 - injected 'klass' 'J' @16  1561222582632 (0x0000016b801e1168)
 - injected 'array_klass' 'J' @24  0 (0x0000000000000000)
 - injected 'oop_size' 'I' @32  14 (0x0000000e)
 - injected 'static_oop_field_count' 'I' @36  0 (0x00000000)
 - private volatile transient 'cachedConstructor' 'Ljava/lang/reflect/Constructor;' @40  null (0x00000000)
 - private transient 'name' 'Ljava/lang/String;' @44  null (0x00000000)
 - private transient 'module' 'Ljava/lang/Module;' @48  a 'java/lang/Module'{0x0000000082300da0} (0x82300da0)
 - private final 'classLoader' 'Ljava/lang/ClassLoader;' @52  null (0x00000000)
 - private transient 'classData' 'Ljava/lang/Object;' @56  null (0x00000000)
 - private transient 'packageName' 'Ljava/lang/String;' @60  null (0x00000000)
 - private final 'componentType' 'Ljava/lang/Class;' @64  null (0x00000000)
 - private volatile transient 'reflectionData' 'Ljava/lang/ref/SoftReference;' @68  null (0x00000000)
 - private volatile transient 'genericInfo' 'Lsun/reflect/generics/repository/ClassRepository;' @72  null (0x00000000)
 - private volatile transient 'enumConstants' '[Ljava/lang/Object;' @76  null (0x00000000)
 - private volatile transient 'enumConstantDirectory' 'Ljava/util/Map;' @80  null (0x00000000)
 - private volatile transient 'annotationData' 'Ljava/lang/Class$AnnotationData;' @84  null (0x00000000)
 - private volatile transient 'annotationType' 'Lsun/reflect/annotation/AnnotationType;' @88  null (0x00000000)
 - transient 'classValueMap' 'Ljava/lang/ClassValue$ClassValueMap;' @92  null (0x00000000)
 - injected 'protection_domain' 'Ljava/lang/Object;' @96  null (0x00000000)
 - injected 'signers_name' 'Ljava/lang/Object;' @100  null (0x00000000)
 - injected 'source_file' 'Ljava/lang/Object;' @104  null (0x00000000)
 - signature: Ljava/lang/invoke/DirectMethodHandle$Holder;
 - ---- static fields (0):

Lock stack of current Java thread (top to bottom):

invokestatic  184 invokestatic  [0x0000016be1f14e80, 0x0000016be1f15220]  928 bytes
[MachCode]
  0x0000016be1f14e80: 4883 ec08 | c5fa 1104 | 24eb 1f48 | 83ec 10c5 | fb11 0424 | eb14 4883 | ec10 4889 | 0424 48c7 
  0x0000016be1f14ea0: 4424 0800 | 0000 00eb | 0150 488b | 4dd0 410f | b755 0148 | 8b49 306b | d218 488d | 4c11 080f 
  0x0000016be1f14ec0: b659 1681 | fbb8 0000 | 000f 8474 | 0100 00bb | b800 0000 | e805 0000 | 00e9 5001 | 0000 488b 
  0x0000016be1f14ee0: d348 8d44 | 2408 4c89 | 6dc0 498b | cfc5 f877 | 4989 afb0 | 0300 0049 | 8987 a003 | 0000 4883 
  0x0000016be1f14f00: ec20 40f6 | c40f 0f84 | 1900 0000 | 4883 ec08 | 48b8 30b8 | fdcd fd7f | 0000 ffd0 | 4883 c408 
  0x0000016be1f14f20: e90c 0000 | 0048 b830 | b8fd cdfd | 7f00 00ff | d048 83c4 | 2049 c787 | a003 0000 | 0000 0000 
  0x0000016be1f14f40: 49c7 87b0 | 0300 0000 | 0000 0049 | c787 a803 | 0000 0000 | 0000 c5f8 | 7741 8b8f | 2c05 0000 
  0x0000016be1f14f60: f6c1 010f | 8442 0000 | 00f6 c102 | 0f85 3900 | 0000 4883 | ec20 40f6 | c40f 0f84 | 1900 0000 
  0x0000016be1f14f80: 4883 ec08 | 48b8 b062 | fdcd fd7f | 0000 ffd0 | 4883 c408 | e90c 0000 | 0048 b8b0 | 62fd cdfd 
  0x0000016be1f14fa0: 7f00 00ff | d048 83c4 | 20ff e049 | 8b8f d805 | 0000 4885 | c90f 8455 | 0000 008b | 899c 0000 
  0x0000016be1f14fc0: 0083 f901 | 0f85 4600 | 0000 498b | 8fd8 0500 | 008b 89a0 | 0000 0048 | 83ec 2040 | f6c4 0f0f 
  0x0000016be1f14fe0: 8419 0000 | 0048 83ec | 0848 b8a0 | 62fd cdfd | 7f00 00ff | d048 83c4 | 08e9 0c00 | 0000 48b8 
  0x0000016be1f15000: a062 fdcd | fd7f 0000 | ffd0 4883 | c420 ffe0 | 4983 7f08 | 000f 8405 | 0000 00e9 | a0be fdff 
  0x0000016be1f15020: 4c8b 6dc0 | 4c8b 75c8 | 4e8d 74f5 | 00c3 488b | 4dd0 410f | b755 0148 | 8b49 306b | d218 488d 
  0x0000016be1f15040: 4c11 0848 | 8b19 488b | 5b08 488b | 5b08 488b | 5b18 80bb | 3101 0000 | 040f 840d | 0000 004c 
  0x0000016be1f15060: 3bbb 3801 | 0000 0f85 | 63fe ffff | 0fb6 5115 | 488b 194c | 896d c044 | 8bea 0fb6 | 5114 49ba 
  0x0000016be1f15080: e0ba 8fce | fd7f 0000 | 498b 14d2 | 5241 8bd5 | 4c8b 6dc0 | 488b 45d8 | 4885 c00f | 8412 0000 
  0x0000016be1f150a0: 0048 8340 | 0801 4883 | 5808 0048 | 83c0 1048 | 8945 d848 | 8b45 d848 | 85c0 0f84 | 3d01 0000 
  0x0000016be1f150c0: 8078 f00a | 0f85 3301 | 0000 4883 | c008 4c8b | 68f8 4183 | ed00 4183 | fd02 0f8c | 1201 0000 
  0x0000016be1f150e0: 4c8b 6b08 | 450f b76d | 2e4c 2b28 | 4183 ed01 | 4e8b 6cec | 084d 85ed | 750e f640 | 0801 7558 
  0x0000016be1f15100: f048 8348 | 0801 eb50 | 458b 6d08 | 49ba 0000 | 0080 6b01 | 0000 4d03 | ea4d 8bd5 | 4c33 6808 
  0x0000016be1f15120: 49f7 c5fc | ffff ff74 | 2f41 f6c5 | 0275 2948 | 8378 0800 | 741e 4883 | 7808 0174 | 174d 8bea 
  0x0000016be1f15140: 4c33 6808 | 49f7 c5fc | ffff ff74 | 0b48 8348 | 0802 eb04 | 4c89 6808 | 4883 c010 | 4c8b 68e8 
  0x0000016be1f15160: 4183 ed02 | 4183 fd02 | 0f8c 8400 | 0000 4c8b | 6b08 450f | b76d 2e4c | 2b28 4183 | ed01 4e8b 
  0x0000016be1f15180: 6cec 084d | 85ed 750e | f640 0801 | 7558 f048 | 8348 0801 | eb50 458b | 6d08 49ba | 0000 0080 
  0x0000016be1f151a0: 6b01 0000 | 4d03 ea4d | 8bd5 4c33 | 6808 49f7 | c5fc ffff | ff74 2f41 | f6c5 0275 | 2948 8378 
  0x0000016be1f151c0: 0800 741e | 4883 7808 | 0174 174d | 8bea 4c33 | 6808 49f7 | c5fc ffff | ff74 0b48 | 8348 0802 
  0x0000016be1f151e0: eb04 4c89 | 6808 4883 | c010 4c8b | 68d8 4183 | ed04 41c1 | e503 4903 | c548 8945 | d84c 8d6c 
  0x0000016be1f15200: 2408 498b | cd48 2bcd | 48c1 f903 | 4889 4df0 | 4180 bfe0 | 0500 0000 | 7403 ff63 | 38ff 6350 
[/MachCode]

---------------  P R O C E S S  ---------------

Threads class SMR info:
_java_thread_list=0x0000016bc6ba3680, length=22, elements={
0x0000016bd479a730, 0x0000016bee742920, 0x0000016bee746660, 0x0000016bee748230,
0x0000016bee748c90, 0x0000016bee7496f0, 0x0000016bee74a150, 0x0000016bee74aee0,
0x0000016bee76d500, 0x0000016bc50a1310, 0x0000016bc51dc310, 0x0000016bc51e51c0,
0x0000016bc51f17d0, 0x0000016bc5a25eb0, 0x0000016bc6ce8ff0, 0x0000016bc64dc350,
0x0000016bc92453c0, 0x0000016bc9246770, 0x0000016bc924a280, 0x0000016bcbe83600,
0x0000016bcbe7da20, 0x0000016bcbe7e0b0
}

Java Threads: ( => current thread )
  0x0000016bd479a730 JavaThread "main"                              [_thread_blocked, id=7768, stack(0x000000255df00000,0x000000255e000000) (1024K)]
  0x0000016bee742920 JavaThread "Reference Handler"          daemon [_thread_blocked, id=17692, stack(0x000000255e700000,0x000000255e800000) (1024K)]
  0x0000016bee746660 JavaThread "Finalizer"                  daemon [_thread_blocked, id=16028, stack(0x000000255e800000,0x000000255e900000) (1024K)]
  0x0000016bee748230 JavaThread "Signal Dispatcher"          daemon [_thread_blocked, id=4848, stack(0x000000255e900000,0x000000255ea00000) (1024K)]
  0x0000016bee748c90 JavaThread "Attach Listener"            daemon [_thread_blocked, id=14420, stack(0x000000255ea00000,0x000000255eb00000) (1024K)]
  0x0000016bee7496f0 JavaThread "Service Thread"             daemon [_thread_blocked, id=19324, stack(0x000000255eb00000,0x000000255ec00000) (1024K)]
  0x0000016bee74a150 JavaThread "Monitor Deflation Thread"   daemon [_thread_blocked, id=15220, stack(0x000000255ec00000,0x000000255ed00000) (1024K)]
  0x0000016bee74aee0 JavaThread "C2 CompilerThread0"         daemon [_thread_blocked, id=13172, stack(0x000000255ed00000,0x000000255ee00000) (1024K)]
  0x0000016bee76d500 JavaThread "C1 CompilerThread0"         daemon [_thread_blocked, id=3948, stack(0x000000255ee00000,0x000000255ef00000) (1024K)]
  0x0000016bc50a1310 JavaThread "Common-Cleaner"             daemon [_thread_blocked, id=3180, stack(0x000000255ef00000,0x000000255f000000) (1024K)]
  0x0000016bc51dc310 JavaThread "JDWP Transport Listener: dt_socket" daemon [_thread_blocked, id=7408, stack(0x000000255f000000,0x000000255f100000) (1024K)]
  0x0000016bc51e51c0 JavaThread "JDWP Event Helper Thread"   daemon [_thread_blocked, id=6444, stack(0x000000255f100000,0x000000255f200000) (1024K)]
  0x0000016bc51f17d0 JavaThread "JDWP Command Reader"        daemon [_thread_in_native, id=17192, stack(0x000000255f200000,0x000000255f300000) (1024K)]
  0x0000016bc5a25eb0 JavaThread "Notification Thread"        daemon [_thread_blocked, id=9992, stack(0x000000255f400000,0x000000255f500000) (1024K)]
  0x0000016bc6ce8ff0 JavaThread "mysql-cj-abandoned-connection-cleanup" daemon [_thread_blocked, id=15952, stack(0x000000255fd00000,0x000000255fe00000) (1024K)]
  0x0000016bc64dc350 JavaThread "Live Reload Server"         daemon [_thread_in_native, id=9296, stack(0x0000002560300000,0x0000002560400000) (1024K)]
  0x0000016bc92453c0 JavaThread "Thread-143"                        [_thread_blocked, id=1072, stack(0x000000255dc00000,0x000000255dd00000) (1024K)]
=>0x0000016bc9246770 JavaThread "restartedMain"                     [_thread_in_Java, id=4488, stack(0x000000255f900000,0x000000255fa00000) (1024K)]
  0x0000016bc924a280 JavaThread "Catalina-utility-1"                [_thread_blocked, id=8736, stack(0x000000255dd00000,0x000000255de00000) (1024K)]
  0x0000016bcbe83600 JavaThread "Catalina-utility-2"                [_thread_blocked, id=4140, stack(0x000000255f700000,0x000000255f800000) (1024K)]
  0x0000016bcbe7da20 JavaThread "container-0"                       [_thread_blocked, id=13080, stack(0x000000255f800000,0x000000255f900000) (1024K)]
  0x0000016bcbe7e0b0 JavaThread "HikariPool-37 housekeeper"  daemon [_thread_blocked, id=7420, stack(0x000000255fa00000,0x000000255fb00000) (1024K)]
Total: 22

Other Threads:
  0x0000016bee725b60 VMThread "VM Thread"                           [id=6452, stack(0x000000255e600000,0x000000255e700000) (1024K)]
  0x0000016bee70e440 WatcherThread "VM Periodic Task Thread"        [id=2312, stack(0x000000255e500000,0x000000255e600000) (1024K)]
  0x0000016bd6b70fe0 WorkerThread "GC Thread#0"                     [id=13384, stack(0x000000255e000000,0x000000255e100000) (1024K)]
  0x0000016bc5ca4be0 WorkerThread "GC Thread#1"                     [id=3304, stack(0x000000255f300000,0x000000255f400000) (1024K)]
  0x0000016bc5ca4f90 WorkerThread "GC Thread#2"                     [id=5568, stack(0x000000255f500000,0x000000255f600000) (1024K)]
  0x0000016bc5ca5b20 WorkerThread "GC Thread#3"                     [id=18484, stack(0x000000255f600000,0x000000255f700000) (1024K)]
  0x0000016bd6b864d0 ConcurrentGCThread "G1 Main Marker"            [id=8236, stack(0x000000255e100000,0x000000255e200000) (1024K)]
  0x0000016bd6b86fe0 WorkerThread "G1 Conc#0"                       [id=11276, stack(0x000000255e200000,0x000000255e300000) (1024K)]
  0x0000016bd6bde8a0 ConcurrentGCThread "G1 Refine#0"               [id=17820, stack(0x000000255e300000,0x000000255e400000) (1024K)]
  0x0000016bee5d5ad0 ConcurrentGCThread "G1 Service"                [id=13672, stack(0x000000255e400000,0x000000255e500000) (1024K)]
Total: 10

Threads with active compile tasks:
Total: 0

VM state: not at safepoint (normal execution)

VM Mutex/Monitor currently owned by a thread: None

Heap address: 0x0000000081e00000, size: 2018 MB, Compressed Oops mode: 32-bit

CDS archive(s) mapped at: [0x0000016b80000000-0x0000016b80d70000-0x0000016b80d70000), size 14090240, SharedBaseAddress: 0x0000016b80000000, ArchiveRelocationMode: 1.
Compressed class space mapped at: 0x0000016b81000000-0x0000016bc1000000, reserved size: 1073741824
Narrow klass base: 0x0000016b80000000, Narrow klass shift: 0, Narrow klass range: 0x41000000

GC Precious Log:
 CardTable entry size: 512
 Card Set container configuration: InlinePtr #cards 5 size 8 Array Of Cards #cards 10 size 36 Howl #buckets 4 coarsen threshold 1843 Howl Bitmap #cards 512 size 80 coarsen threshold 460 Card regions per heap region 1 cards per card region 2048
 CPUs: 4 total, 4 available
 Memory: 8067M
 Large Page Support: Disabled
 NUMA Support: Disabled
 Compressed Oops: Enabled (32-bit)
 Heap Region Size: 1M
 Heap Min Capacity: 8M
 Heap Initial Capacity: 128M
 Heap Max Capacity: 2018M
 Pre-touch: Disabled
 Parallel Workers: 4
 Concurrent Workers: 1
 Concurrent Refinement Workers: 4
 Periodic GC: Disabled

Heap:
 garbage-first heap   total reserved 2066432K, committed 116736K, used 93024K [0x0000000081e00000, 0x0000000100000000)
  region size 1024K, 60 young (61440K), 0 survivors (0K)
 Metaspace       used 98409K, committed 99520K, reserved 1179648K
  class space    used 11604K, committed 12096K, reserved 1048576K

Heap Regions: E=young(eden), S=young(survivor), O=old, HS=humongous(starts), HC=humongous(continues), CS=collection set, F=free, TAMS=top-at-mark-start, PB=parsable bottom
|   0|0x0000000081e00000, 0x0000000081f00000, 0x0000000081f00000|100%|HS|  |TAMS 0x0000000081e00000| PB 0x0000000081e00000| Untracked |  0
|   1|0x0000000081f00000, 0x0000000082000000, 0x0000000082000000|100%|HS|  |TAMS 0x0000000081f00000| PB 0x0000000081f00000| Untracked |  0
|   2|0x0000000082000000, 0x00000000820fffe8, 0x0000000082100000| 99%| O|  |TAMS 0x0000000082000000| PB 0x0000000082000000| Untracked |  0
|   3|0x0000000082100000, 0x0000000082200000, 0x0000000082200000|100%| O|  |TAMS 0x0000000082100000| PB 0x0000000082100000| Untracked |  0
|   4|0x0000000082200000, 0x00000000822fffd0, 0x0000000082300000| 99%| O|  |TAMS 0x0000000082200000| PB 0x0000000082200000| Untracked |  0
|   5|0x0000000082300000, 0x00000000823ffff0, 0x0000000082400000| 99%| O|  |TAMS 0x0000000082300000| PB 0x0000000082300000| Untracked |  0
|   6|0x0000000082400000, 0x00000000824fffe0, 0x0000000082500000| 99%| O|  |TAMS 0x0000000082400000| PB 0x0000000082400000| Untracked |  0
|   7|0x0000000082500000, 0x00000000825ffff0, 0x0000000082600000| 99%| O|  |TAMS 0x0000000082500000| PB 0x0000000082500000| Untracked |  0
|   8|0x0000000082600000, 0x00000000826fffc0, 0x0000000082700000| 99%| O|  |TAMS 0x0000000082600000| PB 0x0000000082600000| Untracked |  0
|   9|0x0000000082700000, 0x00000000827fffe0, 0x0000000082800000| 99%| O|  |TAMS 0x0000000082700000| PB 0x0000000082700000| Untracked |  0
|  10|0x0000000082800000, 0x00000000828fffe8, 0x0000000082900000| 99%| O|  |TAMS 0x0000000082800000| PB 0x0000000082800000| Untracked |  0
|  11|0x0000000082900000, 0x00000000829fffc8, 0x0000000082a00000| 99%| O|  |TAMS 0x0000000082900000| PB 0x0000000082900000| Untracked |  0
|  12|0x0000000082a00000, 0x0000000082afffd8, 0x0000000082b00000| 99%| O|  |TAMS 0x0000000082a00000| PB 0x0000000082a00000| Untracked |  0
|  13|0x0000000082b00000, 0x0000000082c00000, 0x0000000082c00000|100%| O|  |TAMS 0x0000000082b00000| PB 0x0000000082b00000| Untracked |  0
|  14|0x0000000082c00000, 0x0000000082cffff0, 0x0000000082d00000| 99%| O|  |TAMS 0x0000000082c00000| PB 0x0000000082c00000| Untracked |  0
|  15|0x0000000082d00000, 0x0000000082dffff8, 0x0000000082e00000| 99%| O|  |TAMS 0x0000000082d00000| PB 0x0000000082d00000| Untracked |  0
|  16|0x0000000082e00000, 0x0000000082f00000, 0x0000000082f00000|100%| O|  |TAMS 0x0000000082e00000| PB 0x0000000082e00000| Untracked |  0
|  17|0x0000000082f00000, 0x0000000083000000, 0x0000000083000000|100%| O|  |TAMS 0x0000000082f00000| PB 0x0000000082f00000| Untracked |  0
|  18|0x0000000083000000, 0x0000000083100000, 0x0000000083100000|100%| O|  |TAMS 0x0000000083000000| PB 0x0000000083000000| Untracked |  0
|  19|0x0000000083100000, 0x00000000831fffd0, 0x0000000083200000| 99%| O|  |TAMS 0x0000000083100000| PB 0x0000000083100000| Untracked |  0
|  20|0x0000000083200000, 0x00000000832fff38, 0x0000000083300000| 99%| O|  |TAMS 0x0000000083200000| PB 0x0000000083200000| Untracked |  0
|  21|0x0000000083300000, 0x00000000833ffff8, 0x0000000083400000| 99%| O|  |TAMS 0x0000000083300000| PB 0x0000000083300000| Untracked |  0
|  22|0x0000000083400000, 0x00000000834fffb0, 0x0000000083500000| 99%| O|  |TAMS 0x0000000083400000| PB 0x0000000083400000| Untracked |  0
|  23|0x0000000083500000, 0x0000000083600000, 0x0000000083600000|100%| O|  |TAMS 0x0000000083500000| PB 0x0000000083500000| Untracked |  0
|  24|0x0000000083600000, 0x00000000836ffff8, 0x0000000083700000| 99%| O|  |TAMS 0x0000000083600000| PB 0x0000000083600000| Untracked |  0
|  25|0x0000000083700000, 0x00000000837fff60, 0x0000000083800000| 99%| O|  |TAMS 0x0000000083700000| PB 0x0000000083700000| Untracked |  0
|  26|0x0000000083800000, 0x0000000083900000, 0x0000000083900000|100%| O|  |TAMS 0x0000000083800000| PB 0x0000000083800000| Untracked |  0
|  27|0x0000000083900000, 0x00000000839fffd8, 0x0000000083a00000| 99%| O|  |TAMS 0x0000000083900000| PB 0x0000000083900000| Untracked |  0
|  28|0x0000000083a00000, 0x0000000083affff8, 0x0000000083b00000| 99%| O|  |TAMS 0x0000000083a00000| PB 0x0000000083a00000| Untracked |  0
|  29|0x0000000083b00000, 0x0000000083bfffe0, 0x0000000083c00000| 99%| O|  |TAMS 0x0000000083b00000| PB 0x0000000083b00000| Untracked |  0
|  30|0x0000000083c00000, 0x0000000083cffff8, 0x0000000083d00000| 99%| O|  |TAMS 0x0000000083c00000| PB 0x0000000083c00000| Untracked |  0
|  31|0x0000000083d00000, 0x0000000083deb320, 0x0000000083e00000| 91%| O|  |TAMS 0x0000000083d00000| PB 0x0000000083d00000| Untracked |  0
|  32|0x0000000083e00000, 0x0000000083eabbb0, 0x0000000083f00000| 67%| O|  |TAMS 0x0000000083e00000| PB 0x0000000083e00000| Untracked |  0
|  33|0x0000000083f00000, 0x0000000083f417b0, 0x0000000084000000| 25%| O|  |TAMS 0x0000000083f00000| PB 0x0000000083f00000| Untracked |  0
|  34|0x0000000084000000, 0x0000000084000000, 0x0000000084100000|  0%| F|  |TAMS 0x0000000084000000| PB 0x0000000084000000| Untracked |  0
|  35|0x0000000084100000, 0x0000000084100000, 0x0000000084200000|  0%| F|  |TAMS 0x0000000084100000| PB 0x0000000084100000| Untracked |  0
|  36|0x0000000084200000, 0x0000000084200000, 0x0000000084300000|  0%| F|  |TAMS 0x0000000084200000| PB 0x0000000084200000| Untracked |  0
|  37|0x0000000084300000, 0x0000000084300000, 0x0000000084400000|  0%| F|  |TAMS 0x0000000084300000| PB 0x0000000084300000| Untracked |  0
|  38|0x0000000084400000, 0x0000000084400000, 0x0000000084500000|  0%| F|  |TAMS 0x0000000084400000| PB 0x0000000084400000| Untracked |  0
|  39|0x0000000084500000, 0x0000000084500000, 0x0000000084600000|  0%| F|  |TAMS 0x0000000084500000| PB 0x0000000084500000| Untracked |  0
|  40|0x0000000084600000, 0x0000000084600000, 0x0000000084700000|  0%| F|  |TAMS 0x0000000084600000| PB 0x0000000084600000| Untracked |  0
|  41|0x0000000084700000, 0x0000000084700000, 0x0000000084800000|  0%| F|  |TAMS 0x0000000084700000| PB 0x0000000084700000| Untracked |  0
|  42|0x0000000084800000, 0x0000000084800000, 0x0000000084900000|  0%| F|  |TAMS 0x0000000084800000| PB 0x0000000084800000| Untracked |  0
|  43|0x0000000084900000, 0x0000000084900000, 0x0000000084a00000|  0%| F|  |TAMS 0x0000000084900000| PB 0x0000000084900000| Untracked |  0
|  44|0x0000000084a00000, 0x0000000084a00000, 0x0000000084b00000|  0%| F|  |TAMS 0x0000000084a00000| PB 0x0000000084a00000| Untracked |  0
|  45|0x0000000084b00000, 0x0000000084b00000, 0x0000000084c00000|  0%| F|  |TAMS 0x0000000084b00000| PB 0x0000000084b00000| Untracked |  0
|  46|0x0000000084c00000, 0x0000000084c00000, 0x0000000084d00000|  0%| F|  |TAMS 0x0000000084c00000| PB 0x0000000084c00000| Untracked |  0
|  47|0x0000000084d00000, 0x0000000084d00000, 0x0000000084e00000|  0%| F|  |TAMS 0x0000000084d00000| PB 0x0000000084d00000| Untracked |  0
|  48|0x0000000084e00000, 0x0000000084e00000, 0x0000000084f00000|  0%| F|  |TAMS 0x0000000084e00000| PB 0x0000000084e00000| Untracked |  0
|  49|0x0000000084f00000, 0x0000000084f00000, 0x0000000085000000|  0%| F|  |TAMS 0x0000000084f00000| PB 0x0000000084f00000| Untracked |  0
|  50|0x0000000085000000, 0x0000000085000000, 0x0000000085100000|  0%| F|  |TAMS 0x0000000085000000| PB 0x0000000085000000| Untracked |  0
|  51|0x0000000085100000, 0x0000000085100000, 0x0000000085200000|  0%| F|  |TAMS 0x0000000085100000| PB 0x0000000085100000| Untracked |  0
|  52|0x0000000085200000, 0x0000000085200000, 0x0000000085300000|  0%| F|  |TAMS 0x0000000085200000| PB 0x0000000085200000| Untracked |  0
|  53|0x0000000085300000, 0x0000000085300000, 0x0000000085400000|  0%| F|  |TAMS 0x0000000085300000| PB 0x0000000085300000| Untracked |  0
|  54|0x0000000085400000, 0x00000000854fdfa0, 0x0000000085500000| 99%| E|  |TAMS 0x0000000085400000| PB 0x0000000085400000| Complete |  0
|  55|0x0000000085500000, 0x0000000085600000, 0x0000000085600000|100%| E|CS|TAMS 0x0000000085500000| PB 0x0000000085500000| Complete |  0
|  56|0x0000000085600000, 0x0000000085700000, 0x0000000085700000|100%| E|CS|TAMS 0x0000000085600000| PB 0x0000000085600000| Complete |  0
|  57|0x0000000085700000, 0x0000000085800000, 0x0000000085800000|100%| E|CS|TAMS 0x0000000085700000| PB 0x0000000085700000| Complete |  0
|  58|0x0000000085800000, 0x0000000085900000, 0x0000000085900000|100%| E|CS|TAMS 0x0000000085800000| PB 0x0000000085800000| Complete |  0
|  59|0x0000000085900000, 0x0000000085a00000, 0x0000000085a00000|100%| E|CS|TAMS 0x0000000085900000| PB 0x0000000085900000| Complete |  0
|  60|0x0000000085a00000, 0x0000000085b00000, 0x0000000085b00000|100%| E|CS|TAMS 0x0000000085a00000| PB 0x0000000085a00000| Complete |  0
|  61|0x0000000085b00000, 0x0000000085c00000, 0x0000000085c00000|100%| E|CS|TAMS 0x0000000085b00000| PB 0x0000000085b00000| Complete |  0
|  62|0x0000000085c00000, 0x0000000085d00000, 0x0000000085d00000|100%| E|CS|TAMS 0x0000000085c00000| PB 0x0000000085c00000| Complete |  0
|  63|0x0000000085d00000, 0x0000000085e00000, 0x0000000085e00000|100%| E|CS|TAMS 0x0000000085d00000| PB 0x0000000085d00000| Complete |  0
|  64|0x0000000085e00000, 0x0000000085f00000, 0x0000000085f00000|100%| E|CS|TAMS 0x0000000085e00000| PB 0x0000000085e00000| Complete |  0
|  65|0x0000000085f00000, 0x0000000086000000, 0x0000000086000000|100%| E|CS|TAMS 0x0000000085f00000| PB 0x0000000085f00000| Complete |  0
|  66|0x0000000086000000, 0x0000000086100000, 0x0000000086100000|100%| E|CS|TAMS 0x0000000086000000| PB 0x0000000086000000| Complete |  0
|  67|0x0000000086100000, 0x0000000086200000, 0x0000000086200000|100%| E|CS|TAMS 0x0000000086100000| PB 0x0000000086100000| Complete |  0
|  68|0x0000000086200000, 0x0000000086300000, 0x0000000086300000|100%| E|CS|TAMS 0x0000000086200000| PB 0x0000000086200000| Complete |  0
|  69|0x0000000086300000, 0x0000000086400000, 0x0000000086400000|100%| E|CS|TAMS 0x0000000086300000| PB 0x0000000086300000| Complete |  0
|  70|0x0000000086400000, 0x0000000086500000, 0x0000000086500000|100%| E|  |TAMS 0x0000000086400000| PB 0x0000000086400000| Complete |  0
|  71|0x0000000086500000, 0x0000000086600000, 0x0000000086600000|100%| E|CS|TAMS 0x0000000086500000| PB 0x0000000086500000| Complete |  0
|  72|0x0000000086600000, 0x0000000086700000, 0x0000000086700000|100%| E|CS|TAMS 0x0000000086600000| PB 0x0000000086600000| Complete |  0
|  73|0x0000000086700000, 0x0000000086800000, 0x0000000086800000|100%| E|CS|TAMS 0x0000000086700000| PB 0x0000000086700000| Complete |  0
|  74|0x0000000086800000, 0x0000000086900000, 0x0000000086900000|100%| E|CS|TAMS 0x0000000086800000| PB 0x0000000086800000| Complete |  0
|  75|0x0000000086900000, 0x0000000086a00000, 0x0000000086a00000|100%| E|CS|TAMS 0x0000000086900000| PB 0x0000000086900000| Complete |  0
|  76|0x0000000086a00000, 0x0000000086b00000, 0x0000000086b00000|100%| E|CS|TAMS 0x0000000086a00000| PB 0x0000000086a00000| Complete |  0
|  77|0x0000000086b00000, 0x0000000086c00000, 0x0000000086c00000|100%| E|CS|TAMS 0x0000000086b00000| PB 0x0000000086b00000| Complete |  0
|  78|0x0000000086c00000, 0x0000000086d00000, 0x0000000086d00000|100%| E|CS|TAMS 0x0000000086c00000| PB 0x0000000086c00000| Complete |  0
|  79|0x0000000086d00000, 0x0000000086e00000, 0x0000000086e00000|100%| E|CS|TAMS 0x0000000086d00000| PB 0x0000000086d00000| Complete |  0
|  80|0x0000000086e00000, 0x0000000086f00000, 0x0000000086f00000|100%| E|CS|TAMS 0x0000000086e00000| PB 0x0000000086e00000| Complete |  0
|  81|0x0000000086f00000, 0x0000000087000000, 0x0000000087000000|100%| E|CS|TAMS 0x0000000086f00000| PB 0x0000000086f00000| Complete |  0
|  82|0x0000000087000000, 0x0000000087100000, 0x0000000087100000|100%| E|CS|TAMS 0x0000000087000000| PB 0x0000000087000000| Complete |  0
|  83|0x0000000087100000, 0x0000000087200000, 0x0000000087200000|100%| E|CS|TAMS 0x0000000087100000| PB 0x0000000087100000| Complete |  0
|  84|0x0000000087200000, 0x0000000087300000, 0x0000000087300000|100%| E|CS|TAMS 0x0000000087200000| PB 0x0000000087200000| Complete |  0
|  85|0x0000000087300000, 0x0000000087400000, 0x0000000087400000|100%| E|CS|TAMS 0x0000000087300000| PB 0x0000000087300000| Complete |  0
|  86|0x0000000087400000, 0x0000000087500000, 0x0000000087500000|100%| E|CS|TAMS 0x0000000087400000| PB 0x0000000087400000| Complete |  0
|  87|0x0000000087500000, 0x0000000087600000, 0x0000000087600000|100%| E|CS|TAMS 0x0000000087500000| PB 0x0000000087500000| Complete |  0
|  88|0x0000000087600000, 0x0000000087700000, 0x0000000087700000|100%| E|CS|TAMS 0x0000000087600000| PB 0x0000000087600000| Complete |  0
|  89|0x0000000087700000, 0x0000000087800000, 0x0000000087800000|100%| E|CS|TAMS 0x0000000087700000| PB 0x0000000087700000| Complete |  0
|  90|0x0000000087800000, 0x0000000087900000, 0x0000000087900000|100%| E|CS|TAMS 0x0000000087800000| PB 0x0000000087800000| Complete |  0
|  91|0x0000000087900000, 0x0000000087a00000, 0x0000000087a00000|100%| E|CS|TAMS 0x0000000087900000| PB 0x0000000087900000| Complete |  0
|  92|0x0000000087a00000, 0x0000000087b00000, 0x0000000087b00000|100%| E|CS|TAMS 0x0000000087a00000| PB 0x0000000087a00000| Complete |  0
|  93|0x0000000087b00000, 0x0000000087c00000, 0x0000000087c00000|100%| E|CS|TAMS 0x0000000087b00000| PB 0x0000000087b00000| Complete |  0
|  94|0x0000000087c00000, 0x0000000087d00000, 0x0000000087d00000|100%| E|CS|TAMS 0x0000000087c00000| PB 0x0000000087c00000| Complete |  0
|  95|0x0000000087d00000, 0x0000000087e00000, 0x0000000087e00000|100%| E|CS|TAMS 0x0000000087d00000| PB 0x0000000087d00000| Complete |  0
|  96|0x0000000087e00000, 0x0000000087f00000, 0x0000000087f00000|100%| E|CS|TAMS 0x0000000087e00000| PB 0x0000000087e00000| Complete |  0
|  97|0x0000000087f00000, 0x0000000088000000, 0x0000000088000000|100%| E|CS|TAMS 0x0000000087f00000| PB 0x0000000087f00000| Complete |  0
|  98|0x0000000088000000, 0x0000000088100000, 0x0000000088100000|100%| E|CS|TAMS 0x0000000088000000| PB 0x0000000088000000| Complete |  0
|  99|0x0000000088100000, 0x0000000088200000, 0x0000000088200000|100%| E|CS|TAMS 0x0000000088100000| PB 0x0000000088100000| Complete |  0
| 100|0x0000000088200000, 0x0000000088300000, 0x0000000088300000|100%| E|CS|TAMS 0x0000000088200000| PB 0x0000000088200000| Complete |  0
| 101|0x0000000088300000, 0x0000000088400000, 0x0000000088400000|100%| E|CS|TAMS 0x0000000088300000| PB 0x0000000088300000| Complete |  0
| 102|0x0000000088400000, 0x0000000088500000, 0x0000000088500000|100%| E|CS|TAMS 0x0000000088400000| PB 0x0000000088400000| Complete |  0
| 103|0x0000000088500000, 0x0000000088600000, 0x0000000088600000|100%| E|CS|TAMS 0x0000000088500000| PB 0x0000000088500000| Complete |  0
| 104|0x0000000088600000, 0x0000000088700000, 0x0000000088700000|100%| E|CS|TAMS 0x0000000088600000| PB 0x0000000088600000| Complete |  0
| 105|0x0000000088700000, 0x0000000088800000, 0x0000000088800000|100%| E|CS|TAMS 0x0000000088700000| PB 0x0000000088700000| Complete |  0
| 106|0x0000000088800000, 0x0000000088900000, 0x0000000088900000|100%| E|CS|TAMS 0x0000000088800000| PB 0x0000000088800000| Complete |  0
| 107|0x0000000088900000, 0x0000000088a00000, 0x0000000088a00000|100%| E|CS|TAMS 0x0000000088900000| PB 0x0000000088900000| Complete |  0
| 108|0x0000000088a00000, 0x0000000088b00000, 0x0000000088b00000|100%| E|CS|TAMS 0x0000000088a00000| PB 0x0000000088a00000| Complete |  0
| 109|0x0000000088b00000, 0x0000000088c00000, 0x0000000088c00000|100%| E|CS|TAMS 0x0000000088b00000| PB 0x0000000088b00000| Complete |  0
| 110|0x0000000088c00000, 0x0000000088d00000, 0x0000000088d00000|100%| E|CS|TAMS 0x0000000088c00000| PB 0x0000000088c00000| Complete |  0
| 111|0x0000000088d00000, 0x0000000088e00000, 0x0000000088e00000|100%| E|CS|TAMS 0x0000000088d00000| PB 0x0000000088d00000| Complete |  0
| 112|0x0000000088e00000, 0x0000000088f00000, 0x0000000088f00000|100%| E|CS|TAMS 0x0000000088e00000| PB 0x0000000088e00000| Complete |  0
| 113|0x0000000088f00000, 0x0000000089000000, 0x0000000089000000|100%| E|CS|TAMS 0x0000000088f00000| PB 0x0000000088f00000| Complete |  0

Card table byte_map: [0x0000016be9dc0000,0x0000016bea1c0000] _byte_map_base: 0x0000016be99b1000

Marking Bits: (CMBitMap*) 0x0000016bd6b716f0
 Bits: [0x0000016bea1c0000, 0x0000016bec148000)

Polling page: 0x0000016bd4960000

Metaspace:

Usage:
  Non-class:     84.77 MB used.
      Class:     11.33 MB used.
       Both:     96.10 MB used.

Virtual space:
  Non-class space:      128.00 MB reserved,      85.38 MB ( 67%) committed,  2 nodes.
      Class space:        1.00 GB reserved,      11.81 MB (  1%) committed,  1 nodes.
             Both:        1.12 GB reserved,      97.19 MB (  8%) committed. 

Chunk freelists:
   Non-Class:  10.42 MB
       Class:  4.12 MB
        Both:  14.55 MB

MaxMetaspaceSize: unlimited
CompressedClassSpaceSize: 1.00 GB
Initial GC threshold: 21.00 MB
Current GC threshold: 161.06 MB
CDS: on
 - commit_granule_bytes: 65536.
 - commit_granule_words: 8192.
 - virtual_space_node_default_size: 8388608.
 - enlarge_chunks_in_place: 1.
 - use_allocation_guard: 0.


Internal statistics:

num_allocs_failed_limit: 6.
num_arena_births: 1390.
num_arena_deaths: 382.
num_vsnodes_births: 3.
num_vsnodes_deaths: 0.
num_space_committed: 1554.
num_space_uncommitted: 0.
num_chunks_returned_to_freelist: 437.
num_chunks_taken_from_freelist: 5601.
num_chunk_merges: 92.
num_chunk_splits: 3511.
num_chunks_enlarged: 2485.
num_inconsistent_stats: 0.

CodeHeap 'non-profiled nmethods': size=120064Kb used=10385Kb max_used=10385Kb free=109678Kb
 bounds [0x0000016be2480000, 0x0000016be2eb0000, 0x0000016be99c0000]
CodeHeap 'profiled nmethods': size=120000Kb used=17034Kb max_used=18785Kb free=102965Kb
 bounds [0x0000016bda9c0000, 0x0000016bdbc50000, 0x0000016be1ef0000]
CodeHeap 'non-nmethods': size=5696Kb used=1822Kb max_used=1960Kb free=3873Kb
 bounds [0x0000016be1ef0000, 0x0000016be2160000, 0x0000016be2480000]
CodeCache: size=245760Kb, used=29241Kb, max_used=31130Kb, free=216516Kb
 total_blobs=11676, nmethods=10887, adapters=693, full_count=0
Compilation: enabled, stopped_count=0, restarted_count=0

Compilation events (20 events):
Event: 3216.206 Thread 0x0000016bee76d500 nmethod 20364 0x0000016bdb6a3e08 code [0x0000016bdb6a3f60, 0x0000016bdb6a4330]
Event: 3216.206 Thread 0x0000016bee76d500 20365       3       org.hibernate.tool.schema.internal.AbstractSchemaMigrator::lambda$equivalentForeignKeyExistsInDatabase$0 (16 bytes)
Event: 3216.207 Thread 0x0000016bee76d500 nmethod 20365 0x0000016bdb65fb08 code [0x0000016bdb65fc40, 0x0000016bdb65fea0]
Event: 3216.207 Thread 0x0000016bee76d500 20366       3       org.hibernate.tool.schema.internal.AbstractSchemaMigrator$$Lambda/0x0000016b818bc8c0::test (16 bytes)
Event: 3216.207 Thread 0x0000016bee76d500 nmethod 20366 0x0000016bdb688788 code [0x0000016bdb6888c0, 0x0000016bdb688b10]
Event: 3216.391 Thread 0x0000016bee76d500 20368       3       org.hibernate.metamodel.model.domain.AbstractManagedType::getSingularAttributes (40 bytes)
Event: 3216.392 Thread 0x0000016bee76d500 nmethod 20368 0x0000016bdb490c88 code [0x0000016bdb490e80, 0x0000016bdb491b38]
Event: 3216.392 Thread 0x0000016bee76d500 20369       3       org.springframework.data.jpa.util.JpaMetamodel$$Lambda/0x0000016b818f8928::test (12 bytes)
Event: 3216.393 Thread 0x0000016bee76d500 nmethod 20369 0x0000016bdbb58b08 code [0x0000016bdbb58c80, 0x0000016bdbb59548]
Event: 3216.393 Thread 0x0000016bee76d500 20370       3       org.springframework.data.jpa.util.JpaMetamodel::lambda$10 (11 bytes)
Event: 3216.393 Thread 0x0000016bee76d500 nmethod 20370 0x0000016bdb50ec88 code [0x0000016bdb50ede0, 0x0000016bdb50f528]
Event: 3216.393 Thread 0x0000016bee76d500 20371       3       org.hibernate.metamodel.model.domain.internal.AbstractAttribute::getJavaType (31 bytes)
Event: 3216.394 Thread 0x0000016bee76d500 nmethod 20371 0x0000016bdb2c2088 code [0x0000016bdb2c21e0, 0x0000016bdb2c2770]
Event: 3216.396 Thread 0x0000016bee76d500 20372       3       org.springframework.data.jpa.util.JpaMetamodel::getSingularIdAttribute (40 bytes)
Event: 3216.397 Thread 0x0000016bee76d500 nmethod 20372 0x0000016bdb827b88 code [0x0000016bdb827d40, 0x0000016bdb828748]
Event: 3216.397 Thread 0x0000016bee76d500 20373       3       org.springframework.data.mapping.context.AbstractMappingContext$PersistentPropertyFilter$PropertyMatch::matches (13 bytes)
Event: 3216.398 Thread 0x0000016bee76d500 nmethod 20373 0x0000016bdb266008 code [0x0000016bdb266180, 0x0000016bdb266690]
Event: 3217.058 Thread 0x0000016bee74aee0 nmethod 20358 0x0000016be2e9ee88 code [0x0000016be2e9f460, 0x0000016be2ea8a88]
Event: 3217.059 Thread 0x0000016bee74aee0 20367       4       java.lang.StringConcatHelper::mix (11 bytes)
Event: 3217.061 Thread 0x0000016bee74aee0 nmethod 20367 0x0000016be2bdab08 code [0x0000016be2bdac00, 0x0000016be2bdad40]

GC Heap History (20 events):
Event: 3178.956 GC heap before
{Heap before GC invocations=154 (full 31):
 garbage-first heap   total reserved 2066432K, committed 116736K, used 99497K [0x0000000081e00000, 0x0000000100000000)
  region size 1024K, 66 young (67584K), 0 survivors (0K)
 Metaspace       used 95775K, committed 96832K, reserved 1179648K
  class space    used 11456K, committed 11968K, reserved 1048576K
}
Event: 3179.133 GC heap after
{Heap after GC invocations=155 (full 31):
 garbage-first heap   total reserved 2066432K, committed 116736K, used 38796K [0x0000000081e00000, 0x0000000100000000)
  region size 1024K, 6 young (6144K), 6 survivors (6144K)
 Metaspace       used 95775K, committed 96832K, reserved 1179648K
  class space    used 11456K, committed 11968K, reserved 1048576K
}
Event: 3182.171 GC heap before
{Heap before GC invocations=156 (full 31):
 garbage-first heap   total reserved 2066432K, committed 116736K, used 50060K [0x0000000081e00000, 0x0000000100000000)
  region size 1024K, 18 young (18432K), 6 survivors (6144K)
 Metaspace       used 95834K, committed 96896K, reserved 1179648K
  class space    used 11459K, committed 11968K, reserved 1048576K
}
Event: 3182.286 GC heap after
{Heap after GC invocations=157 (full 32):
 garbage-first heap   total reserved 2066432K, committed 116736K, used 33253K [0x0000000081e00000, 0x0000000100000000)
  region size 1024K, 0 young (0K), 0 survivors (0K)
 Metaspace       used 95831K, committed 96896K, reserved 1179648K
  class space    used 11459K, committed 11968K, reserved 1048576K
}
Event: 3184.397 GC heap before
{Heap before GC invocations=157 (full 32):
 garbage-first heap   total reserved 2066432K, committed 116736K, used 99813K [0x0000000081e00000, 0x0000000100000000)
  region size 1024K, 66 young (67584K), 0 survivors (0K)
 Metaspace       used 96182K, committed 97216K, reserved 1179648K
  class space    used 11487K, committed 11968K, reserved 1048576K
}
Event: 3184.546 GC heap after
{Heap after GC invocations=158 (full 32):
 garbage-first heap   total reserved 2066432K, committed 116736K, used 39119K [0x0000000081e00000, 0x0000000100000000)
  region size 1024K, 6 young (6144K), 6 survivors (6144K)
 Metaspace       used 96182K, committed 97216K, reserved 1179648K
  class space    used 11487K, committed 11968K, reserved 1048576K
}
Event: 3192.002 GC heap before
{Heap before GC invocations=159 (full 32):
 garbage-first heap   total reserved 2066432K, committed 116736K, used 50383K [0x0000000081e00000, 0x0000000100000000)
  region size 1024K, 19 young (19456K), 6 survivors (6144K)
 Metaspace       used 96355K, committed 97408K, reserved 1179648K
  class space    used 11490K, committed 12032K, reserved 1048576K
}
Event: 3192.247 GC heap after
{Heap after GC invocations=160 (full 33):
 garbage-first heap   total reserved 2066432K, committed 116736K, used 33507K [0x0000000081e00000, 0x0000000100000000)
  region size 1024K, 0 young (0K), 0 survivors (0K)
 Metaspace       used 96353K, committed 97408K, reserved 1179648K
  class space    used 11489K, committed 12032K, reserved 1048576K
}
Event: 3193.634 GC heap before
{Heap before GC invocations=160 (full 33):
 garbage-first heap   total reserved 2066432K, committed 116736K, used 101091K [0x0000000081e00000, 0x0000000100000000)
  region size 1024K, 66 young (67584K), 0 survivors (0K)
 Metaspace       used 96725K, committed 97792K, reserved 1179648K
  class space    used 11518K, committed 12032K, reserved 1048576K
}
Event: 3193.642 GC heap after
{Heap after GC invocations=161 (full 33):
 garbage-first heap   total reserved 2066432K, committed 116736K, used 39392K [0x0000000081e00000, 0x0000000100000000)
  region size 1024K, 6 young (6144K), 6 survivors (6144K)
 Metaspace       used 96725K, committed 97792K, reserved 1179648K
  class space    used 11518K, committed 12032K, reserved 1048576K
}
Event: 3197.463 GC heap before
{Heap before GC invocations=162 (full 33):
 garbage-first heap   total reserved 2066432K, committed 116736K, used 50656K [0x0000000081e00000, 0x0000000100000000)
  region size 1024K, 18 young (18432K), 6 survivors (6144K)
 Metaspace       used 96827K, committed 97920K, reserved 1179648K
  class space    used 11520K, committed 12032K, reserved 1048576K
}
Event: 3198.158 GC heap after
{Heap after GC invocations=163 (full 34):
 garbage-first heap   total reserved 2066432K, committed 116736K, used 33542K [0x0000000081e00000, 0x0000000100000000)
  region size 1024K, 0 young (0K), 0 survivors (0K)
 Metaspace       used 96824K, committed 97920K, reserved 1179648K
  class space    used 11520K, committed 12032K, reserved 1048576K
}
Event: 3200.166 GC heap before
{Heap before GC invocations=163 (full 34):
 garbage-first heap   total reserved 2066432K, committed 116736K, used 100102K [0x0000000081e00000, 0x0000000100000000)
  region size 1024K, 65 young (66560K), 0 survivors (0K)
 Metaspace       used 97247K, committed 98240K, reserved 1179648K
  class space    used 11549K, committed 12032K, reserved 1048576K
}
Event: 3200.180 GC heap after
{Heap after GC invocations=164 (full 34):
 garbage-first heap   total reserved 2066432K, committed 209920K, used 39178K [0x0000000081e00000, 0x0000000100000000)
  region size 1024K, 6 young (6144K), 6 survivors (6144K)
 Metaspace       used 97247K, committed 98240K, reserved 1179648K
  class space    used 11549K, committed 12032K, reserved 1048576K
}
Event: 3203.624 GC heap before
{Heap before GC invocations=165 (full 34):
 garbage-first heap   total reserved 2066432K, committed 140288K, used 53514K [0x0000000081e00000, 0x0000000100000000)
  region size 1024K, 21 young (21504K), 6 survivors (6144K)
 Metaspace       used 97289K, committed 98368K, reserved 1179648K
  class space    used 11551K, committed 12096K, reserved 1048576K
}
Event: 3203.728 GC heap after
{Heap after GC invocations=166 (full 35):
 garbage-first heap   total reserved 2066432K, committed 119808K, used 33814K [0x0000000081e00000, 0x0000000100000000)
  region size 1024K, 0 young (0K), 0 survivors (0K)
 Metaspace       used 97287K, committed 98368K, reserved 1179648K
  class space    used 11550K, committed 12096K, reserved 1048576K
}
Event: 3209.542 GC heap before
{Heap before GC invocations=166 (full 35):
 garbage-first heap   total reserved 2066432K, committed 119808K, used 102422K [0x0000000081e00000, 0x0000000100000000)
  region size 1024K, 67 young (68608K), 0 survivors (0K)
 Metaspace       used 97725K, committed 98880K, reserved 1179648K
  class space    used 11579K, committed 12096K, reserved 1048576K
}
Event: 3209.550 GC heap after
{Heap after GC invocations=167 (full 35):
 garbage-first heap   total reserved 2066432K, committed 119808K, used 39707K [0x0000000081e00000, 0x0000000100000000)
  region size 1024K, 6 young (6144K), 6 survivors (6144K)
 Metaspace       used 97725K, committed 98880K, reserved 1179648K
  class space    used 11579K, committed 12096K, reserved 1048576K
}
Event: 3211.516 GC heap before
{Heap before GC invocations=168 (full 35):
 garbage-first heap   total reserved 2066432K, committed 119808K, used 48923K [0x0000000081e00000, 0x0000000100000000)
  region size 1024K, 16 young (16384K), 6 survivors (6144K)
 Metaspace       used 97744K, committed 98944K, reserved 1179648K
  class space    used 11580K, committed 12096K, reserved 1048576K
}
Event: 3211.862 GC heap after
{Heap after GC invocations=169 (full 36):
 garbage-first heap   total reserved 2066432K, committed 116736K, used 33632K [0x0000000081e00000, 0x0000000100000000)
  region size 1024K, 0 young (0K), 0 survivors (0K)
 Metaspace       used 97742K, committed 98944K, reserved 1179648K
  class space    used 11580K, committed 12096K, reserved 1048576K
}

Dll operation events (12 events):
Event: 0.100 Loaded shared library C:\Users\AHS\.p2\pool\plugins\org.eclipse.justj.openjdk.hotspot.jre.full.win32.x86_64_23.0.1.v20241024-1700\jre\bin\java.dll
Event: 0.405 Loaded shared library C:\Users\AHS\.p2\pool\plugins\org.eclipse.justj.openjdk.hotspot.jre.full.win32.x86_64_23.0.1.v20241024-1700\jre\bin\zip.dll
Event: 0.694 Loaded shared library C:\Users\AHS\.p2\pool\plugins\org.eclipse.justj.openjdk.hotspot.jre.full.win32.x86_64_23.0.1.v20241024-1700\jre\bin\instrument.dll
Event: 0.712 Loaded shared library C:\Users\AHS\.p2\pool\plugins\org.eclipse.justj.openjdk.hotspot.jre.full.win32.x86_64_23.0.1.v20241024-1700\jre\bin\net.dll
Event: 0.714 Loaded shared library C:\Users\AHS\.p2\pool\plugins\org.eclipse.justj.openjdk.hotspot.jre.full.win32.x86_64_23.0.1.v20241024-1700\jre\bin\nio.dll
Event: 0.720 Loaded shared library C:\Users\AHS\.p2\pool\plugins\org.eclipse.justj.openjdk.hotspot.jre.full.win32.x86_64_23.0.1.v20241024-1700\jre\bin\zip.dll
Event: 1.025 Loaded shared library C:\Users\AHS\.p2\pool\plugins\org.eclipse.justj.openjdk.hotspot.jre.full.win32.x86_64_23.0.1.v20241024-1700\jre\bin\jimage.dll
Event: 1.118 Loaded shared library C:\Users\AHS\.p2\pool\plugins\org.eclipse.justj.openjdk.hotspot.jre.full.win32.x86_64_23.0.1.v20241024-1700\jre\bin\verify.dll
Event: 6.645 Loaded shared library C:\Users\AHS\.p2\pool\plugins\org.eclipse.justj.openjdk.hotspot.jre.full.win32.x86_64_23.0.1.v20241024-1700\jre\bin\management.dll
Event: 6.687 Loaded shared library C:\Users\AHS\.p2\pool\plugins\org.eclipse.justj.openjdk.hotspot.jre.full.win32.x86_64_23.0.1.v20241024-1700\jre\bin\management_ext.dll
Event: 14.078 Loaded shared library C:\Users\AHS\.p2\pool\plugins\org.eclipse.justj.openjdk.hotspot.jre.full.win32.x86_64_23.0.1.v20241024-1700\jre\bin\sunmscapi.dll
Event: 29.514 Loaded shared library C:\Users\AHS\.p2\pool\plugins\org.eclipse.justj.openjdk.hotspot.jre.full.win32.x86_64_23.0.1.v20241024-1700\jre\bin\extnet.dll

Deoptimization events (20 events):
Event: 3216.401 Thread 0x0000016bc9246770 DEOPT PACKING pc=0x0000016be2b16a84 sp=0x000000255f9fc950
Event: 3216.401 Thread 0x0000016bc9246770 DEOPT UNPACKING pc=0x0000016be1f44402 sp=0x000000255f9fc8b0 mode 2
Event: 3216.401 Thread 0x0000016bc9246770 Uncommon trap: trap_request=0xffffff97 fr.pc=0x0000016be2b16a84 relative=0x0000000000002984
Event: 3216.401 Thread 0x0000016bc9246770 Uncommon trap: reason=unhandled action=none pc=0x0000016be2b16a84 method=java.net.URLClassLoader.findClass(Ljava/lang/String;)Ljava/lang/Class; @ 44 c2
Event: 3216.401 Thread 0x0000016bc9246770 DEOPT PACKING pc=0x0000016be2b16a84 sp=0x000000255f9fc950
Event: 3216.401 Thread 0x0000016bc9246770 DEOPT UNPACKING pc=0x0000016be1f44402 sp=0x000000255f9fc8b0 mode 2
Event: 3216.401 Thread 0x0000016bc9246770 Uncommon trap: trap_request=0xffffff97 fr.pc=0x0000016be2b16a84 relative=0x0000000000002984
Event: 3216.401 Thread 0x0000016bc9246770 Uncommon trap: reason=unhandled action=none pc=0x0000016be2b16a84 method=java.net.URLClassLoader.findClass(Ljava/lang/String;)Ljava/lang/Class; @ 44 c2
Event: 3216.401 Thread 0x0000016bc9246770 DEOPT PACKING pc=0x0000016be2b16a84 sp=0x000000255f9fc950
Event: 3216.401 Thread 0x0000016bc9246770 DEOPT UNPACKING pc=0x0000016be1f44402 sp=0x000000255f9fc8b0 mode 2
Event: 3231.061 Thread 0x0000016bc9246770 DEOPT PACKING pc=0x0000016be2ba5870 sp=0x000000255f9fe6e0
Event: 3231.061 Thread 0x0000016bc9246770 DEOPT UNPACKING pc=0x0000016be1f44b22 sp=0x000000255f9fdb68 mode 0
Event: 3231.209 Thread 0x0000016bc51dc310 Uncommon trap: trap_request=0xffffff97 fr.pc=0x0000016be2b16a84 relative=0x0000000000002984
Event: 3231.209 Thread 0x0000016bc51dc310 Uncommon trap: reason=unhandled action=none pc=0x0000016be2b16a84 method=java.net.URLClassLoader.findClass(Ljava/lang/String;)Ljava/lang/Class; @ 44 c2
Event: 3231.209 Thread 0x0000016bc51dc310 DEOPT PACKING pc=0x0000016be2b16a84 sp=0x000000255f0fb390
Event: 3231.210 Thread 0x0000016bc51dc310 DEOPT UNPACKING pc=0x0000016be1f44402 sp=0x000000255f0fb2f0 mode 2
Event: 3231.213 Thread 0x0000016bc51dc310 Uncommon trap: trap_request=0xffffff97 fr.pc=0x0000016be2b16a84 relative=0x0000000000002984
Event: 3231.213 Thread 0x0000016bc51dc310 Uncommon trap: reason=unhandled action=none pc=0x0000016be2b16a84 method=java.net.URLClassLoader.findClass(Ljava/lang/String;)Ljava/lang/Class; @ 44 c2
Event: 3231.213 Thread 0x0000016bc51dc310 DEOPT PACKING pc=0x0000016be2b16a84 sp=0x000000255f0fb390
Event: 3231.213 Thread 0x0000016bc51dc310 DEOPT UNPACKING pc=0x0000016be1f44402 sp=0x000000255f0fb2f0 mode 2

Classes loaded (20 events):
Event: 654.647 Loading class org/w3c/dom/Node
Event: 654.649 Loading class org/w3c/dom/Node done
Event: 654.649 Loading class org/w3c/dom/Document
Event: 654.649 Loading class org/w3c/dom/Document done
Event: 654.936 Loading class java/util/regex/Pattern$Bound
Event: 654.939 Loading class java/util/regex/Pattern$Bound done
Event: 655.584 Loading class java/lang/invoke/WrongMethodTypeException
Event: 655.587 Loading class java/lang/invoke/WrongMethodTypeException done
Event: 655.637 Loading class jdk/internal/loader/BootLoader$PackageHelper
Event: 655.639 Loading class jdk/internal/loader/BootLoader$PackageHelper done
Event: 1133.436 Loading class java/lang/classfile/MethodModel
Event: 1133.436 Loading class java/lang/classfile/CompoundElement
Event: 1133.436 Loading class java/lang/classfile/CompoundElement done
Event: 1133.437 Loading class java/lang/classfile/AttributedElement
Event: 1133.437 Loading class java/lang/classfile/AttributedElement done
Event: 1133.437 Loading class java/lang/classfile/MethodModel done
Event: 1133.437 Loading class java/lang/classfile/CodeModel
Event: 1133.437 Loading class java/lang/classfile/CodeModel done
Event: 1216.300 Loading class java/lang/classfile/FieldModel
Event: 1216.301 Loading class java/lang/classfile/FieldModel done

Classes unloaded (20 events):
Event: 2980.412 Thread 0x0000016bee725b60 Unloading class 0x0000016b8141c800 'java/lang/invoke/LambdaForm$MH+0x0000016b8141c800'
Event: 2980.412 Thread 0x0000016bee725b60 Unloading class 0x0000016b8141c400 'java/lang/invoke/LambdaForm$MH+0x0000016b8141c400'
Event: 2980.412 Thread 0x0000016bee725b60 Unloading class 0x0000016b8141c000 'java/lang/invoke/LambdaForm$MH+0x0000016b8141c000'
Event: 2980.412 Thread 0x0000016bee725b60 Unloading class 0x0000016b8136a000 'java/lang/invoke/LambdaForm$MH+0x0000016b8136a000'
Event: 2980.412 Thread 0x0000016bee725b60 Unloading class 0x0000016b81368400 'java/lang/invoke/LambdaForm$MH+0x0000016b81368400'
Event: 2980.412 Thread 0x0000016bee725b60 Unloading class 0x0000016b81368000 'java/lang/invoke/LambdaForm$MH+0x0000016b81368000'
Event: 2980.412 Thread 0x0000016bee725b60 Unloading class 0x0000016b81165c00 'java/lang/invoke/LambdaForm$MH+0x0000016b81165c00'
Event: 2980.412 Thread 0x0000016bee725b60 Unloading class 0x0000016b81164800 'java/lang/invoke/LambdaForm$MH+0x0000016b81164800'
Event: 2980.412 Thread 0x0000016bee725b60 Unloading class 0x0000016b81164400 'java/lang/invoke/LambdaForm$MH+0x0000016b81164400'
Event: 2980.412 Thread 0x0000016bee725b60 Unloading class 0x0000016b81019400 'java/lang/invoke/LambdaForm$MH+0x0000016b81019400'
Event: 2991.518 Thread 0x0000016bee725b60 Unloading class 0x0000016b818ba000 'org/apache/catalina/loader/JdbcLeakPrevention'
Event: 3024.317 Thread 0x0000016bee725b60 Unloading class 0x0000016b81a18800 'org/apache/catalina/loader/JdbcLeakPrevention'
Event: 3028.403 Thread 0x0000016bee725b60 Unloading class 0x0000016b81370c00 'org/apache/catalina/loader/JdbcLeakPrevention'
Event: 3164.269 Thread 0x0000016bee725b60 Unloading class 0x0000016b8128c400 'org/apache/catalina/loader/JdbcLeakPrevention'
Event: 3174.871 Thread 0x0000016bee725b60 Unloading class 0x0000016b81b98000 'org/apache/catalina/loader/JdbcLeakPrevention'
Event: 3182.206 Thread 0x0000016bee725b60 Unloading class 0x0000016b81b9c400 'org/apache/catalina/loader/JdbcLeakPrevention'
Event: 3192.030 Thread 0x0000016bee725b60 Unloading class 0x0000016b81bb6800 'org/apache/catalina/loader/JdbcLeakPrevention'
Event: 3197.501 Thread 0x0000016bee725b60 Unloading class 0x0000016b81bc0000 'org/apache/catalina/loader/JdbcLeakPrevention'
Event: 3203.656 Thread 0x0000016bee725b60 Unloading class 0x0000016b81bc8000 'org/apache/catalina/loader/JdbcLeakPrevention'
Event: 3211.591 Thread 0x0000016bee725b60 Unloading class 0x0000016b81bd0000 'org/apache/catalina/loader/JdbcLeakPrevention'

Classes redefined (20 events):
Event: 3231.250 Thread 0x0000016bee725b60 redefined class name=com.health.houseOfNature.controllers.DoctorController, count=21
Event: 3231.250 Thread 0x0000016bee725b60 redefined class name=com.health.houseOfNature.controllers.DoctorController, count=15
Event: 3231.250 Thread 0x0000016bee725b60 redefined class name=com.health.houseOfNature.controllers.DoctorController, count=17
Event: 3231.250 Thread 0x0000016bee725b60 redefined class name=com.health.houseOfNature.controllers.DoctorController, count=19
Event: 3231.250 Thread 0x0000016bee725b60 redefined class name=com.health.houseOfNature.controllers.DoctorController, count=23
Event: 3231.250 Thread 0x0000016bee725b60 redefined class name=com.health.houseOfNature.controllers.DoctorController, count=25
Event: 3231.250 Thread 0x0000016bee725b60 redefined class name=com.health.houseOfNature.controllers.DoctorController, count=27
Event: 3231.250 Thread 0x0000016bee725b60 redefined class name=com.health.houseOfNature.controllers.DoctorController, count=31
Event: 3231.250 Thread 0x0000016bee725b60 redefined class name=com.health.houseOfNature.controllers.DoctorController, count=35
Event: 3231.250 Thread 0x0000016bee725b60 redefined class name=com.health.houseOfNature.controllers.DoctorController, count=37
Event: 3231.250 Thread 0x0000016bee725b60 redefined class name=com.health.houseOfNature.controllers.DoctorController, count=2
Event: 3231.250 Thread 0x0000016bee725b60 redefined class name=com.health.houseOfNature.controllers.DoctorController, count=37
Event: 3231.250 Thread 0x0000016bee725b60 redefined class name=com.health.houseOfNature.controllers.DoctorController, count=32
Event: 3231.250 Thread 0x0000016bee725b60 redefined class name=com.health.houseOfNature.controllers.DoctorController, count=1
Event: 3231.250 Thread 0x0000016bee725b60 redefined class name=com.health.houseOfNature.controllers.DoctorController, count=22
Event: 3231.250 Thread 0x0000016bee725b60 redefined class name=com.health.houseOfNature.controllers.DoctorController, count=6
Event: 3231.250 Thread 0x0000016bee725b60 redefined class name=com.health.houseOfNature.controllers.DoctorController, count=4
Event: 3231.250 Thread 0x0000016bee725b60 redefined class name=com.health.houseOfNature.controllers.DoctorController, count=6
Event: 3231.250 Thread 0x0000016bee725b60 redefined class name=com.health.houseOfNature.controllers.DoctorController, count=11
Event: 3231.250 Thread 0x0000016bee725b60 redefined class name=com.health.houseOfNature.controllers.DoctorController, count=13

Internal exceptions (20 events):
Event: 3206.619 Thread 0x0000016bc6ce82d0 Exception <a 'java/io/FileNotFoundException'{0x000000008711f3c8}> (0x000000008711f3c8) 
thrown [s\src\hotspot\share\prims\jni.cpp, line 520]
Event: 3206.646 Thread 0x0000016bc6ce82d0 Exception <a 'java/io/FileNotFoundException'{0x00000000871db918}> (0x00000000871db918) 
thrown [s\src\hotspot\share\prims\jni.cpp, line 520]
Event: 3211.347 Thread 0x0000016bc9246770 Exception <a 'java/io/IOException'{0x00000000889984a8}> (0x00000000889984a8) 
thrown [s\src\hotspot\share\prims\jni.cpp, line 520]
Event: 3211.348 Thread 0x0000016bc9246770 Exception <a 'java/io/IOException'{0x0000000088999418}> (0x0000000088999418) 
thrown [s\src\hotspot\share\prims\jni.cpp, line 520]
Event: 3211.351 Thread 0x0000016bc9246770 Exception <a 'java/io/IOException'{0x000000008899c580}> (0x000000008899c580) 
thrown [s\src\hotspot\share\prims\jni.cpp, line 520]
Event: 3211.470 Thread 0x0000016bc9246770 Exception <a 'java/io/IOException'{0x000000008899d1e8}> (0x000000008899d1e8) 
thrown [s\src\hotspot\share\prims\jni.cpp, line 520]
Event: 3211.472 Thread 0x0000016bc9246770 Exception <a 'java/net/SocketException'{0x000000008899f000}: Connection reset by peer: shutdown> (0x000000008899f000) 
thrown [s\src\hotspot\share\prims\jni.cpp, line 539]
Event: 3211.473 Thread 0x0000016bc9246770 Exception <a 'java/io/IOException'{0x00000000889a0500}> (0x00000000889a0500) 
thrown [s\src\hotspot\share\prims\jni.cpp, line 520]
Event: 3211.477 Thread 0x0000016bc9246770 Exception <a 'java/io/IOException'{0x00000000889a5878}> (0x00000000889a5878) 
thrown [s\src\hotspot\share\prims\jni.cpp, line 520]
Event: 3211.510 Thread 0x0000016bc64e2c50 Exception <a 'java/lang/InterruptedException'{0x00000000889c5290}: sleep interrupted> (0x00000000889c5290) 
thrown [s\src\hotspot\share\prims\jvm.cpp, line 3093]
Event: 3211.898 Thread 0x0000016bc9246770 Exception <a 'sun/nio/fs/WindowsException'{0x0000000088fdb4d8}> (0x0000000088fdb4d8) 
thrown [s\src\hotspot\share\prims\jni.cpp, line 520]
Event: 3213.851 Thread 0x0000016bc9246770 Exception <a 'java/lang/NoClassDefFoundError'{0x0000000087672108}: org/flywaydb/core/Flyway> (0x0000000087672108) 
thrown [s\src\hotspot\share\oops\constantPool.cpp, line 867]
Event: 3214.358 Thread 0x0000016bc9246770 Exception <a 'java/lang/NoClassDefFoundError'{0x0000000087672768}: liquibase/integration/spring/SpringLiquibase> (0x0000000087672768) 
thrown [s\src\hotspot\share\oops\constantPool.cpp, line 867]
Event: 3214.689 Thread 0x0000016bc9246770 Exception <a 'java/lang/NoClassDefFoundError'{0x00000000874060d0}: org/jooq/DSLContext> (0x00000000874060d0) 
thrown [s\src\hotspot\share\oops\constantPool.cpp, line 867]
Event: 3214.708 Thread 0x0000016bc9246770 Exception <a 'java/lang/NoClassDefFoundError'{0x0000000087413588}: org/springframework/batch/core/repository/JobRepository> (0x0000000087413588) 
thrown [s\src\hotspot\share\oops\constantPool.cpp, line 867]
Event: 3214.709 Thread 0x0000016bc9246770 Exception <a 'java/lang/NoClassDefFoundError'{0x0000000087413be0}: org/quartz/Scheduler> (0x0000000087413be0) 
thrown [s\src\hotspot\share\oops\constantPool.cpp, line 867]
Event: 3214.709 Thread 0x0000016bc9246770 Exception <a 'java/lang/NoClassDefFoundError'{0x0000000087414260}: org/springframework/session/jdbc/JdbcIndexedSessionRepository> (0x0000000087414260) 
thrown [s\src\hotspot\share\oops\constantPool.cpp, line 867]
Event: 3214.859 Thread 0x0000016bc9246770 Exception <a 'java/io/FileNotFoundException'{0x0000000086e6b478}> (0x0000000086e6b478) 
thrown [s\src\hotspot\share\prims\jni.cpp, line 520]
Event: 3214.873 Thread 0x0000016bc9246770 Exception <a 'java/io/FileNotFoundException'{0x0000000086d76db0}> (0x0000000086d76db0) 
thrown [s\src\hotspot\share\prims\jni.cpp, line 520]
Event: 3214.893 Thread 0x0000016bc9246770 Exception <a 'java/io/FileNotFoundException'{0x0000000086c332e0}> (0x0000000086c332e0) 
thrown [s\src\hotspot\share\prims\jni.cpp, line 520]

VM Operations (20 events):
Event: 3217.122 Executing VM operation: get/set locals
Event: 3217.122 Executing VM operation: get/set locals done
Event: 3217.123 Executing VM operation: get/set locals
Event: 3217.123 Executing VM operation: get/set locals done
Event: 3217.124 Executing VM operation: get/set locals
Event: 3217.124 Executing VM operation: get/set locals done
Event: 3217.125 Executing VM operation: get/set locals
Event: 3217.125 Executing VM operation: get/set locals done
Event: 3217.125 Executing VM operation: get/set locals
Event: 3217.126 Executing VM operation: get/set locals done
Event: 3217.126 Executing VM operation: get/set locals
Event: 3217.126 Executing VM operation: get/set locals done
Event: 3231.027 Executing VM operation: ChangeSingleStep
Event: 3231.040 Executing VM operation: ChangeSingleStep done
Event: 3231.062 Executing VM operation: ChangeSingleStep
Event: 3231.062 Executing VM operation: ChangeSingleStep done
Event: 3231.216 Executing VM operation: RedefineClasses
Event: 3231.292 Executing VM operation: RedefineClasses done
Event: 3231.297 Executing VM operation: ChangeSingleStep
Event: 3231.297 Executing VM operation: ChangeSingleStep done

Memory protections (0 events):
No events

Nmethod flushes (20 events):
Event: 3211.770 Thread 0x0000016bee725b60 flushing  nmethod 0x0000016bdb38ae88
Event: 3211.770 Thread 0x0000016bee725b60 flushing  nmethod 0x0000016bdb396688
Event: 3211.770 Thread 0x0000016bee725b60 flushing  nmethod 0x0000016bdb3e9188
Event: 3211.770 Thread 0x0000016bee725b60 flushing  nmethod 0x0000016bdb3e9688
Event: 3211.770 Thread 0x0000016bee725b60 flushing  nmethod 0x0000016bdb43d308
Event: 3211.771 Thread 0x0000016bee725b60 flushing  nmethod 0x0000016bdb457e08
Event: 3211.771 Thread 0x0000016bee725b60 flushing  nmethod 0x0000016bdb4fa408
Event: 3211.771 Thread 0x0000016bee725b60 flushing  nmethod 0x0000016bdb4ff908
Event: 3211.771 Thread 0x0000016bee725b60 flushing  nmethod 0x0000016bdb568608
Event: 3211.771 Thread 0x0000016bee725b60 flushing  nmethod 0x0000016bdb5f8308
Event: 3211.771 Thread 0x0000016bee725b60 flushing  nmethod 0x0000016bdb66df08
Event: 3211.771 Thread 0x0000016bee725b60 flushing  nmethod 0x0000016bdb685e08
Event: 3211.771 Thread 0x0000016bee725b60 flushing  nmethod 0x0000016bdac6be88
Event: 3211.773 Thread 0x0000016bee725b60 flushing  nmethod 0x0000016bdad3ab88
Event: 3211.773 Thread 0x0000016bee725b60 flushing  nmethod 0x0000016bdb158088
Event: 3211.773 Thread 0x0000016bee725b60 flushing  nmethod 0x0000016bdb398c88
Event: 3211.773 Thread 0x0000016bee725b60 flushing  nmethod 0x0000016bdb39f288
Event: 3211.773 Thread 0x0000016bee725b60 flushing  nmethod 0x0000016bdb422f08
Event: 3211.773 Thread 0x0000016bee725b60 flushing  nmethod 0x0000016bdb4c1508
Event: 3211.773 Thread 0x0000016bee725b60 flushing  nmethod 0x0000016bdba0a988

Events (20 events):
Event: 3211.340 Thread 0x0000016bcbe7da20 Thread exited: 0x0000016bcbe7da20
Event: 3211.343 Thread 0x0000016bc92453c0 Thread added: 0x0000016bc9246770
Event: 3211.344 Thread 0x0000016bc64dd070 Thread exited: 0x0000016bc64dd070
Event: 3211.345 Thread 0x0000016bc64df140 Thread exited: 0x0000016bc64df140
Event: 3211.479 Thread 0x0000016bc9246770 Thread exited: 0x0000016bc9246770
Event: 3211.510 Thread 0x0000016bc64e2c50 Thread exited: 0x0000016bc64e2c50
Event: 3211.863 Thread 0x0000016bc92453c0 Thread added: 0x0000016bc9246770
Event: 3211.863 Thread 0x0000016bc9246770 Thread exited: 0x0000016bc9246770
Event: 3211.864 Thread 0x0000016bc92453c0 Thread added: 0x0000016bc9246770
Event: 3211.867 Thread 0x0000016bc6ce8960 Thread exited: 0x0000016bc6ce8960
Event: 3211.870 Thread 0x0000016bc6ce9680 Thread exited: 0x0000016bc6ce9680
Event: 3211.901 Thread 0x0000016bc7fcacd0 Thread exited: 0x0000016bc7fcacd0
Event: 3212.258 Thread 0x0000016bc9246770 Thread added: 0x0000016bc924a280
Event: 3212.316 Thread 0x0000016bc924a280 Thread exited: 0x0000016bc924a280
Event: 3214.894 Thread 0x0000016bc9246770 Thread added: 0x0000016bc924a280
Event: 3214.894 Thread 0x0000016bc9246770 Thread added: 0x0000016bcbe83600
Event: 3214.895 Thread 0x0000016bc9246770 Thread added: 0x0000016bcbe7da20
Event: 3215.117 Thread 0x0000016bc9246770 Thread added: 0x0000016bcbe7e0b0
Event: 3215.235 Thread 0x0000016bcbe7e0b0 Thread added: 0x0000016bcbe7e740
Event: 3221.354 Thread 0x0000016bcbe7e740 Thread exited: 0x0000016bcbe7e740


Dynamic libraries:
0x00007ff617890000 - 0x00007ff61789e000 	C:\Users\AHS\.p2\pool\plugins\org.eclipse.justj.openjdk.hotspot.jre.full.win32.x86_64_23.0.1.v20241024-1700\jre\bin\javaw.exe
0x00007ffe1d450000 - 0x00007ffe1d648000 	C:\Windows\SYSTEM32\ntdll.dll
0x00007ffe1c900000 - 0x00007ffe1c9c2000 	C:\Windows\System32\KERNEL32.DLL
0x00007ffe1ab90000 - 0x00007ffe1ae8e000 	C:\Windows\System32\KERNELBASE.dll
0x00007ffe1afc0000 - 0x00007ffe1b0c0000 	C:\Windows\System32\ucrtbase.dll
0x00007ffe09130000 - 0x00007ffe09147000 	C:\Users\AHS\.p2\pool\plugins\org.eclipse.justj.openjdk.hotspot.jre.full.win32.x86_64_23.0.1.v20241024-1700\jre\bin\jli.dll
0x00007ffe1cdd0000 - 0x00007ffe1cf6d000 	C:\Windows\System32\USER32.dll
0x00007ffe03860000 - 0x00007ffe0387e000 	C:\Users\AHS\.p2\pool\plugins\org.eclipse.justj.openjdk.hotspot.jre.full.win32.x86_64_23.0.1.v20241024-1700\jre\bin\VCRUNTIME140.dll
0x00007ffe1af90000 - 0x00007ffe1afb2000 	C:\Windows\System32\win32u.dll
0x00007ffe1cc50000 - 0x00007ffe1cc7b000 	C:\Windows\System32\GDI32.dll
0x00007ffe1b0c0000 - 0x00007ffe1b1d7000 	C:\Windows\System32\gdi32full.dll
0x00007ffe1aaf0000 - 0x00007ffe1ab8d000 	C:\Windows\System32\msvcp_win.dll
0x00007ffe034c0000 - 0x00007ffe0375a000 	C:\Windows\WinSxS\amd64_microsoft.windows.common-controls_6595b64144ccf1df_6.0.19041.4355_none_60b8b9eb71f62e16\COMCTL32.dll
0x00007ffe1c9d0000 - 0x00007ffe1ca6e000 	C:\Windows\System32\msvcrt.dll
0x00007ffe1cae0000 - 0x00007ffe1cb0f000 	C:\Windows\System32\IMM32.DLL
0x00007ffe13790000 - 0x00007ffe1379c000 	C:\Users\AHS\.p2\pool\plugins\org.eclipse.justj.openjdk.hotspot.jre.full.win32.x86_64_23.0.1.v20241024-1700\jre\bin\vcruntime140_1.dll
0x00007ffde7fe0000 - 0x00007ffde806d000 	C:\Users\AHS\.p2\pool\plugins\org.eclipse.justj.openjdk.hotspot.jre.full.win32.x86_64_23.0.1.v20241024-1700\jre\bin\msvcp140.dll
0x00007ffdcdc00000 - 0x00007ffdce9cd000 	C:\Users\AHS\.p2\pool\plugins\org.eclipse.justj.openjdk.hotspot.jre.full.win32.x86_64_23.0.1.v20241024-1700\jre\bin\server\jvm.dll
0x00007ffe1cf70000 - 0x00007ffe1d022000 	C:\Windows\System32\ADVAPI32.dll
0x00007ffe1d370000 - 0x00007ffe1d410000 	C:\Windows\System32\sechost.dll
0x00007ffe1cb20000 - 0x00007ffe1cc43000 	C:\Windows\System32\RPCRT4.dll
0x00007ffe1b270000 - 0x00007ffe1b297000 	C:\Windows\System32\bcrypt.dll
0x00007ffe1d300000 - 0x00007ffe1d36b000 	C:\Windows\System32\WS2_32.dll
0x00007ffe0c550000 - 0x00007ffe0c577000 	C:\Windows\SYSTEM32\WINMM.dll
0x00007ffe1a4d0000 - 0x00007ffe1a51b000 	C:\Windows\SYSTEM32\POWRPROF.dll
0x00007ffe0db60000 - 0x00007ffe0db6a000 	C:\Windows\SYSTEM32\VERSION.dll
0x00007ffe1a460000 - 0x00007ffe1a472000 	C:\Windows\SYSTEM32\UMPDC.dll
0x00007ffe19340000 - 0x00007ffe19352000 	C:\Windows\SYSTEM32\kernel.appcore.dll
0x00007ffe10530000 - 0x00007ffe1053a000 	C:\Users\AHS\.p2\pool\plugins\org.eclipse.justj.openjdk.hotspot.jre.full.win32.x86_64_23.0.1.v20241024-1700\jre\bin\jimage.dll
0x00007ffe15820000 - 0x00007ffe15a04000 	C:\Windows\SYSTEM32\DBGHELP.DLL
0x00007ffdfeae0000 - 0x00007ffdfeb14000 	C:\Windows\SYSTEM32\dbgcore.DLL
0x00007ffe1b1e0000 - 0x00007ffe1b262000 	C:\Windows\System32\bcryptPrimitives.dll
0x00007ffe094c0000 - 0x00007ffe094fc000 	C:\Users\AHS\.p2\pool\plugins\org.eclipse.justj.openjdk.hotspot.jre.full.win32.x86_64_23.0.1.v20241024-1700\jre\bin\jdwp.dll
0x00007ffe10410000 - 0x00007ffe1041f000 	C:\Users\AHS\.p2\pool\plugins\org.eclipse.justj.openjdk.hotspot.jre.full.win32.x86_64_23.0.1.v20241024-1700\jre\bin\instrument.dll
0x00007ffe09f50000 - 0x00007ffe09f6e000 	C:\Users\AHS\.p2\pool\plugins\org.eclipse.justj.openjdk.hotspot.jre.full.win32.x86_64_23.0.1.v20241024-1700\jre\bin\java.dll
0x00007ffe1cca0000 - 0x00007ffe1cdcb000 	C:\Windows\System32\ole32.dll
0x00007ffe1b750000 - 0x00007ffe1baa3000 	C:\Windows\System32\combase.dll
0x00007ffe1bb10000 - 0x00007ffe1c27f000 	C:\Windows\System32\SHELL32.dll
0x00007ffe15a10000 - 0x00007ffe161b4000 	C:\Windows\SYSTEM32\windows.storage.dll
0x00007ffe1a520000 - 0x00007ffe1a54e000 	C:\Windows\SYSTEM32\Wldp.dll
0x00007ffe1d110000 - 0x00007ffe1d1dd000 	C:\Windows\System32\OLEAUT32.dll
0x00007ffe1d250000 - 0x00007ffe1d2fd000 	C:\Windows\System32\SHCORE.dll
0x00007ffe1bab0000 - 0x00007ffe1bb05000 	C:\Windows\System32\shlwapi.dll
0x00007ffe1aa20000 - 0x00007ffe1aa44000 	C:\Windows\SYSTEM32\profapi.dll
0x00007ffe09ee0000 - 0x00007ffe09ef7000 	C:\Users\AHS\.p2\pool\plugins\org.eclipse.justj.openjdk.hotspot.jre.full.win32.x86_64_23.0.1.v20241024-1700\jre\bin\zip.dll
0x00007ffe0f4f0000 - 0x00007ffe0f4fc000 	C:\Users\AHS\.p2\pool\plugins\org.eclipse.justj.openjdk.hotspot.jre.full.win32.x86_64_23.0.1.v20241024-1700\jre\bin\dt_socket.dll
0x00007ffe19e90000 - 0x00007ffe19ecb000 	C:\Windows\SYSTEM32\IPHLPAPI.DLL
0x00007ffe1a210000 - 0x00007ffe1a27a000 	C:\Windows\system32\mswsock.dll
0x00007ffe19ed0000 - 0x00007ffe19f9a000 	C:\Windows\SYSTEM32\DNSAPI.dll
0x00007ffe1cb10000 - 0x00007ffe1cb18000 	C:\Windows\System32\NSI.dll
0x00007ffe0b1e0000 - 0x00007ffe0b1ea000 	C:\Windows\System32\rasadhlp.dll
0x00007ffe042b0000 - 0x00007ffe04330000 	C:\Windows\System32\fwpuclnt.dll
0x00007ffe104f0000 - 0x00007ffe10500000 	C:\Users\AHS\.p2\pool\plugins\org.eclipse.justj.openjdk.hotspot.jre.full.win32.x86_64_23.0.1.v20241024-1700\jre\bin\net.dll
0x00007ffe09ec0000 - 0x00007ffe09ed6000 	C:\Users\AHS\.p2\pool\plugins\org.eclipse.justj.openjdk.hotspot.jre.full.win32.x86_64_23.0.1.v20241024-1700\jre\bin\nio.dll
0x00007ffe0fd80000 - 0x00007ffe0fd90000 	C:\Users\AHS\.p2\pool\plugins\org.eclipse.justj.openjdk.hotspot.jre.full.win32.x86_64_23.0.1.v20241024-1700\jre\bin\verify.dll
0x00007ffe0a3c0000 - 0x00007ffe0a3ca000 	C:\Users\AHS\.p2\pool\plugins\org.eclipse.justj.openjdk.hotspot.jre.full.win32.x86_64_23.0.1.v20241024-1700\jre\bin\management.dll
0x00007ffe0a2b0000 - 0x00007ffe0a2bb000 	C:\Users\AHS\.p2\pool\plugins\org.eclipse.justj.openjdk.hotspot.jre.full.win32.x86_64_23.0.1.v20241024-1700\jre\bin\management_ext.dll
0x00007ffe1d240000 - 0x00007ffe1d248000 	C:\Windows\System32\PSAPI.DLL
0x00007ffe0fbd0000 - 0x00007ffe0fbde000 	C:\Users\AHS\.p2\pool\plugins\org.eclipse.justj.openjdk.hotspot.jre.full.win32.x86_64_23.0.1.v20241024-1700\jre\bin\sunmscapi.dll
0x00007ffe1b2a0000 - 0x00007ffe1b3fc000 	C:\Windows\System32\CRYPT32.dll
0x00007ffe1a590000 - 0x00007ffe1a5b7000 	C:\Windows\SYSTEM32\ncrypt.dll
0x00007ffe1a550000 - 0x00007ffe1a58b000 	C:\Windows\SYSTEM32\NTASN1.dll
0x00007ffe1a410000 - 0x00007ffe1a428000 	C:\Windows\SYSTEM32\CRYPTSP.dll
0x00007ffe19ad0000 - 0x00007ffe19b04000 	C:\Windows\system32\rsaenh.dll
0x00007ffe1a9e0000 - 0x00007ffe1aa0e000 	C:\Windows\SYSTEM32\USERENV.dll
0x00007ffe1a400000 - 0x00007ffe1a40c000 	C:\Windows\SYSTEM32\CRYPTBASE.dll
0x00007ffe0f8b0000 - 0x00007ffe0f8b9000 	C:\Users\AHS\.p2\pool\plugins\org.eclipse.justj.openjdk.hotspot.jre.full.win32.x86_64_23.0.1.v20241024-1700\jre\bin\extnet.dll
0x00007ffe0c580000 - 0x00007ffe0c587000 	C:\Windows\system32\wshunix.dll

dbghelp: loaded successfully - version: 4.0.5 - missing functions: none
symbol engine: initialized successfully - sym options: 0x614 - pdb path: .;C:\Users\AHS\.p2\pool\plugins\org.eclipse.justj.openjdk.hotspot.jre.full.win32.x86_64_23.0.1.v20241024-1700\jre\bin;C:\Windows\SYSTEM32;C:\Windows\WinSxS\amd64_microsoft.windows.common-controls_6595b64144ccf1df_6.0.19041.4355_none_60b8b9eb71f62e16;C:\Users\AHS\.p2\pool\plugins\org.eclipse.justj.openjdk.hotspot.jre.full.win32.x86_64_23.0.1.v20241024-1700\jre\bin\server

VM Arguments:
jvm_args: -XX:+ShowCodeDetailsInExceptionMessages -agentlib:jdwp=transport=dt_socket,suspend=y,address=localhost:64605 -javaagent:C:\Users\AHS\eclipse\jee-2024-09\eclipse\configuration\org.eclipse.osgi\446\0\.cp\lib\javaagent-shaded.jar -Dfile.encoding=UTF-8 -Dstdout.encoding=UTF-8 -Dstderr.encoding=UTF-8 
java_command: com.health.houseOfNature.HouseOfNatureApplication
java_class_path (initial): C:\Users\AHS\Downloads\spring initializers\houseOfNature\houseOfNature\target\classes;C:\Users\AHS\.m2\repository\org\springframework\boot\spring-boot-starter-data-jdbc\3.4.0\spring-boot-starter-data-jdbc-3.4.0.jar;C:\Users\AHS\.m2\repository\org\springframework\data\spring-data-jdbc\3.4.0\spring-data-jdbc-3.4.0.jar;C:\Users\AHS\.m2\repository\org\springframework\data\spring-data-relational\3.4.0\spring-data-relational-3.4.0.jar;C:\Users\AHS\.m2\repository\org\springframework\data\spring-data-commons\3.4.0\spring-data-commons-3.4.0.jar;C:\Users\AHS\.m2\repository\org\springframework\spring-tx\6.2.0\spring-tx-6.2.0.jar;C:\Users\AHS\.m2\repository\org\springframework\spring-context\6.2.0\spring-context-6.2.0.jar;C:\Users\AHS\.m2\repository\org\springframework\spring-beans\6.2.0\spring-beans-6.2.0.jar;C:\Users\AHS\.m2\repository\org\slf4j\slf4j-api\2.0.16\slf4j-api-2.0.16.jar;C:\Users\AHS\.m2\repository\org\springframework\boot\spring-boot-starter-data-jpa\3.4.0\spring-boot-starter-data-jpa-3.4.0.jar;C:\Users\AHS\.m2\repository\org\springframework\boot\spring-boot-starter\3.4.0\spring-boot-starter-3.4.0.jar;C:\Users\AHS\.m2\repository\org\springframework\boot\spring-boot-starter-logging\3.4.0\spring-boot-starter-logging-3.4.0.jar;C:\Users\AHS\.m2\repository\ch\qos\logback\logback-classic\1.5.12\logback-classic-1.5.12.jar;C:\Users\AHS\.m2\repository\ch\qos\logback\logback-core\1.5.12\logback-core-1.5.12.jar;C:\Users\AHS\.m2\repository\org\apache\logging\log4j\log4j-to-slf4j\2.24.1\log4j-to-slf4j-2.24.1.jar;C:\Users\AHS\.m2\repository\org\apache\logging\log4j\log4j-api\2.24.1\log4j-api-2.24.1.jar;C:\Users\AHS\.m2\repository\org\slf4j\jul-to-slf4j\2.0.16\jul-to-slf4j-2.0.16.jar;C:\Users\AHS\.m2\repository\jakarta\annotation\jakarta.annotation-api\2.1.1\jakarta.annotation-api-2.1.1.jar;C:\Users\AHS\.m2\repository\org\yaml\snakeyaml\2.3\snakeyaml-2.3.jar;C:\Users\AHS\.m2\repository\org\hibernate\orm\hibernate-core\6.6.2.Final\hibernate-core-6.6.2.Final.jar;C:\Users\AHS\.m2\repository\jakarta\persistence\jakarta.persistence-api\3.1.0\jakarta.persistence-api-3.1.0.jar;C:\Users\AHS\.m2\repository\jakarta\transaction\jakarta.transaction-api\2.0.1\jakarta.transaction-api-2.0.1.jar;C:\Users\AHS\.m2\repository\org\jboss\logging\jboss-logging\3.6.1.Final\jboss-logging-3.6.1.Final.jar;C:\Users\AHS\.m2\repository\org\hibernate\common\hibernate-commons-annotations\7.0.3.Final\hibernate-commons-annotations-7.0.3.Final.jar;C:\Users\AHS\.m2\repository\io\smallrye\jandex\3.2.0\jandex-3.2.0.jar;C:\Users\AHS\.m2\repository\com\fasterxml\classmate\1.7.0\classmate-1.7.0.jar;C:\Users\AHS\.m2\repository\net\bytebuddy\byte-buddy\1.15.10\byte-buddy-1.15.10.jar;C:\Users\AHS\.m2\repository\org\glassfish\jaxb\jaxb-runtime\4.0.5\jaxb-runtime-4.0.5.jar;C:\Users\AHS\.m2\repository\org\glassfish\jaxb\jaxb-core\4.0.5\jaxb-core-4.0.5.jar;C:\Users\AHS\.m2\repository\org\eclipse\angus\angus-activation\2.0.2\angus-activation-2.0.2.jar;C:\Users\AHS\.m2\repository\org\glassfish\jaxb\txw2\4.0.5\txw2-4.0.5.jar;C:\Users\AHS\.m2\repository\com\sun\istack\istack-commons-runtime\4.1.2\istack-commons-runtime-4.1.2.jar;C:\Users\AHS\.m2\repository\jakarta\inject\jakarta.inject-api\2.0.1\jakarta.inject-api-2.0.1.jar;C:\Users\AHS\.m2\repository\org\antlr\antlr4-runtime\4.13.0\antlr4-runtime-4.13.0.jar;C:\Users\AHS\.m2\repository\org\springframework\data\spring-data-jpa\3.4.0\spring-data-jpa-3.4.0.jar;C:\Users\AHS\.m2\repository\org\springframework\spring-orm\6.2.0\spring-orm-6.2.0.jar;C:\Users\AHS\.m2\repository\org\springframework\spring-aop\6.2.0\spring-aop-6.2.0.jar;C:\Users\AHS\.m2\repository\org\springframework\spring-aspects\6.2.0\spring-aspects-6.2.0.jar;C:\Users\AHS\.m2\repository\org\aspectj\aspectjweaver\1.9.22.1\aspectjweaver-1.9.22.1.jar;C:\Users\AHS\.m2\repository\org\springframework\boot\spring-boot-starter-jdbc\3.4.0\spring-boot-starter-jdbc-3.4.0.jar;C:\Users\AHS\.m2\repository\com\zaxxer\HikariCP\5.1.0\HikariCP-5.1.0.jar;C:\Users\AHS\.m2\repository\org\springframework\spring-jdbc\6.2.0\spring-jdbc-6.2.0.jar;C:\Users\AHS\.m2\repository\org\springframework\boot\spring-boot-starter-web\3.4.0\spring-boot-starter-web-3.4.0.jar;C:\Users\AHS\.m2\repository\org\springframework\boot\spring-boot-starter-json\3.4.0\spring-boot-starter-json-3.4.0.jar;C:\Users\AHS\.m2\repository\com\fasterxml\jackson\core\jackson-databind\2.18.1\jackson-databind-2.18.1.jar;C:\Users\AHS\.m2\repository\com\fasterxml\jackson\core\jackson-annotations\2.18.1\jackson-annotations-2.18.1.jar;C:\Users\AHS\.m2\repository\com\fasterxml\jackson\core\jackson-core\2.18.1\jackson-core-2.18.1.jar;C:\Users\AHS\.m2\repository\com\fasterxml\jackson\datatype\jackson-datatype-jdk8\2.18.1\jackson-datatype-jdk8-2.18.1.jar;C:\Users\AHS\.m2\repository\com\fasterxml\jackson\datatype\jackson-datatype-jsr310\2.18.1\jackson-datatype-jsr310-2.18.1.jar;C:\Users\AHS\.m2\repository\com\fasterxml\jackson\module\jackson-module-parameter-names\2.18.1\jackson-module-parameter-names-2.18.1.jar;C:\Users\AHS\.m2\repository\org\springframework\boot\spring-boot-starter-tomcat\3.4.0\spring-boot-starter-tomcat-3.4.0.jar;C:\Users\AHS\.m2\repository\org\apache\tomcat\embed\tomcat-embed-core\10.1.33\tomcat-embed-core-10.1.33.jar;C:\Users\AHS\.m2\repository\org\apache\tomcat\embed\tomcat-embed-el\10.1.33\tomcat-embed-el-10.1.33.jar;C:\Users\AHS\.m2\repository\org\apache\tomcat\embed\tomcat-embed-websocket\10.1.33\tomcat-embed-websocket-10.1.33.jar;C:\Users\AHS\.m2\repository\org\springframework\spring-web\6.2.0\spring-web-6.2.0.jar;C:\Users\AHS\.m2\repository\io\micrometer\micrometer-observation\1.14.1\micrometer-observation-1.14.1.jar;C:\Users\AHS\.m2\repository\io\micrometer\micrometer-commons\1.14.1\micrometer-commons-1.14.1.jar;C:\Users\AHS\.m2\repository\org\springframework\spring-webmvc\6.2.0\spring-webmvc-6.2.0.jar;C:\Users\AHS\.m2\repository\org\springframework\spring-expression\6.2.0\spring-expression-6.2.0.jar;C:\Users\AHS\.m2\repository\org\springframework\boot\spring-boot-devtools\3.4.0\spring-boot-devtools-3.4.0.jar;C:\Users\AHS\.m2\repository\org\springframework\boot\spring-boot\3.4.0\spring-boot-3.4.0.jar;C:\Users\AHS\.m2\repository\org\springframework\boot\spring-boot-autoconfigure\3.4.0\spring-boot-autoconfigure-3.4.0.jar;C:\Users\AHS\.m2\repository\com\mysql\mysql-connector-j\9.1.0\mysql-connector-j-9.1.0.jar;C:\Users\AHS\.m2\repository\org\projectlombok\lombok\1.18.36\lombok-1.18.36.jar;C:\Users\AHS\.m2\repository\jakarta\xml\bind\jakarta.xml.bind-api\4.0.2\jakarta.xml.bind-api-4.0.2.jar;C:\Users\AHS\.m2\repository\jakarta\activation\jakarta.activation-api\2.1.3\jakarta.activation-api-2.1.3.jar;C:\Users\AHS\.m2\repository\org\springframework\spring-core\6.2.0\spring-core-6.2.0.jar;C:\Users\AHS\.m2\repository\org\springframework\spring-jcl\6.2.0\spring-jcl-6.2.0.jar;C:\Users\AHS\Downloads\AssignmentSubmissionApp\target\classes;C:\Users\AHS\.m2\repository\org\springframework\boot\spring-boot-starter-security\3.4.0\spring-boot-starter-security-3.4.0.jar;C:\Users\AHS\.m2\repository\org\springframework\security\spring-security-config\6.4.1\spring-security-config-6.4.1.jar;C:\Users\AHS\.m2\repository\org\springframework\security\spring-security-web\6.4.1\spring-security-web-6.4.1.jar;C:\Users\AHS\.m2\repository\org\springframework\security\spring-security-core\6.4.1\spring-security-core-6.4.1.jar;C:\Users\AHS\.m2\repository\org\springframework\security\spring-security-crypto\6.4.1\spring-security-crypto-6.4.1.jar;C:\Users\AHS\.m2\repository\io\jsonwebtoken\jjwt\0.9.1\jjwt-0.9.1.jar;C:\Users\AHS\.m2\repository\javax\xml\bind\jaxb-api\2.3.1\jaxb-api-2.3.1.jar;C:\Users\AHS\.m2\repository\javax\activation\javax.activation-api\1.2.0\javax.activation-api-1.2.0.jar
Launcher Type: SUN_STANDARD

[Global flags]
     intx CICompilerCount                          = 3                                         {product} {ergonomic}
     uint ConcGCThreads                            = 1                                         {product} {ergonomic}
     uint G1ConcRefinementThreads                  = 4                                         {product} {ergonomic}
   size_t G1HeapRegionSize                         = 1048576                                   {product} {ergonomic}
   size_t InitialHeapSize                          = 134217728                                 {product} {ergonomic}
   size_t MarkStackSize                            = 4194304                                   {product} {ergonomic}
   size_t MarkStackSizeMax                         = 536870912                                 {product} {ergonomic}
   size_t MaxHeapSize                              = 2116026368                                {product} {ergonomic}
   size_t MaxNewSize                               = 1268776960                                {product} {ergonomic}
   size_t MinHeapDeltaBytes                        = 1048576                                   {product} {ergonomic}
   size_t MinHeapSize                              = 8388608                                   {product} {ergonomic}
    uintx NonNMethodCodeHeapSize                   = 5832704                                {pd product} {ergonomic}
    uintx NonProfiledCodeHeapSize                  = 122945536                              {pd product} {ergonomic}
    uintx ProfiledCodeHeapSize                     = 122880000                              {pd product} {ergonomic}
    uintx ReservedCodeCacheSize                    = 251658240                              {pd product} {ergonomic}
     bool SegmentedCodeCache                       = true                                      {product} {ergonomic}
     bool ShowCodeDetailsInExceptionMessages       = true                                   {manageable} {command line}
   size_t SoftMaxHeapSize                          = 2116026368                             {manageable} {ergonomic}
     bool UseCompressedOops                        = true                           {product lp64_product} {ergonomic}
     bool UseG1GC                                  = true                                      {product} {ergonomic}
     bool UseLargePagesIndividualAllocation        = false                                  {pd product} {ergonomic}

Logging:
Log output configuration:
 #0: stdout all=warning uptime,level,tags foldmultilines=false
 #1: stderr all=off uptime,level,tags foldmultilines=false

Environment Variables:
PATH=C:\Users\AHS\.p2\pool\plugins\org.eclipse.justj.openjdk.hotspot.jre.full.win32.x86_64_23.0.1.v20241024-1700\jre\bin;C:/Users/AHS/.p2/pool/plugins/org.eclipse.justj.openjdk.hotspot.jre.full.win32.x86_64_23.0.1.v20241024-1700/jre/bin/server;C:/Users/AHS/.p2/pool/plugins/org.eclipse.justj.openjdk.hotspot.jre.full.win32.x86_64_23.0.1.v20241024-1700/jre/bin;C:\Python312\Scripts\;C:\Python312\;C:\Program Files\Common Files\Oracle\Java\javapath;C:\Windows\system32;C:\Windows;C:\Windows\System32\Wbem;C:\Windows\System32\WindowsPowerShell\v1.0\;C:\Windows\System32\OpenSSH\;C:\Program Files\nodejs\;C:\ProgramData\chocolatey\bin;C:\Users\AHS\AppData\Local\Microsoft\WindowsApps;C:\Users\AHS\AppData\Local\Programs\Microsoft VS Code\bin;C:\Users\AHS\AppData\Local\Microsoft\WinGet\Packages\Schniz.fnm_Microsoft.Winget.Source_8wekyb3d8bbwe;C:\Users\AHS\AppData\Roaming\npm;C:\Users\AHS\OneDrive\Desktop;
USERNAME=AHS
OS=Windows_NT
PROCESSOR_IDENTIFIER=Intel64 Family 6 Model 142 Stepping 9, GenuineIntel
TMP=C:\Users\AHS\AppData\Local\Temp
TEMP=C:\Users\AHS\AppData\Local\Temp




Periodic native trim disabled

---------------  S Y S T E M  ---------------

OS:
 Windows 10 , 64 bit Build 19041 (10.0.19041.4957)
OS uptime: 27 days 15:33 hours

CPU: total 4 (initial active 4) (2 cores per cpu, 2 threads per core) family 6 model 142 stepping 9 microcode 0xf0, cx8, cmov, fxsr, ht, mmx, 3dnowpref, sse, sse2, sse3, ssse3, sse4.1, sse4.2, popcnt, lzcnt, tsc, tscinvbit, avx, avx2, aes, erms, clmul, bmi1, bmi2, adx, fma, vzeroupper, clflush, clflushopt, rdtscp, f16c
Processor Information for the first 4 processors :
  Max Mhz: 2712, Current Mhz: 2511, Mhz Limit: 2495

Memory: 4k page, system-wide physical 8067M (570M free)
TotalPageFile size 23512M (AvailPageFile size 3904M)
current process WorkingSet (physical memory assigned to process): 366M, peak: 388M
current process commit charge ("private bytes"): 428M, peak: 521M

vm_info: OpenJDK 64-Bit Server VM (23.0.1+11) for windows-amd64 JRE (23.0.1+11), built on 2024-10-15T00:00:00Z with MS VC++ 17.7 (VS2022)

END.
